2023-10-09 09:24:53,708 [Worker-2: Loading available Gradle versions] INFO  o.e.b.c.i.u.g.PublishedGradleVersions - Gradle version information cache is up-to-date. Trying to read.
2023-10-09 09:26:31,614 [Worker-22: Launching mavenrun-f926de53-b3c3-4175-b03a-6123ccc7c754] INFO  o.eclipse.m2e.core.internal.Bundles - getClasspathEntries(Bundle=org.eclipse.m2e.maven.runtime_3.8.701.20230209-1606 [610])
2023-10-09 09:26:31,635 [Worker-22: Launching mavenrun-f926de53-b3c3-4175-b03a-6123ccc7c754] INFO  o.eclipse.m2e.core.internal.Bundles - 	Entry: C:\Users\anirudhm\Downloads\eclipse-jee-2023-03-R-win32-x86_64\eclipse\plugins\org.eclipse.m2e.maven.runtime_3.8.701.20230209-1606
2023-10-09 09:26:31,635 [Worker-22: Launching mavenrun-f926de53-b3c3-4175-b03a-6123ccc7c754] INFO  o.eclipse.m2e.core.internal.Bundles - 	Entry: C:\Users\anirudhm\Downloads\eclipse-jee-2023-03-R-win32-x86_64\eclipse\plugins\org.eclipse.m2e.maven.runtime_3.8.701.20230209-1606\jars\aether-connector-okhttp-0.17.8.jar
2023-10-09 09:26:31,636 [Worker-22: Launching mavenrun-f926de53-b3c3-4175-b03a-6123ccc7c754] INFO  o.eclipse.m2e.core.internal.Bundles - 	Entry: C:\Users\anirudhm\Downloads\eclipse-jee-2023-03-R-win32-x86_64\eclipse\plugins\org.eclipse.m2e.maven.runtime_3.8.701.20230209-1606\jars\commons-lang3-3.8.1.jar
2023-10-09 09:26:31,636 [Worker-22: Launching mavenrun-f926de53-b3c3-4175-b03a-6123ccc7c754] INFO  o.eclipse.m2e.core.internal.Bundles - 	Entry: C:\Users\anirudhm\Downloads\eclipse-jee-2023-03-R-win32-x86_64\eclipse\plugins\org.eclipse.m2e.maven.runtime_3.8.701.20230209-1606\jars\guice-4.2.2-no_aop.jar
2023-10-09 09:26:31,636 [Worker-22: Launching mavenrun-f926de53-b3c3-4175-b03a-6123ccc7c754] INFO  o.eclipse.m2e.core.internal.Bundles - 	Entry: C:\Users\anirudhm\Downloads\eclipse-jee-2023-03-R-win32-x86_64\eclipse\plugins\org.eclipse.m2e.maven.runtime_3.8.701.20230209-1606\jars\jansi-2.4.0.jar
2023-10-09 09:26:31,637 [Worker-22: Launching mavenrun-f926de53-b3c3-4175-b03a-6123ccc7c754] INFO  o.eclipse.m2e.core.internal.Bundles - 	Entry: C:\Users\anirudhm\Downloads\eclipse-jee-2023-03-R-win32-x86_64\eclipse\plugins\org.eclipse.m2e.maven.runtime_3.8.701.20230209-1606\jars\maven-artifact-3.8.7.jar
2023-10-09 09:26:31,637 [Worker-22: Launching mavenrun-f926de53-b3c3-4175-b03a-6123ccc7c754] INFO  o.eclipse.m2e.core.internal.Bundles - 	Entry: C:\Users\anirudhm\Downloads\eclipse-jee-2023-03-R-win32-x86_64\eclipse\plugins\org.eclipse.m2e.maven.runtime_3.8.701.20230209-1606\jars\maven-builder-support-3.8.7.jar
2023-10-09 09:26:31,637 [Worker-22: Launching mavenrun-f926de53-b3c3-4175-b03a-6123ccc7c754] INFO  o.eclipse.m2e.core.internal.Bundles - 	Entry: C:\Users\anirudhm\Downloads\eclipse-jee-2023-03-R-win32-x86_64\eclipse\plugins\org.eclipse.m2e.maven.runtime_3.8.701.20230209-1606\jars\maven-compat-3.8.7.jar
2023-10-09 09:26:31,637 [Worker-22: Launching mavenrun-f926de53-b3c3-4175-b03a-6123ccc7c754] INFO  o.eclipse.m2e.core.internal.Bundles - 	Entry: C:\Users\anirudhm\Downloads\eclipse-jee-2023-03-R-win32-x86_64\eclipse\plugins\org.eclipse.m2e.maven.runtime_3.8.701.20230209-1606\jars\maven-core-3.8.7.jar
2023-10-09 09:26:31,638 [Worker-22: Launching mavenrun-f926de53-b3c3-4175-b03a-6123ccc7c754] INFO  o.eclipse.m2e.core.internal.Bundles - 	Entry: C:\Users\anirudhm\Downloads\eclipse-jee-2023-03-R-win32-x86_64\eclipse\plugins\org.eclipse.m2e.maven.runtime_3.8.701.20230209-1606\jars\maven-embedder-3.8.7.jar
2023-10-09 09:26:31,638 [Worker-22: Launching mavenrun-f926de53-b3c3-4175-b03a-6123ccc7c754] INFO  o.eclipse.m2e.core.internal.Bundles - 	Entry: C:\Users\anirudhm\Downloads\eclipse-jee-2023-03-R-win32-x86_64\eclipse\plugins\org.eclipse.m2e.maven.runtime_3.8.701.20230209-1606\jars\maven-model-3.8.7.jar
2023-10-09 09:26:31,638 [Worker-22: Launching mavenrun-f926de53-b3c3-4175-b03a-6123ccc7c754] INFO  o.eclipse.m2e.core.internal.Bundles - 	Entry: C:\Users\anirudhm\Downloads\eclipse-jee-2023-03-R-win32-x86_64\eclipse\plugins\org.eclipse.m2e.maven.runtime_3.8.701.20230209-1606\jars\maven-model-builder-3.8.7.jar
2023-10-09 09:26:31,638 [Worker-22: Launching mavenrun-f926de53-b3c3-4175-b03a-6123ccc7c754] INFO  o.eclipse.m2e.core.internal.Bundles - 	Entry: C:\Users\anirudhm\Downloads\eclipse-jee-2023-03-R-win32-x86_64\eclipse\plugins\org.eclipse.m2e.maven.runtime_3.8.701.20230209-1606\jars\maven-plugin-api-3.8.7.jar
2023-10-09 09:26:31,638 [Worker-22: Launching mavenrun-f926de53-b3c3-4175-b03a-6123ccc7c754] INFO  o.eclipse.m2e.core.internal.Bundles - 	Entry: C:\Users\anirudhm\Downloads\eclipse-jee-2023-03-R-win32-x86_64\eclipse\plugins\org.eclipse.m2e.maven.runtime_3.8.701.20230209-1606\jars\maven-repository-metadata-3.8.7.jar
2023-10-09 09:26:31,639 [Worker-22: Launching mavenrun-f926de53-b3c3-4175-b03a-6123ccc7c754] INFO  o.eclipse.m2e.core.internal.Bundles - 	Entry: C:\Users\anirudhm\Downloads\eclipse-jee-2023-03-R-win32-x86_64\eclipse\plugins\org.eclipse.m2e.maven.runtime_3.8.701.20230209-1606\jars\maven-resolver-api-1.6.3.jar
2023-10-09 09:26:31,639 [Worker-22: Launching mavenrun-f926de53-b3c3-4175-b03a-6123ccc7c754] INFO  o.eclipse.m2e.core.internal.Bundles - 	Entry: C:\Users\anirudhm\Downloads\eclipse-jee-2023-03-R-win32-x86_64\eclipse\plugins\org.eclipse.m2e.maven.runtime_3.8.701.20230209-1606\jars\maven-resolver-connector-basic-1.6.3.jar
2023-10-09 09:26:31,639 [Worker-22: Launching mavenrun-f926de53-b3c3-4175-b03a-6123ccc7c754] INFO  o.eclipse.m2e.core.internal.Bundles - 	Entry: C:\Users\anirudhm\Downloads\eclipse-jee-2023-03-R-win32-x86_64\eclipse\plugins\org.eclipse.m2e.maven.runtime_3.8.701.20230209-1606\jars\maven-resolver-impl-1.6.3.jar
2023-10-09 09:26:31,639 [Worker-22: Launching mavenrun-f926de53-b3c3-4175-b03a-6123ccc7c754] INFO  o.eclipse.m2e.core.internal.Bundles - 	Entry: C:\Users\anirudhm\Downloads\eclipse-jee-2023-03-R-win32-x86_64\eclipse\plugins\org.eclipse.m2e.maven.runtime_3.8.701.20230209-1606\jars\maven-resolver-provider-3.8.7.jar
2023-10-09 09:26:31,640 [Worker-22: Launching mavenrun-f926de53-b3c3-4175-b03a-6123ccc7c754] INFO  o.eclipse.m2e.core.internal.Bundles - 	Entry: C:\Users\anirudhm\Downloads\eclipse-jee-2023-03-R-win32-x86_64\eclipse\plugins\org.eclipse.m2e.maven.runtime_3.8.701.20230209-1606\jars\maven-resolver-spi-1.6.3.jar
2023-10-09 09:26:31,640 [Worker-22: Launching mavenrun-f926de53-b3c3-4175-b03a-6123ccc7c754] INFO  o.eclipse.m2e.core.internal.Bundles - 	Entry: C:\Users\anirudhm\Downloads\eclipse-jee-2023-03-R-win32-x86_64\eclipse\plugins\org.eclipse.m2e.maven.runtime_3.8.701.20230209-1606\jars\maven-resolver-transport-wagon-1.6.3.jar
2023-10-09 09:26:31,641 [Worker-22: Launching mavenrun-f926de53-b3c3-4175-b03a-6123ccc7c754] INFO  o.eclipse.m2e.core.internal.Bundles - 	Entry: C:\Users\anirudhm\Downloads\eclipse-jee-2023-03-R-win32-x86_64\eclipse\plugins\org.eclipse.m2e.maven.runtime_3.8.701.20230209-1606\jars\maven-resolver-util-1.6.3.jar
2023-10-09 09:26:31,641 [Worker-22: Launching mavenrun-f926de53-b3c3-4175-b03a-6123ccc7c754] INFO  o.eclipse.m2e.core.internal.Bundles - 	Entry: C:\Users\anirudhm\Downloads\eclipse-jee-2023-03-R-win32-x86_64\eclipse\plugins\org.eclipse.m2e.maven.runtime_3.8.701.20230209-1606\jars\maven-settings-3.8.7.jar
2023-10-09 09:26:31,641 [Worker-22: Launching mavenrun-f926de53-b3c3-4175-b03a-6123ccc7c754] INFO  o.eclipse.m2e.core.internal.Bundles - 	Entry: C:\Users\anirudhm\Downloads\eclipse-jee-2023-03-R-win32-x86_64\eclipse\plugins\org.eclipse.m2e.maven.runtime_3.8.701.20230209-1606\jars\maven-settings-builder-3.8.7.jar
2023-10-09 09:26:31,641 [Worker-22: Launching mavenrun-f926de53-b3c3-4175-b03a-6123ccc7c754] INFO  o.eclipse.m2e.core.internal.Bundles - 	Entry: C:\Users\anirudhm\Downloads\eclipse-jee-2023-03-R-win32-x86_64\eclipse\plugins\org.eclipse.m2e.maven.runtime_3.8.701.20230209-1606\jars\maven-shared-utils-3.3.4.jar
2023-10-09 09:26:31,642 [Worker-22: Launching mavenrun-f926de53-b3c3-4175-b03a-6123ccc7c754] INFO  o.eclipse.m2e.core.internal.Bundles - 	Entry: C:\Users\anirudhm\Downloads\eclipse-jee-2023-03-R-win32-x86_64\eclipse\plugins\org.eclipse.m2e.maven.runtime_3.8.701.20230209-1606\jars\okhttp-3.14.1.jar
2023-10-09 09:26:31,642 [Worker-22: Launching mavenrun-f926de53-b3c3-4175-b03a-6123ccc7c754] INFO  o.eclipse.m2e.core.internal.Bundles - 	Entry: C:\Users\anirudhm\Downloads\eclipse-jee-2023-03-R-win32-x86_64\eclipse\plugins\org.eclipse.m2e.maven.runtime_3.8.701.20230209-1606\jars\okio-1.17.3.jar
2023-10-09 09:26:31,642 [Worker-22: Launching mavenrun-f926de53-b3c3-4175-b03a-6123ccc7c754] INFO  o.eclipse.m2e.core.internal.Bundles - 	Entry: C:\Users\anirudhm\Downloads\eclipse-jee-2023-03-R-win32-x86_64\eclipse\plugins\org.eclipse.m2e.maven.runtime_3.8.701.20230209-1606\jars\org.eclipse.sisu.inject-0.3.5.jar
2023-10-09 09:26:31,643 [Worker-22: Launching mavenrun-f926de53-b3c3-4175-b03a-6123ccc7c754] INFO  o.eclipse.m2e.core.internal.Bundles - 	Entry: C:\Users\anirudhm\Downloads\eclipse-jee-2023-03-R-win32-x86_64\eclipse\plugins\org.eclipse.m2e.maven.runtime_3.8.701.20230209-1606\jars\org.eclipse.sisu.plexus-0.3.5.jar
2023-10-09 09:26:31,644 [Worker-22: Launching mavenrun-f926de53-b3c3-4175-b03a-6123ccc7c754] INFO  o.eclipse.m2e.core.internal.Bundles - 	Entry: C:\Users\anirudhm\Downloads\eclipse-jee-2023-03-R-win32-x86_64\eclipse\plugins\org.eclipse.m2e.maven.runtime_3.8.701.20230209-1606\jars\plexus-build-api-0.0.7.jar
2023-10-09 09:26:31,645 [Worker-22: Launching mavenrun-f926de53-b3c3-4175-b03a-6123ccc7c754] INFO  o.eclipse.m2e.core.internal.Bundles - 	Entry: C:\Users\anirudhm\Downloads\eclipse-jee-2023-03-R-win32-x86_64\eclipse\plugins\org.eclipse.m2e.maven.runtime_3.8.701.20230209-1606\jars\plexus-cipher-2.0.jar
2023-10-09 09:26:31,645 [Worker-22: Launching mavenrun-f926de53-b3c3-4175-b03a-6123ccc7c754] INFO  o.eclipse.m2e.core.internal.Bundles - 	Entry: C:\Users\anirudhm\Downloads\eclipse-jee-2023-03-R-win32-x86_64\eclipse\plugins\org.eclipse.m2e.maven.runtime_3.8.701.20230209-1606\jars\plexus-classworlds-2.6.0.jar
2023-10-09 09:26:31,645 [Worker-22: Launching mavenrun-f926de53-b3c3-4175-b03a-6123ccc7c754] INFO  o.eclipse.m2e.core.internal.Bundles - 	Entry: C:\Users\anirudhm\Downloads\eclipse-jee-2023-03-R-win32-x86_64\eclipse\plugins\org.eclipse.m2e.maven.runtime_3.8.701.20230209-1606\jars\plexus-component-annotations-2.1.0.jar
2023-10-09 09:26:31,645 [Worker-22: Launching mavenrun-f926de53-b3c3-4175-b03a-6123ccc7c754] INFO  o.eclipse.m2e.core.internal.Bundles - 	Entry: C:\Users\anirudhm\Downloads\eclipse-jee-2023-03-R-win32-x86_64\eclipse\plugins\org.eclipse.m2e.maven.runtime_3.8.701.20230209-1606\jars\plexus-interpolation-1.26.jar
2023-10-09 09:26:31,646 [Worker-22: Launching mavenrun-f926de53-b3c3-4175-b03a-6123ccc7c754] INFO  o.eclipse.m2e.core.internal.Bundles - 	Entry: C:\Users\anirudhm\Downloads\eclipse-jee-2023-03-R-win32-x86_64\eclipse\plugins\org.eclipse.m2e.maven.runtime_3.8.701.20230209-1606\jars\plexus-sec-dispatcher-2.0.jar
2023-10-09 09:26:31,646 [Worker-22: Launching mavenrun-f926de53-b3c3-4175-b03a-6123ccc7c754] INFO  o.eclipse.m2e.core.internal.Bundles - 	Entry: C:\Users\anirudhm\Downloads\eclipse-jee-2023-03-R-win32-x86_64\eclipse\plugins\org.eclipse.m2e.maven.runtime_3.8.701.20230209-1606\jars\plexus-utils-3.3.1.jar
2023-10-09 09:26:31,646 [Worker-22: Launching mavenrun-f926de53-b3c3-4175-b03a-6123ccc7c754] INFO  o.eclipse.m2e.core.internal.Bundles - 	Entry: C:\Users\anirudhm\Downloads\eclipse-jee-2023-03-R-win32-x86_64\eclipse\plugins\org.eclipse.m2e.maven.runtime_3.8.701.20230209-1606\jars\wagon-file-3.5.3.jar
2023-10-09 09:26:31,647 [Worker-22: Launching mavenrun-f926de53-b3c3-4175-b03a-6123ccc7c754] INFO  o.eclipse.m2e.core.internal.Bundles - 	Entry: C:\Users\anirudhm\Downloads\eclipse-jee-2023-03-R-win32-x86_64\eclipse\plugins\org.eclipse.m2e.maven.runtime_3.8.701.20230209-1606\jars\wagon-provider-api-3.5.3.jar
2023-10-09 09:26:31,649 [Worker-22: Launching mavenrun-f926de53-b3c3-4175-b03a-6123ccc7c754] INFO  o.eclipse.m2e.core.internal.Bundles - getClasspathEntries(Bundle=com.google.guava_31.1.0.jre [11])
2023-10-09 09:26:31,650 [Worker-22: Launching mavenrun-f926de53-b3c3-4175-b03a-6123ccc7c754] INFO  o.eclipse.m2e.core.internal.Bundles - 	Entry: C:\Users\anirudhm\Downloads\eclipse-jee-2023-03-R-win32-x86_64\eclipse\plugins\com.google.guava_31.1.0.jre.jar
2023-10-09 09:26:31,651 [Worker-22: Launching mavenrun-f926de53-b3c3-4175-b03a-6123ccc7c754] INFO  o.eclipse.m2e.core.internal.Bundles - getClasspathEntries(Bundle=slf4j.api_1.7.36 [924])
2023-10-09 09:26:31,652 [Worker-22: Launching mavenrun-f926de53-b3c3-4175-b03a-6123ccc7c754] INFO  o.eclipse.m2e.core.internal.Bundles - 	Entry: C:\Users\anirudhm\Downloads\eclipse-jee-2023-03-R-win32-x86_64\eclipse\plugins\slf4j.api_1.7.36.jar
2023-10-09 09:26:31,652 [Worker-22: Launching mavenrun-f926de53-b3c3-4175-b03a-6123ccc7c754] INFO  o.eclipse.m2e.core.internal.Bundles - getClasspathEntries(Bundle=javax.inject_1.0.0.v20220405-0441 [35])
2023-10-09 09:26:31,654 [Worker-22: Launching mavenrun-f926de53-b3c3-4175-b03a-6123ccc7c754] INFO  o.eclipse.m2e.core.internal.Bundles - 	Entry: C:\Users\anirudhm\Downloads\eclipse-jee-2023-03-R-win32-x86_64\eclipse\plugins\javax.inject_1.0.0.v20220405-0441.jar
2023-10-09 09:26:31,654 [Worker-22: Launching mavenrun-f926de53-b3c3-4175-b03a-6123ccc7c754] INFO  o.eclipse.m2e.core.internal.Bundles - getClasspathEntries(Bundle=javax.annotation_1.3.5.v20221203-1659 [33])
2023-10-09 09:26:31,655 [Worker-22: Launching mavenrun-f926de53-b3c3-4175-b03a-6123ccc7c754] INFO  o.eclipse.m2e.core.internal.Bundles - 	Entry: C:\Users\anirudhm\Downloads\eclipse-jee-2023-03-R-win32-x86_64\eclipse\plugins\javax.annotation_1.3.5.v20221203-1659.jar
2023-10-09 09:26:31,656 [Worker-22: Launching mavenrun-f926de53-b3c3-4175-b03a-6123ccc7c754] INFO  o.eclipse.m2e.core.internal.Bundles - getClasspathEntries(Bundle=org.apache.commons.cli_1.4.0.v20221112-0806 [67])
2023-10-09 09:26:31,657 [Worker-22: Launching mavenrun-f926de53-b3c3-4175-b03a-6123ccc7c754] INFO  o.eclipse.m2e.core.internal.Bundles - 	Entry: C:\Users\anirudhm\Downloads\eclipse-jee-2023-03-R-win32-x86_64\eclipse\plugins\org.apache.commons.cli_1.4.0.v20221112-0806.jar
2023-10-09 09:26:31,657 [Worker-22: Launching mavenrun-f926de53-b3c3-4175-b03a-6123ccc7c754] INFO  o.eclipse.m2e.core.internal.Bundles - getClasspathEntries(Bundle=com.google.guava.failureaccess_1.0.1 [13])
2023-10-09 09:26:31,659 [Worker-22: Launching mavenrun-f926de53-b3c3-4175-b03a-6123ccc7c754] INFO  o.eclipse.m2e.core.internal.Bundles - 	Entry: C:\Users\anirudhm\Downloads\eclipse-jee-2023-03-R-win32-x86_64\eclipse\plugins\com.google.guava.failureaccess_1.0.1.jar
2023-10-09 09:26:31,666 [Worker-22: Launching mavenrun-f926de53-b3c3-4175-b03a-6123ccc7c754] INFO  o.e.m.i.launch.MavenLaunchDelegate - Run build in "C:\Users\anirudhm\AppData\Local\Temp\m2e-archetypeGenerator12480064563035802368":
2023-10-09 09:26:31,670 [Worker-22: Launching mavenrun-f926de53-b3c3-4175-b03a-6123ccc7c754] INFO  o.e.m.i.launch.MavenLaunchDelegate -  mvn  -DarchetypeGroupId=de.bripkens -DarchetypeArtifactId=java-quickstart -DarchetypeVersion=0.2.0 -DgroupId=infinite -DartifactId=OneToOne -Dversion=0.0.1-SNAPSHOT -Dpackage=com.java.inf -DoutputDirectory=D:\Hibernet_joins -Dstyle.color=always -U archetype:generate
2023-10-09 09:26:58,132 [Worker-15: Creating java-quickstart] INFO  o.e.m.c.i.p.ProjectConfigurationManager - Collecting project info '/pom.xml' D:\Hibernet_joins\OneToOne\pom.xml
2023-10-09 09:27:07,195 [Worker-15: Creating java-quickstart] INFO  o.e.m.c.i.l.LifecycleMappingFactory - Using org.eclipse.m2e.jdt.JarLifecycleMapping lifecycle mapping for MavenProject: infinite:OneToOne:0.0.1-SNAPSHOT @ D:\Hibernet_joins\OneToOne\pom.xml.
2023-10-09 09:27:08,892 [Worker-15: Creating java-quickstart] INFO  o.e.m.j.i.AbstractJavaProjectConfigurator - Adding source folder /OneToOne/src/main/java
2023-10-09 09:27:08,905 [Worker-15: Creating java-quickstart] INFO  o.e.m.j.i.AbstractJavaProjectConfigurator - Adding source folder /OneToOne/src/test/java
2023-10-09 09:27:11,695 [Worker-15: Creating java-quickstart] INFO  o.e.m.c.i.embedder.EclipseLogger - Using 'UTF-8' encoding to copy filtered resources.
2023-10-09 09:27:11,695 [Worker-15: Creating java-quickstart] INFO  o.e.m.c.i.embedder.EclipseLogger - skip non existing resourceDirectory D:\Hibernet_joins\OneToOne\src\main\resources
2023-10-09 09:27:11,698 [Worker-15: Creating java-quickstart] INFO  o.e.m.c.i.embedder.EclipseLogger - Using 'UTF-8' encoding to copy filtered resources.
2023-10-09 09:27:11,698 [Worker-15: Creating java-quickstart] INFO  o.e.m.c.i.embedder.EclipseLogger - skip non existing resourceDirectory D:\Hibernet_joins\OneToOne\src\test\resources
2023-10-09 09:27:11,908 [Worker-15: Creating java-quickstart] INFO  o.e.m.c.i.p.ProjectConfigurationManager - Imported and configured 1 project(s) in 13 sec
2023-10-09 09:28:19,741 [Worker-15: Building] INFO  o.e.m.c.i.l.LifecycleMappingFactory - Using org.eclipse.m2e.jdt.JarLifecycleMapping lifecycle mapping for MavenProject: infinite:OneToOne:0.0.1-SNAPSHOT @ D:\Hibernet_joins\OneToOne\pom.xml.
2023-10-09 09:28:19,801 [Worker-15: Building] WARN  o.e.m.c.i.embedder.EclipseLogger - The artifact mysql:mysql-connector-java:jar:8.0.31 has been relocated to com.mysql:mysql-connector-j:jar:8.0.31: MySQL Connector/J artifacts moved to reverse-DNS compliant Maven 2+ coordinates.
2023-10-09 09:28:20,518 [Worker-15: Building] INFO  o.e.m.c.i.embedder.EclipseLogger - Using 'UTF-8' encoding to copy filtered resources.
2023-10-09 09:28:20,518 [Worker-15: Building] INFO  o.e.m.c.i.embedder.EclipseLogger - skip non existing resourceDirectory D:\Hibernet_joins\OneToOne\src\main\resources
2023-10-09 09:28:20,522 [Worker-15: Building] INFO  o.e.m.c.i.embedder.EclipseLogger - Using 'UTF-8' encoding to copy filtered resources.
2023-10-09 09:28:20,522 [Worker-15: Building] INFO  o.e.m.c.i.embedder.EclipseLogger - skip non existing resourceDirectory D:\Hibernet_joins\OneToOne\src\test\resources
2023-10-09 09:28:46,032 [Worker-15: Building] INFO  o.e.m.c.i.embedder.EclipseLogger - Using 'UTF-8' encoding to copy filtered resources.
2023-10-09 09:28:46,032 [Worker-15: Building] INFO  o.e.m.c.i.embedder.EclipseLogger - skip non existing resourceDirectory D:\Hibernet_joins\OneToOne\src\main\resources
2023-10-09 09:28:46,036 [Worker-15: Building] INFO  o.e.m.c.i.embedder.EclipseLogger - Using 'UTF-8' encoding to copy filtered resources.
2023-10-09 09:28:46,037 [Worker-15: Building] INFO  o.e.m.c.i.embedder.EclipseLogger - skip non existing resourceDirectory D:\Hibernet_joins\OneToOne\src\test\resources
2023-10-09 09:33:06,394 [Worker-25: Building] INFO  o.e.m.c.i.embedder.EclipseLogger - Using 'UTF-8' encoding to copy filtered resources.
2023-10-09 09:33:06,395 [Worker-25: Building] INFO  o.e.m.c.i.embedder.EclipseLogger - skip non existing resourceDirectory D:\Hibernet_joins\OneToOne\src\main\resources
2023-10-09 09:33:06,402 [Worker-25: Building] INFO  o.e.m.c.i.embedder.EclipseLogger - Using 'UTF-8' encoding to copy filtered resources.
2023-10-09 09:33:06,403 [Worker-25: Building] INFO  o.e.m.c.i.embedder.EclipseLogger - skip non existing resourceDirectory D:\Hibernet_joins\OneToOne\src\test\resources
2023-10-09 09:37:58,533 [Worker-29: Building] INFO  o.e.m.c.i.embedder.EclipseLogger - Using 'UTF-8' encoding to copy filtered resources.
2023-10-09 09:37:58,533 [Worker-29: Building] INFO  o.e.m.c.i.embedder.EclipseLogger - skip non existing resourceDirectory D:\Hibernet_joins\OneToOne\src\main\resources
2023-10-09 09:37:58,536 [Worker-29: Building] INFO  o.e.m.c.i.embedder.EclipseLogger - Using 'UTF-8' encoding to copy filtered resources.
2023-10-09 09:37:58,536 [Worker-29: Building] INFO  o.e.m.c.i.embedder.EclipseLogger - skip non existing resourceDirectory D:\Hibernet_joins\OneToOne\src\test\resources
2023-10-09 09:38:51,504 [main] INFO  org.hibernate.cfg.Environment - Hibernate 3.5.6-Final
2023-10-09 09:38:51,511 [main] INFO  org.hibernate.cfg.Environment - hibernate.properties not found
2023-10-09 09:38:51,514 [main] INFO  org.hibernate.cfg.Environment - Bytecode provider name : javassist
2023-10-09 09:38:51,520 [main] INFO  org.hibernate.cfg.Environment - using JDK 1.4 java.sql.Timestamp handling
2023-10-09 09:40:00,301 [Worker-32: Building] INFO  o.e.m.c.i.embedder.EclipseLogger - Using 'UTF-8' encoding to copy filtered resources.
2023-10-09 09:40:00,301 [Worker-32: Building] INFO  o.e.m.c.i.embedder.EclipseLogger - skip non existing resourceDirectory D:\Hibernet_joins\OneToOne\src\main\resources
2023-10-09 09:40:00,304 [Worker-32: Building] INFO  o.e.m.c.i.embedder.EclipseLogger - Using 'UTF-8' encoding to copy filtered resources.
2023-10-09 09:40:00,304 [Worker-32: Building] INFO  o.e.m.c.i.embedder.EclipseLogger - skip non existing resourceDirectory D:\Hibernet_joins\OneToOne\src\test\resources
2023-10-09 09:40:16,775 [Worker-21: Building Workspace] INFO  o.e.m.c.i.embedder.EclipseLogger - Using 'UTF-8' encoding to copy filtered resources.
2023-10-09 09:40:16,775 [Worker-21: Building Workspace] INFO  o.e.m.c.i.embedder.EclipseLogger - skip non existing resourceDirectory D:\Hibernet_joins\OneToOne\src\main\resources
2023-10-09 09:40:16,777 [Worker-21: Building Workspace] INFO  o.e.m.c.i.embedder.EclipseLogger - Using 'UTF-8' encoding to copy filtered resources.
2023-10-09 09:40:16,777 [Worker-21: Building Workspace] INFO  o.e.m.c.i.embedder.EclipseLogger - skip non existing resourceDirectory D:\Hibernet_joins\OneToOne\src\test\resources
2023-10-09 09:40:28,324 [Worker-32: Building] INFO  o.e.m.c.i.embedder.EclipseLogger - Using 'UTF-8' encoding to copy filtered resources.
2023-10-09 09:40:28,324 [Worker-32: Building] INFO  o.e.m.c.i.embedder.EclipseLogger - skip non existing resourceDirectory D:\Hibernet_joins\OneToOne\src\main\resources
2023-10-09 09:40:28,327 [Worker-32: Building] INFO  o.e.m.c.i.embedder.EclipseLogger - Using 'UTF-8' encoding to copy filtered resources.
2023-10-09 09:40:28,327 [Worker-32: Building] INFO  o.e.m.c.i.embedder.EclipseLogger - skip non existing resourceDirectory D:\Hibernet_joins\OneToOne\src\test\resources
2023-10-09 09:40:55,273 [Worker-29: Building] INFO  o.e.m.c.i.embedder.EclipseLogger - Using 'UTF-8' encoding to copy filtered resources.
2023-10-09 09:40:55,274 [Worker-29: Building] INFO  o.e.m.c.i.embedder.EclipseLogger - skip non existing resourceDirectory D:\Hibernet_joins\OneToOne\src\main\resources
2023-10-09 09:40:55,278 [Worker-29: Building] INFO  o.e.m.c.i.embedder.EclipseLogger - Using 'UTF-8' encoding to copy filtered resources.
2023-10-09 09:40:55,278 [Worker-29: Building] INFO  o.e.m.c.i.embedder.EclipseLogger - skip non existing resourceDirectory D:\Hibernet_joins\OneToOne\src\test\resources
2023-10-09 09:44:15,807 [Worker-34: Building] INFO  o.e.m.c.i.embedder.EclipseLogger - Using 'UTF-8' encoding to copy filtered resources.
2023-10-09 09:44:15,807 [Worker-34: Building] INFO  o.e.m.c.i.embedder.EclipseLogger - skip non existing resourceDirectory D:\Hibernet_joins\OneToOne\src\main\resources
2023-10-09 09:44:15,809 [Worker-34: Building] INFO  o.e.m.c.i.embedder.EclipseLogger - Using 'UTF-8' encoding to copy filtered resources.
2023-10-09 09:44:15,809 [Worker-34: Building] INFO  o.e.m.c.i.embedder.EclipseLogger - skip non existing resourceDirectory D:\Hibernet_joins\OneToOne\src\test\resources
2023-10-09 09:46:06,806 [Worker-38: Building] INFO  o.e.m.c.i.embedder.EclipseLogger - Using 'UTF-8' encoding to copy filtered resources.
2023-10-09 09:46:06,807 [Worker-38: Building] INFO  o.e.m.c.i.embedder.EclipseLogger - skip non existing resourceDirectory D:\Hibernet_joins\OneToOne\src\main\resources
2023-10-09 09:46:06,812 [Worker-38: Building] INFO  o.e.m.c.i.embedder.EclipseLogger - Using 'UTF-8' encoding to copy filtered resources.
2023-10-09 09:46:06,812 [Worker-38: Building] INFO  o.e.m.c.i.embedder.EclipseLogger - skip non existing resourceDirectory D:\Hibernet_joins\OneToOne\src\test\resources
2023-10-09 09:46:35,421 [Worker-41: Building] INFO  o.e.m.c.i.embedder.EclipseLogger - Using 'UTF-8' encoding to copy filtered resources.
2023-10-09 09:46:35,421 [Worker-41: Building] INFO  o.e.m.c.i.embedder.EclipseLogger - skip non existing resourceDirectory D:\Hibernet_joins\OneToOne\src\main\resources
2023-10-09 09:46:35,424 [Worker-41: Building] INFO  o.e.m.c.i.embedder.EclipseLogger - Using 'UTF-8' encoding to copy filtered resources.
2023-10-09 09:46:35,424 [Worker-41: Building] INFO  o.e.m.c.i.embedder.EclipseLogger - skip non existing resourceDirectory D:\Hibernet_joins\OneToOne\src\test\resources
2023-10-09 09:46:42,207 [Worker-38: Building] INFO  o.e.m.c.i.embedder.EclipseLogger - Using 'UTF-8' encoding to copy filtered resources.
2023-10-09 09:46:42,207 [Worker-38: Building] INFO  o.e.m.c.i.embedder.EclipseLogger - skip non existing resourceDirectory D:\Hibernet_joins\OneToOne\src\main\resources
2023-10-09 09:46:42,210 [Worker-38: Building] INFO  o.e.m.c.i.embedder.EclipseLogger - Using 'UTF-8' encoding to copy filtered resources.
2023-10-09 09:46:42,210 [Worker-38: Building] INFO  o.e.m.c.i.embedder.EclipseLogger - skip non existing resourceDirectory D:\Hibernet_joins\OneToOne\src\test\resources
2023-10-09 09:54:00,727 [Worker-41: Building] INFO  o.e.m.c.i.embedder.EclipseLogger - Using 'UTF-8' encoding to copy filtered resources.
2023-10-09 09:54:00,727 [Worker-41: Building] INFO  o.e.m.c.i.embedder.EclipseLogger - skip non existing resourceDirectory D:\Hibernet_joins\OneToOne\src\main\resources
2023-10-09 09:54:00,730 [Worker-41: Building] INFO  o.e.m.c.i.embedder.EclipseLogger - Using 'UTF-8' encoding to copy filtered resources.
2023-10-09 09:54:00,731 [Worker-41: Building] INFO  o.e.m.c.i.embedder.EclipseLogger - skip non existing resourceDirectory D:\Hibernet_joins\OneToOne\src\test\resources
2023-10-09 09:57:03,818 [Worker-43: Building] INFO  o.e.m.c.i.embedder.EclipseLogger - Using 'UTF-8' encoding to copy filtered resources.
2023-10-09 09:57:03,818 [Worker-43: Building] INFO  o.e.m.c.i.embedder.EclipseLogger - skip non existing resourceDirectory D:\Hibernet_joins\OneToOne\src\main\resources
2023-10-09 09:57:03,820 [Worker-43: Building] INFO  o.e.m.c.i.embedder.EclipseLogger - Using 'UTF-8' encoding to copy filtered resources.
2023-10-09 09:57:03,820 [Worker-43: Building] INFO  o.e.m.c.i.embedder.EclipseLogger - skip non existing resourceDirectory D:\Hibernet_joins\OneToOne\src\test\resources
2023-10-09 10:05:15,268 [Worker-47: Building] INFO  o.e.m.c.i.embedder.EclipseLogger - Using 'UTF-8' encoding to copy filtered resources.
2023-10-09 10:05:15,270 [Worker-47: Building] INFO  o.e.m.c.i.embedder.EclipseLogger - skip non existing resourceDirectory D:\Hibernet_joins\OneToOne\src\main\resources
2023-10-09 10:05:15,272 [Worker-47: Building] INFO  o.e.m.c.i.embedder.EclipseLogger - Using 'UTF-8' encoding to copy filtered resources.
2023-10-09 10:05:15,273 [Worker-47: Building] INFO  o.e.m.c.i.embedder.EclipseLogger - skip non existing resourceDirectory D:\Hibernet_joins\OneToOne\src\test\resources
2023-10-09 10:06:53,705 [Worker-49: Building] INFO  o.e.m.c.i.embedder.EclipseLogger - Using 'UTF-8' encoding to copy filtered resources.
2023-10-09 10:06:53,705 [Worker-49: Building] INFO  o.e.m.c.i.embedder.EclipseLogger - skip non existing resourceDirectory D:\Hibernet_joins\OneToOne\src\main\resources
2023-10-09 10:06:53,708 [Worker-49: Building] INFO  o.e.m.c.i.embedder.EclipseLogger - Using 'UTF-8' encoding to copy filtered resources.
2023-10-09 10:06:53,708 [Worker-49: Building] INFO  o.e.m.c.i.embedder.EclipseLogger - skip non existing resourceDirectory D:\Hibernet_joins\OneToOne\src\test\resources
2023-10-09 10:07:06,668 [Worker-41: Building] INFO  o.e.m.c.i.embedder.EclipseLogger - Using 'UTF-8' encoding to copy filtered resources.
2023-10-09 10:07:06,668 [Worker-41: Building] INFO  o.e.m.c.i.embedder.EclipseLogger - skip non existing resourceDirectory D:\Hibernet_joins\OneToOne\src\main\resources
2023-10-09 10:07:06,670 [Worker-41: Building] INFO  o.e.m.c.i.embedder.EclipseLogger - Using 'UTF-8' encoding to copy filtered resources.
2023-10-09 10:07:06,670 [Worker-41: Building] INFO  o.e.m.c.i.embedder.EclipseLogger - skip non existing resourceDirectory D:\Hibernet_joins\OneToOne\src\test\resources
2023-10-09 10:07:14,099 [Worker-48: Building] INFO  o.e.m.c.i.embedder.EclipseLogger - Using 'UTF-8' encoding to copy filtered resources.
2023-10-09 10:07:14,100 [Worker-48: Building] INFO  o.e.m.c.i.embedder.EclipseLogger - skip non existing resourceDirectory D:\Hibernet_joins\OneToOne\src\main\resources
2023-10-09 10:07:14,106 [Worker-48: Building] INFO  o.e.m.c.i.embedder.EclipseLogger - Using 'UTF-8' encoding to copy filtered resources.
2023-10-09 10:07:14,106 [Worker-48: Building] INFO  o.e.m.c.i.embedder.EclipseLogger - skip non existing resourceDirectory D:\Hibernet_joins\OneToOne\src\test\resources
2023-10-09 10:08:44,493 [Worker-47: Building] INFO  o.e.m.c.i.embedder.EclipseLogger - Using 'UTF-8' encoding to copy filtered resources.
2023-10-09 10:08:44,493 [Worker-47: Building] INFO  o.e.m.c.i.embedder.EclipseLogger - skip non existing resourceDirectory D:\Hibernet_joins\OneToOne\src\main\resources
2023-10-09 10:08:44,496 [Worker-47: Building] INFO  o.e.m.c.i.embedder.EclipseLogger - Using 'UTF-8' encoding to copy filtered resources.
2023-10-09 10:08:44,496 [Worker-47: Building] INFO  o.e.m.c.i.embedder.EclipseLogger - skip non existing resourceDirectory D:\Hibernet_joins\OneToOne\src\test\resources
2023-10-09 10:10:23,341 [Worker-51: Building] INFO  o.e.m.c.i.embedder.EclipseLogger - Using 'UTF-8' encoding to copy filtered resources.
2023-10-09 10:10:23,342 [Worker-51: Building] INFO  o.e.m.c.i.embedder.EclipseLogger - skip non existing resourceDirectory D:\Hibernet_joins\OneToOne\src\main\resources
2023-10-09 10:10:23,345 [Worker-51: Building] INFO  o.e.m.c.i.embedder.EclipseLogger - Using 'UTF-8' encoding to copy filtered resources.
2023-10-09 10:10:23,345 [Worker-51: Building] INFO  o.e.m.c.i.embedder.EclipseLogger - skip non existing resourceDirectory D:\Hibernet_joins\OneToOne\src\test\resources
2023-10-09 10:14:28,317 [Worker-53: Building] INFO  o.e.m.c.i.embedder.EclipseLogger - Using 'UTF-8' encoding to copy filtered resources.
2023-10-09 10:14:28,317 [Worker-53: Building] INFO  o.e.m.c.i.embedder.EclipseLogger - skip non existing resourceDirectory D:\Hibernet_joins\OneToOne\src\main\resources
2023-10-09 10:14:28,320 [Worker-53: Building] INFO  o.e.m.c.i.embedder.EclipseLogger - Using 'UTF-8' encoding to copy filtered resources.
2023-10-09 10:14:28,320 [Worker-53: Building] INFO  o.e.m.c.i.embedder.EclipseLogger - skip non existing resourceDirectory D:\Hibernet_joins\OneToOne\src\test\resources
2023-10-09 10:22:49,366 [Worker-55: Building] INFO  o.e.m.c.i.embedder.EclipseLogger - Using 'UTF-8' encoding to copy filtered resources.
2023-10-09 10:22:49,366 [Worker-55: Building] INFO  o.e.m.c.i.embedder.EclipseLogger - skip non existing resourceDirectory D:\Hibernet_joins\OneToOne\src\main\resources
2023-10-09 10:22:49,369 [Worker-55: Building] INFO  o.e.m.c.i.embedder.EclipseLogger - Using 'UTF-8' encoding to copy filtered resources.
2023-10-09 10:22:49,370 [Worker-55: Building] INFO  o.e.m.c.i.embedder.EclipseLogger - skip non existing resourceDirectory D:\Hibernet_joins\OneToOne\src\test\resources
2023-10-09 10:25:16,243 [Worker-52: Building] INFO  o.e.m.c.i.embedder.EclipseLogger - Using 'UTF-8' encoding to copy filtered resources.
2023-10-09 10:25:16,243 [Worker-52: Building] INFO  o.e.m.c.i.embedder.EclipseLogger - skip non existing resourceDirectory D:\Hibernet_joins\OneToOne\src\main\resources
2023-10-09 10:25:16,244 [Worker-52: Building] INFO  o.e.m.c.i.embedder.EclipseLogger - Using 'UTF-8' encoding to copy filtered resources.
2023-10-09 10:25:16,244 [Worker-52: Building] INFO  o.e.m.c.i.embedder.EclipseLogger - skip non existing resourceDirectory D:\Hibernet_joins\OneToOne\src\test\resources
2023-10-09 10:25:34,555 [main] INFO  org.hibernate.cfg.Environment - Hibernate 3.6.10.Final
2023-10-09 10:25:34,572 [main] INFO  org.hibernate.cfg.Environment - hibernate.properties not found
2023-10-09 10:25:34,575 [main] INFO  org.hibernate.cfg.Environment - Bytecode provider name : javassist
2023-10-09 10:25:34,577 [main] INFO  org.hibernate.cfg.Environment - using JDK 1.4 java.sql.Timestamp handling
2023-10-09 10:25:34,632 [Worker-55: Building] INFO  o.e.m.c.i.embedder.EclipseLogger - Using 'UTF-8' encoding to copy filtered resources.
2023-10-09 10:25:34,632 [Worker-55: Building] INFO  o.e.m.c.i.embedder.EclipseLogger - skip non existing resourceDirectory D:\Hibernet_joins\OneToOne\src\main\resources
2023-10-09 10:25:34,634 [Worker-55: Building] INFO  o.e.m.c.i.embedder.EclipseLogger - Using 'UTF-8' encoding to copy filtered resources.
2023-10-09 10:25:34,635 [Worker-55: Building] INFO  o.e.m.c.i.embedder.EclipseLogger - skip non existing resourceDirectory D:\Hibernet_joins\OneToOne\src\test\resources
2023-10-09 10:26:02,650 [Worker-54: Building] INFO  o.e.m.c.i.embedder.EclipseLogger - Using 'UTF-8' encoding to copy filtered resources.
2023-10-09 10:26:02,650 [Worker-54: Building] INFO  o.e.m.c.i.embedder.EclipseLogger - skip non existing resourceDirectory D:\Hibernet_joins\OneToOne\src\main\resources
2023-10-09 10:26:02,653 [Worker-54: Building] INFO  o.e.m.c.i.embedder.EclipseLogger - Using 'UTF-8' encoding to copy filtered resources.
2023-10-09 10:26:02,653 [Worker-54: Building] INFO  o.e.m.c.i.embedder.EclipseLogger - skip non existing resourceDirectory D:\Hibernet_joins\OneToOne\src\test\resources
2023-10-09 10:27:17,457 [Worker-55: Building] INFO  o.e.m.c.i.embedder.EclipseLogger - Using 'UTF-8' encoding to copy filtered resources.
2023-10-09 10:27:17,457 [Worker-55: Building] INFO  o.e.m.c.i.embedder.EclipseLogger - skip non existing resourceDirectory D:\Hibernet_joins\OneToOne\src\main\resources
2023-10-09 10:27:17,460 [Worker-55: Building] INFO  o.e.m.c.i.embedder.EclipseLogger - Using 'UTF-8' encoding to copy filtered resources.
2023-10-09 10:27:17,460 [Worker-55: Building] INFO  o.e.m.c.i.embedder.EclipseLogger - skip non existing resourceDirectory D:\Hibernet_joins\OneToOne\src\test\resources
2023-10-09 10:28:15,660 [Worker-57: Building] INFO  o.e.m.c.i.embedder.EclipseLogger - Using 'UTF-8' encoding to copy filtered resources.
2023-10-09 10:28:15,660 [Worker-57: Building] INFO  o.e.m.c.i.embedder.EclipseLogger - skip non existing resourceDirectory D:\Hibernet_joins\OneToOne\src\main\resources
2023-10-09 10:28:15,662 [Worker-57: Building] INFO  o.e.m.c.i.embedder.EclipseLogger - Using 'UTF-8' encoding to copy filtered resources.
2023-10-09 10:28:15,662 [Worker-57: Building] INFO  o.e.m.c.i.embedder.EclipseLogger - skip non existing resourceDirectory D:\Hibernet_joins\OneToOne\src\test\resources
2023-10-09 10:33:01,230 [Worker-57: Building] INFO  o.e.m.c.i.embedder.EclipseLogger - Using 'UTF-8' encoding to copy filtered resources.
2023-10-09 10:33:01,231 [Worker-57: Building] INFO  o.e.m.c.i.embedder.EclipseLogger - skip non existing resourceDirectory D:\Hibernet_joins\OneToOne\src\main\resources
2023-10-09 10:33:01,232 [Worker-57: Building] INFO  o.e.m.c.i.embedder.EclipseLogger - Using 'UTF-8' encoding to copy filtered resources.
2023-10-09 10:33:01,232 [Worker-57: Building] INFO  o.e.m.c.i.embedder.EclipseLogger - skip non existing resourceDirectory D:\Hibernet_joins\OneToOne\src\test\resources
2023-10-09 10:33:23,419 [Worker-64: Building] INFO  o.e.m.c.i.embedder.EclipseLogger - Using 'UTF-8' encoding to copy filtered resources.
2023-10-09 10:33:23,419 [Worker-64: Building] INFO  o.e.m.c.i.embedder.EclipseLogger - skip non existing resourceDirectory D:\Hibernet_joins\OneToOne\src\main\resources
2023-10-09 10:33:23,420 [Worker-64: Building] INFO  o.e.m.c.i.embedder.EclipseLogger - Using 'UTF-8' encoding to copy filtered resources.
2023-10-09 10:33:23,420 [Worker-64: Building] INFO  o.e.m.c.i.embedder.EclipseLogger - skip non existing resourceDirectory D:\Hibernet_joins\OneToOne\src\test\resources
2023-10-09 10:33:28,544 [Worker-65: Building] INFO  o.e.m.c.i.embedder.EclipseLogger - Using 'UTF-8' encoding to copy filtered resources.
2023-10-09 10:33:28,544 [Worker-65: Building] INFO  o.e.m.c.i.embedder.EclipseLogger - skip non existing resourceDirectory D:\Hibernet_joins\OneToOne\src\main\resources
2023-10-09 10:33:28,548 [Worker-65: Building] INFO  o.e.m.c.i.embedder.EclipseLogger - Using 'UTF-8' encoding to copy filtered resources.
2023-10-09 10:33:28,548 [Worker-65: Building] INFO  o.e.m.c.i.embedder.EclipseLogger - skip non existing resourceDirectory D:\Hibernet_joins\OneToOne\src\test\resources
2023-10-09 10:33:36,644 [Worker-63: Building] INFO  o.e.m.c.i.embedder.EclipseLogger - Using 'UTF-8' encoding to copy filtered resources.
2023-10-09 10:33:36,644 [Worker-63: Building] INFO  o.e.m.c.i.embedder.EclipseLogger - skip non existing resourceDirectory D:\Hibernet_joins\OneToOne\src\main\resources
2023-10-09 10:33:36,645 [Worker-63: Building] INFO  o.e.m.c.i.embedder.EclipseLogger - Using 'UTF-8' encoding to copy filtered resources.
2023-10-09 10:33:36,646 [Worker-63: Building] INFO  o.e.m.c.i.embedder.EclipseLogger - skip non existing resourceDirectory D:\Hibernet_joins\OneToOne\src\test\resources
2023-10-09 10:33:43,397 [Worker-57: Building] INFO  o.e.m.c.i.embedder.EclipseLogger - Using 'UTF-8' encoding to copy filtered resources.
2023-10-09 10:33:43,397 [Worker-57: Building] INFO  o.e.m.c.i.embedder.EclipseLogger - skip non existing resourceDirectory D:\Hibernet_joins\OneToOne\src\main\resources
2023-10-09 10:33:43,400 [Worker-57: Building] INFO  o.e.m.c.i.embedder.EclipseLogger - Using 'UTF-8' encoding to copy filtered resources.
2023-10-09 10:33:43,400 [Worker-57: Building] INFO  o.e.m.c.i.embedder.EclipseLogger - skip non existing resourceDirectory D:\Hibernet_joins\OneToOne\src\test\resources
2023-10-09 11:00:52,959 [Worker-60: Building] INFO  o.e.m.c.i.embedder.EclipseLogger - Using 'UTF-8' encoding to copy filtered resources.
2023-10-09 11:00:52,961 [Worker-60: Building] INFO  o.e.m.c.i.embedder.EclipseLogger - skip non existing resourceDirectory D:\Hibernet_joins\OneToOne\src\main\resources
2023-10-09 11:00:52,963 [Worker-60: Building] INFO  o.e.m.c.i.embedder.EclipseLogger - Using 'UTF-8' encoding to copy filtered resources.
2023-10-09 11:00:52,964 [Worker-60: Building] INFO  o.e.m.c.i.embedder.EclipseLogger - skip non existing resourceDirectory D:\Hibernet_joins\OneToOne\src\test\resources
2023-10-09 11:02:24,406 [Worker-70: Building] INFO  o.e.m.c.i.embedder.EclipseLogger - Using 'UTF-8' encoding to copy filtered resources.
2023-10-09 11:02:24,406 [Worker-70: Building] INFO  o.e.m.c.i.embedder.EclipseLogger - skip non existing resourceDirectory D:\Hibernet_joins\OneToOne\src\main\resources
2023-10-09 11:02:24,409 [Worker-70: Building] INFO  o.e.m.c.i.embedder.EclipseLogger - Using 'UTF-8' encoding to copy filtered resources.
2023-10-09 11:02:24,409 [Worker-70: Building] INFO  o.e.m.c.i.embedder.EclipseLogger - skip non existing resourceDirectory D:\Hibernet_joins\OneToOne\src\test\resources
2023-10-09 11:05:36,637 [Worker-70: Building] INFO  o.e.m.c.i.embedder.EclipseLogger - Using 'UTF-8' encoding to copy filtered resources.
2023-10-09 11:05:36,638 [Worker-70: Building] INFO  o.e.m.c.i.embedder.EclipseLogger - skip non existing resourceDirectory D:\Hibernet_joins\OneToOne\src\main\resources
2023-10-09 11:05:36,640 [Worker-70: Building] INFO  o.e.m.c.i.embedder.EclipseLogger - Using 'UTF-8' encoding to copy filtered resources.
2023-10-09 11:05:36,640 [Worker-70: Building] INFO  o.e.m.c.i.embedder.EclipseLogger - skip non existing resourceDirectory D:\Hibernet_joins\OneToOne\src\test\resources
2023-10-09 11:13:32,473 [Worker-73: Building] INFO  o.e.m.c.i.embedder.EclipseLogger - Using 'UTF-8' encoding to copy filtered resources.
2023-10-09 11:13:32,474 [Worker-73: Building] INFO  o.e.m.c.i.embedder.EclipseLogger - skip non existing resourceDirectory D:\Hibernet_joins\OneToOne\src\main\resources
2023-10-09 11:13:32,475 [Worker-73: Building] INFO  o.e.m.c.i.embedder.EclipseLogger - Using 'UTF-8' encoding to copy filtered resources.
2023-10-09 11:13:32,475 [Worker-73: Building] INFO  o.e.m.c.i.embedder.EclipseLogger - skip non existing resourceDirectory D:\Hibernet_joins\OneToOne\src\test\resources
2023-10-09 11:35:00,987 [Worker-76: Launching mavenrun-7e6ca04c-2a36-40bc-9ca9-cbdf4dc2667f] INFO  o.e.m.i.launch.MavenLaunchDelegate - Run build in "C:\Users\anirudhm\AppData\Local\Temp\m2e-archetypeGenerator288431749537805319":
2023-10-09 11:35:00,987 [Worker-76: Launching mavenrun-7e6ca04c-2a36-40bc-9ca9-cbdf4dc2667f] INFO  o.e.m.i.launch.MavenLaunchDelegate -  mvn  -DarchetypeGroupId=de.bripkens -DarchetypeArtifactId=java-quickstart -DarchetypeVersion=0.2.0 -DgroupId=infinite -DartifactId=OneToMany -Dversion=0.0.1-SNAPSHOT -Dpackage=com.java.inf -DoutputDirectory=D:\Hibernet_joins -Dstyle.color=always -U archetype:generate
2023-10-09 11:35:34,430 [Worker-75: Creating java-quickstart] INFO  o.e.m.c.i.p.ProjectConfigurationManager - Collecting project info '/pom.xml' D:\Hibernet_joins\OneToMany\pom.xml
2023-10-09 11:35:34,942 [Worker-75: Creating java-quickstart] INFO  o.e.m.c.i.l.LifecycleMappingFactory - Using org.eclipse.m2e.jdt.JarLifecycleMapping lifecycle mapping for MavenProject: infinite:OneToMany:0.0.1-SNAPSHOT @ D:\Hibernet_joins\OneToMany\pom.xml.
2023-10-09 11:35:37,182 [Worker-75: Creating java-quickstart] INFO  o.e.m.j.i.AbstractJavaProjectConfigurator - Adding source folder /OneToMany/src/main/java
2023-10-09 11:35:37,207 [Worker-75: Creating java-quickstart] INFO  o.e.m.j.i.AbstractJavaProjectConfigurator - Adding source folder /OneToMany/src/test/java
2023-10-09 11:35:37,525 [Worker-75: Creating java-quickstart] INFO  o.e.m.c.i.embedder.EclipseLogger - Using 'UTF-8' encoding to copy filtered resources.
2023-10-09 11:35:37,525 [Worker-75: Creating java-quickstart] INFO  o.e.m.c.i.embedder.EclipseLogger - skip non existing resourceDirectory D:\Hibernet_joins\OneToMany\src\main\resources
2023-10-09 11:35:37,527 [Worker-75: Creating java-quickstart] INFO  o.e.m.c.i.embedder.EclipseLogger - Using 'UTF-8' encoding to copy filtered resources.
2023-10-09 11:35:37,527 [Worker-75: Creating java-quickstart] INFO  o.e.m.c.i.embedder.EclipseLogger - skip non existing resourceDirectory D:\Hibernet_joins\OneToMany\src\test\resources
2023-10-09 11:35:37,581 [Worker-75: Creating java-quickstart] INFO  o.e.m.c.i.p.ProjectConfigurationManager - Imported and configured 1 project(s) in 3 sec
2023-10-09 11:36:01,246 [Worker-75: Building] INFO  o.e.m.c.i.l.LifecycleMappingFactory - Using org.eclipse.m2e.jdt.JarLifecycleMapping lifecycle mapping for MavenProject: infinite:OneToMany:0.0.1-SNAPSHOT @ D:\Hibernet_joins\OneToMany\pom.xml.
2023-10-09 11:36:01,807 [Worker-75: Building] WARN  o.e.m.c.i.embedder.EclipseLogger - The artifact mysql:mysql-connector-java:jar:8.0.31 has been relocated to com.mysql:mysql-connector-j:jar:8.0.31: MySQL Connector/J artifacts moved to reverse-DNS compliant Maven 2+ coordinates.
2023-10-09 11:36:01,987 [Worker-75: Building] INFO  o.e.m.c.i.embedder.EclipseLogger - Using 'UTF-8' encoding to copy filtered resources.
2023-10-09 11:36:01,987 [Worker-75: Building] INFO  o.e.m.c.i.embedder.EclipseLogger - skip non existing resourceDirectory D:\Hibernet_joins\OneToMany\src\main\resources
2023-10-09 11:36:01,990 [Worker-75: Building] INFO  o.e.m.c.i.embedder.EclipseLogger - Using 'UTF-8' encoding to copy filtered resources.
2023-10-09 11:36:01,990 [Worker-75: Building] INFO  o.e.m.c.i.embedder.EclipseLogger - skip non existing resourceDirectory D:\Hibernet_joins\OneToMany\src\test\resources
2023-10-09 11:37:15,497 [Worker-78: Building] INFO  o.e.m.c.i.embedder.EclipseLogger - Using 'UTF-8' encoding to copy filtered resources.
2023-10-09 11:37:15,497 [Worker-78: Building] INFO  o.e.m.c.i.embedder.EclipseLogger - skip non existing resourceDirectory D:\Hibernet_joins\OneToMany\src\main\resources
2023-10-09 11:37:15,500 [Worker-78: Building] INFO  o.e.m.c.i.embedder.EclipseLogger - Using 'UTF-8' encoding to copy filtered resources.
2023-10-09 11:37:15,501 [Worker-78: Building] INFO  o.e.m.c.i.embedder.EclipseLogger - skip non existing resourceDirectory D:\Hibernet_joins\OneToMany\src\test\resources
2023-10-09 11:41:43,715 [Worker-81: Building] INFO  o.e.m.c.i.embedder.EclipseLogger - Using 'UTF-8' encoding to copy filtered resources.
2023-10-09 11:41:43,715 [Worker-81: Building] INFO  o.e.m.c.i.embedder.EclipseLogger - skip non existing resourceDirectory D:\Hibernet_joins\OneToMany\src\main\resources
2023-10-09 11:41:43,717 [Worker-81: Building] INFO  o.e.m.c.i.embedder.EclipseLogger - Using 'UTF-8' encoding to copy filtered resources.
2023-10-09 11:41:43,717 [Worker-81: Building] INFO  o.e.m.c.i.embedder.EclipseLogger - skip non existing resourceDirectory D:\Hibernet_joins\OneToMany\src\test\resources
2023-10-09 11:43:19,576 [Worker-71: Building] INFO  o.e.m.c.i.embedder.EclipseLogger - Using 'UTF-8' encoding to copy filtered resources.
2023-10-09 11:43:19,576 [Worker-71: Building] INFO  o.e.m.c.i.embedder.EclipseLogger - skip non existing resourceDirectory D:\Hibernet_joins\OneToMany\src\main\resources
2023-10-09 11:43:19,579 [Worker-71: Building] INFO  o.e.m.c.i.embedder.EclipseLogger - Using 'UTF-8' encoding to copy filtered resources.
2023-10-09 11:43:19,580 [Worker-71: Building] INFO  o.e.m.c.i.embedder.EclipseLogger - skip non existing resourceDirectory D:\Hibernet_joins\OneToMany\src\test\resources
2023-10-09 11:44:22,571 [Worker-80: Building] INFO  o.e.m.c.i.embedder.EclipseLogger - Using 'UTF-8' encoding to copy filtered resources.
2023-10-09 11:44:22,571 [Worker-80: Building] INFO  o.e.m.c.i.embedder.EclipseLogger - skip non existing resourceDirectory D:\Hibernet_joins\OneToMany\src\main\resources
2023-10-09 11:44:22,575 [Worker-80: Building] INFO  o.e.m.c.i.embedder.EclipseLogger - Using 'UTF-8' encoding to copy filtered resources.
2023-10-09 11:44:22,575 [Worker-80: Building] INFO  o.e.m.c.i.embedder.EclipseLogger - skip non existing resourceDirectory D:\Hibernet_joins\OneToMany\src\test\resources
2023-10-09 11:46:24,767 [Worker-80: Building] INFO  o.e.m.c.i.embedder.EclipseLogger - Using 'UTF-8' encoding to copy filtered resources.
2023-10-09 11:46:24,768 [Worker-80: Building] INFO  o.e.m.c.i.embedder.EclipseLogger - skip non existing resourceDirectory D:\Hibernet_joins\OneToMany\src\main\resources
2023-10-09 11:46:24,771 [Worker-80: Building] INFO  o.e.m.c.i.embedder.EclipseLogger - Using 'UTF-8' encoding to copy filtered resources.
2023-10-09 11:46:24,771 [Worker-80: Building] INFO  o.e.m.c.i.embedder.EclipseLogger - skip non existing resourceDirectory D:\Hibernet_joins\OneToMany\src\test\resources
2023-10-09 11:49:48,454 [Worker-87: Building] INFO  o.e.m.c.i.embedder.EclipseLogger - Using 'UTF-8' encoding to copy filtered resources.
2023-10-09 11:49:48,455 [Worker-87: Building] INFO  o.e.m.c.i.embedder.EclipseLogger - skip non existing resourceDirectory D:\Hibernet_joins\OneToMany\src\main\resources
2023-10-09 11:49:48,457 [Worker-87: Building] INFO  o.e.m.c.i.embedder.EclipseLogger - Using 'UTF-8' encoding to copy filtered resources.
2023-10-09 11:49:48,457 [Worker-87: Building] INFO  o.e.m.c.i.embedder.EclipseLogger - skip non existing resourceDirectory D:\Hibernet_joins\OneToMany\src\test\resources
2023-10-09 11:50:17,633 [Worker-88: Building] INFO  o.e.m.c.i.embedder.EclipseLogger - Using 'UTF-8' encoding to copy filtered resources.
2023-10-09 11:50:17,634 [Worker-88: Building] INFO  o.e.m.c.i.embedder.EclipseLogger - skip non existing resourceDirectory D:\Hibernet_joins\OneToMany\src\main\resources
2023-10-09 11:50:17,636 [Worker-88: Building] INFO  o.e.m.c.i.embedder.EclipseLogger - Using 'UTF-8' encoding to copy filtered resources.
2023-10-09 11:50:17,636 [Worker-88: Building] INFO  o.e.m.c.i.embedder.EclipseLogger - skip non existing resourceDirectory D:\Hibernet_joins\OneToMany\src\test\resources
2023-10-09 11:54:15,612 [Worker-89: Building] INFO  o.e.m.c.i.embedder.EclipseLogger - Using 'UTF-8' encoding to copy filtered resources.
2023-10-09 11:54:15,612 [Worker-89: Building] INFO  o.e.m.c.i.embedder.EclipseLogger - skip non existing resourceDirectory D:\Hibernet_joins\OneToMany\src\main\resources
2023-10-09 11:54:15,615 [Worker-89: Building] INFO  o.e.m.c.i.embedder.EclipseLogger - Using 'UTF-8' encoding to copy filtered resources.
2023-10-09 11:54:15,615 [Worker-89: Building] INFO  o.e.m.c.i.embedder.EclipseLogger - skip non existing resourceDirectory D:\Hibernet_joins\OneToMany\src\test\resources
2023-10-09 11:55:57,454 [Worker-87: Building] INFO  o.e.m.c.i.embedder.EclipseLogger - Using 'UTF-8' encoding to copy filtered resources.
2023-10-09 11:55:57,454 [Worker-87: Building] INFO  o.e.m.c.i.embedder.EclipseLogger - skip non existing resourceDirectory D:\Hibernet_joins\OneToMany\src\main\resources
2023-10-09 11:55:57,458 [Worker-87: Building] INFO  o.e.m.c.i.embedder.EclipseLogger - Using 'UTF-8' encoding to copy filtered resources.
2023-10-09 11:55:57,458 [Worker-87: Building] INFO  o.e.m.c.i.embedder.EclipseLogger - skip non existing resourceDirectory D:\Hibernet_joins\OneToMany\src\test\resources
2023-10-09 11:57:31,230 [Worker-87: Building] INFO  o.e.m.c.i.embedder.EclipseLogger - Using 'UTF-8' encoding to copy filtered resources.
2023-10-09 11:57:31,231 [Worker-87: Building] INFO  o.e.m.c.i.embedder.EclipseLogger - skip non existing resourceDirectory D:\Hibernet_joins\OneToMany\src\main\resources
2023-10-09 11:57:31,233 [Worker-87: Building] INFO  o.e.m.c.i.embedder.EclipseLogger - Using 'UTF-8' encoding to copy filtered resources.
2023-10-09 11:57:31,233 [Worker-87: Building] INFO  o.e.m.c.i.embedder.EclipseLogger - skip non existing resourceDirectory D:\Hibernet_joins\OneToMany\src\test\resources
2023-10-09 13:59:41,847 [Worker-102: Building] INFO  o.e.m.c.i.embedder.EclipseLogger - Using 'UTF-8' encoding to copy filtered resources.
2023-10-09 13:59:41,847 [Worker-102: Building] INFO  o.e.m.c.i.embedder.EclipseLogger - skip non existing resourceDirectory D:\Hibernet_joins\OneToMany\src\main\resources
2023-10-09 13:59:41,848 [Worker-102: Building] INFO  o.e.m.c.i.embedder.EclipseLogger - Using 'UTF-8' encoding to copy filtered resources.
2023-10-09 13:59:41,848 [Worker-102: Building] INFO  o.e.m.c.i.embedder.EclipseLogger - skip non existing resourceDirectory D:\Hibernet_joins\OneToMany\src\test\resources
2023-10-09 14:02:49,958 [Worker-105: Building] INFO  o.e.m.c.i.embedder.EclipseLogger - Using 'UTF-8' encoding to copy filtered resources.
2023-10-09 14:02:49,958 [Worker-105: Building] INFO  o.e.m.c.i.embedder.EclipseLogger - skip non existing resourceDirectory D:\Hibernet_joins\OneToMany\src\main\resources
2023-10-09 14:02:49,961 [Worker-105: Building] INFO  o.e.m.c.i.embedder.EclipseLogger - Using 'UTF-8' encoding to copy filtered resources.
2023-10-09 14:02:49,962 [Worker-105: Building] INFO  o.e.m.c.i.embedder.EclipseLogger - skip non existing resourceDirectory D:\Hibernet_joins\OneToMany\src\test\resources
2023-10-09 14:06:56,706 [Worker-103: Launching FetchData] INFO  o.e.m.c.i.embedder.EclipseLogger - Using 'UTF-8' encoding to copy filtered resources.
2023-10-09 14:06:56,708 [Worker-103: Launching FetchData] INFO  o.e.m.c.i.embedder.EclipseLogger - skip non existing resourceDirectory D:\Hibernet_joins\OneToMany\src\main\resources
2023-10-09 14:06:56,709 [Worker-103: Launching FetchData] INFO  o.e.m.c.i.embedder.EclipseLogger - Using 'UTF-8' encoding to copy filtered resources.
2023-10-09 14:06:56,709 [Worker-103: Launching FetchData] INFO  o.e.m.c.i.embedder.EclipseLogger - skip non existing resourceDirectory D:\Hibernet_joins\OneToMany\src\test\resources
2023-10-10 09:19:14,567 [Worker-4: Loading available Gradle versions] INFO  o.e.b.c.i.u.g.PublishedGradleVersions - Gradle version information cache is out-of-date. Trying to update.
2023-10-10 09:22:56,667 [main] INFO  org.hibernate.cfg.Environment - Hibernate 3.6.10.Final
2023-10-10 09:22:56,668 [main] INFO  org.hibernate.cfg.Environment - hibernate.properties not found
2023-10-10 09:22:56,673 [main] INFO  org.hibernate.cfg.Environment - Bytecode provider name : javassist
2023-10-10 09:22:56,681 [main] INFO  org.hibernate.cfg.Environment - using JDK 1.4 java.sql.Timestamp handling
