2023-10-16 11:44:39,344 [Worker-4: Loading available Gradle versions] INFO  o.e.b.c.i.u.g.PublishedGradleVersions - Gradle version information cache is up-to-date. Trying to read.
2023-10-16 11:53:38,715 [Worker-25: Launching mavenrun-9c22794c-e462-40c1-83a7-099b880b7e8c] INFO  o.eclipse.m2e.core.internal.Bundles - getClasspathEntries(Bundle=org.eclipse.m2e.maven.runtime_3.8.701.20230209-1606 [610])
2023-10-16 11:53:38,745 [Worker-25: Launching mavenrun-9c22794c-e462-40c1-83a7-099b880b7e8c] INFO  o.eclipse.m2e.core.internal.Bundles - 	Entry: C:\Users\anirudhm\Downloads\eclipse-jee-2023-03-R-win32-x86_64\eclipse\plugins\org.eclipse.m2e.maven.runtime_3.8.701.20230209-1606
2023-10-16 11:53:38,746 [Worker-25: Launching mavenrun-9c22794c-e462-40c1-83a7-099b880b7e8c] INFO  o.eclipse.m2e.core.internal.Bundles - 	Entry: C:\Users\anirudhm\Downloads\eclipse-jee-2023-03-R-win32-x86_64\eclipse\plugins\org.eclipse.m2e.maven.runtime_3.8.701.20230209-1606\jars\aether-connector-okhttp-0.17.8.jar
2023-10-16 11:53:38,747 [Worker-25: Launching mavenrun-9c22794c-e462-40c1-83a7-099b880b7e8c] INFO  o.eclipse.m2e.core.internal.Bundles - 	Entry: C:\Users\anirudhm\Downloads\eclipse-jee-2023-03-R-win32-x86_64\eclipse\plugins\org.eclipse.m2e.maven.runtime_3.8.701.20230209-1606\jars\commons-lang3-3.8.1.jar
2023-10-16 11:53:38,747 [Worker-25: Launching mavenrun-9c22794c-e462-40c1-83a7-099b880b7e8c] INFO  o.eclipse.m2e.core.internal.Bundles - 	Entry: C:\Users\anirudhm\Downloads\eclipse-jee-2023-03-R-win32-x86_64\eclipse\plugins\org.eclipse.m2e.maven.runtime_3.8.701.20230209-1606\jars\guice-4.2.2-no_aop.jar
2023-10-16 11:53:38,747 [Worker-25: Launching mavenrun-9c22794c-e462-40c1-83a7-099b880b7e8c] INFO  o.eclipse.m2e.core.internal.Bundles - 	Entry: C:\Users\anirudhm\Downloads\eclipse-jee-2023-03-R-win32-x86_64\eclipse\plugins\org.eclipse.m2e.maven.runtime_3.8.701.20230209-1606\jars\jansi-2.4.0.jar
2023-10-16 11:53:38,747 [Worker-25: Launching mavenrun-9c22794c-e462-40c1-83a7-099b880b7e8c] INFO  o.eclipse.m2e.core.internal.Bundles - 	Entry: C:\Users\anirudhm\Downloads\eclipse-jee-2023-03-R-win32-x86_64\eclipse\plugins\org.eclipse.m2e.maven.runtime_3.8.701.20230209-1606\jars\maven-artifact-3.8.7.jar
2023-10-16 11:53:38,747 [Worker-25: Launching mavenrun-9c22794c-e462-40c1-83a7-099b880b7e8c] INFO  o.eclipse.m2e.core.internal.Bundles - 	Entry: C:\Users\anirudhm\Downloads\eclipse-jee-2023-03-R-win32-x86_64\eclipse\plugins\org.eclipse.m2e.maven.runtime_3.8.701.20230209-1606\jars\maven-builder-support-3.8.7.jar
2023-10-16 11:53:38,747 [Worker-25: Launching mavenrun-9c22794c-e462-40c1-83a7-099b880b7e8c] INFO  o.eclipse.m2e.core.internal.Bundles - 	Entry: C:\Users\anirudhm\Downloads\eclipse-jee-2023-03-R-win32-x86_64\eclipse\plugins\org.eclipse.m2e.maven.runtime_3.8.701.20230209-1606\jars\maven-compat-3.8.7.jar
2023-10-16 11:53:38,747 [Worker-25: Launching mavenrun-9c22794c-e462-40c1-83a7-099b880b7e8c] INFO  o.eclipse.m2e.core.internal.Bundles - 	Entry: C:\Users\anirudhm\Downloads\eclipse-jee-2023-03-R-win32-x86_64\eclipse\plugins\org.eclipse.m2e.maven.runtime_3.8.701.20230209-1606\jars\maven-core-3.8.7.jar
2023-10-16 11:53:38,748 [Worker-25: Launching mavenrun-9c22794c-e462-40c1-83a7-099b880b7e8c] INFO  o.eclipse.m2e.core.internal.Bundles - 	Entry: C:\Users\anirudhm\Downloads\eclipse-jee-2023-03-R-win32-x86_64\eclipse\plugins\org.eclipse.m2e.maven.runtime_3.8.701.20230209-1606\jars\maven-embedder-3.8.7.jar
2023-10-16 11:53:38,748 [Worker-25: Launching mavenrun-9c22794c-e462-40c1-83a7-099b880b7e8c] INFO  o.eclipse.m2e.core.internal.Bundles - 	Entry: C:\Users\anirudhm\Downloads\eclipse-jee-2023-03-R-win32-x86_64\eclipse\plugins\org.eclipse.m2e.maven.runtime_3.8.701.20230209-1606\jars\maven-model-3.8.7.jar
2023-10-16 11:53:38,748 [Worker-25: Launching mavenrun-9c22794c-e462-40c1-83a7-099b880b7e8c] INFO  o.eclipse.m2e.core.internal.Bundles - 	Entry: C:\Users\anirudhm\Downloads\eclipse-jee-2023-03-R-win32-x86_64\eclipse\plugins\org.eclipse.m2e.maven.runtime_3.8.701.20230209-1606\jars\maven-model-builder-3.8.7.jar
2023-10-16 11:53:38,749 [Worker-25: Launching mavenrun-9c22794c-e462-40c1-83a7-099b880b7e8c] INFO  o.eclipse.m2e.core.internal.Bundles - 	Entry: C:\Users\anirudhm\Downloads\eclipse-jee-2023-03-R-win32-x86_64\eclipse\plugins\org.eclipse.m2e.maven.runtime_3.8.701.20230209-1606\jars\maven-plugin-api-3.8.7.jar
2023-10-16 11:53:38,750 [Worker-25: Launching mavenrun-9c22794c-e462-40c1-83a7-099b880b7e8c] INFO  o.eclipse.m2e.core.internal.Bundles - 	Entry: C:\Users\anirudhm\Downloads\eclipse-jee-2023-03-R-win32-x86_64\eclipse\plugins\org.eclipse.m2e.maven.runtime_3.8.701.20230209-1606\jars\maven-repository-metadata-3.8.7.jar
2023-10-16 11:53:38,750 [Worker-25: Launching mavenrun-9c22794c-e462-40c1-83a7-099b880b7e8c] INFO  o.eclipse.m2e.core.internal.Bundles - 	Entry: C:\Users\anirudhm\Downloads\eclipse-jee-2023-03-R-win32-x86_64\eclipse\plugins\org.eclipse.m2e.maven.runtime_3.8.701.20230209-1606\jars\maven-resolver-api-1.6.3.jar
2023-10-16 11:53:38,751 [Worker-25: Launching mavenrun-9c22794c-e462-40c1-83a7-099b880b7e8c] INFO  o.eclipse.m2e.core.internal.Bundles - 	Entry: C:\Users\anirudhm\Downloads\eclipse-jee-2023-03-R-win32-x86_64\eclipse\plugins\org.eclipse.m2e.maven.runtime_3.8.701.20230209-1606\jars\maven-resolver-connector-basic-1.6.3.jar
2023-10-16 11:53:38,752 [Worker-25: Launching mavenrun-9c22794c-e462-40c1-83a7-099b880b7e8c] INFO  o.eclipse.m2e.core.internal.Bundles - 	Entry: C:\Users\anirudhm\Downloads\eclipse-jee-2023-03-R-win32-x86_64\eclipse\plugins\org.eclipse.m2e.maven.runtime_3.8.701.20230209-1606\jars\maven-resolver-impl-1.6.3.jar
2023-10-16 11:53:38,752 [Worker-25: Launching mavenrun-9c22794c-e462-40c1-83a7-099b880b7e8c] INFO  o.eclipse.m2e.core.internal.Bundles - 	Entry: C:\Users\anirudhm\Downloads\eclipse-jee-2023-03-R-win32-x86_64\eclipse\plugins\org.eclipse.m2e.maven.runtime_3.8.701.20230209-1606\jars\maven-resolver-provider-3.8.7.jar
2023-10-16 11:53:38,753 [Worker-25: Launching mavenrun-9c22794c-e462-40c1-83a7-099b880b7e8c] INFO  o.eclipse.m2e.core.internal.Bundles - 	Entry: C:\Users\anirudhm\Downloads\eclipse-jee-2023-03-R-win32-x86_64\eclipse\plugins\org.eclipse.m2e.maven.runtime_3.8.701.20230209-1606\jars\maven-resolver-spi-1.6.3.jar
2023-10-16 11:53:38,753 [Worker-25: Launching mavenrun-9c22794c-e462-40c1-83a7-099b880b7e8c] INFO  o.eclipse.m2e.core.internal.Bundles - 	Entry: C:\Users\anirudhm\Downloads\eclipse-jee-2023-03-R-win32-x86_64\eclipse\plugins\org.eclipse.m2e.maven.runtime_3.8.701.20230209-1606\jars\maven-resolver-transport-wagon-1.6.3.jar
2023-10-16 11:53:38,753 [Worker-25: Launching mavenrun-9c22794c-e462-40c1-83a7-099b880b7e8c] INFO  o.eclipse.m2e.core.internal.Bundles - 	Entry: C:\Users\anirudhm\Downloads\eclipse-jee-2023-03-R-win32-x86_64\eclipse\plugins\org.eclipse.m2e.maven.runtime_3.8.701.20230209-1606\jars\maven-resolver-util-1.6.3.jar
2023-10-16 11:53:38,753 [Worker-25: Launching mavenrun-9c22794c-e462-40c1-83a7-099b880b7e8c] INFO  o.eclipse.m2e.core.internal.Bundles - 	Entry: C:\Users\anirudhm\Downloads\eclipse-jee-2023-03-R-win32-x86_64\eclipse\plugins\org.eclipse.m2e.maven.runtime_3.8.701.20230209-1606\jars\maven-settings-3.8.7.jar
2023-10-16 11:53:38,753 [Worker-25: Launching mavenrun-9c22794c-e462-40c1-83a7-099b880b7e8c] INFO  o.eclipse.m2e.core.internal.Bundles - 	Entry: C:\Users\anirudhm\Downloads\eclipse-jee-2023-03-R-win32-x86_64\eclipse\plugins\org.eclipse.m2e.maven.runtime_3.8.701.20230209-1606\jars\maven-settings-builder-3.8.7.jar
2023-10-16 11:53:38,753 [Worker-25: Launching mavenrun-9c22794c-e462-40c1-83a7-099b880b7e8c] INFO  o.eclipse.m2e.core.internal.Bundles - 	Entry: C:\Users\anirudhm\Downloads\eclipse-jee-2023-03-R-win32-x86_64\eclipse\plugins\org.eclipse.m2e.maven.runtime_3.8.701.20230209-1606\jars\maven-shared-utils-3.3.4.jar
2023-10-16 11:53:38,753 [Worker-25: Launching mavenrun-9c22794c-e462-40c1-83a7-099b880b7e8c] INFO  o.eclipse.m2e.core.internal.Bundles - 	Entry: C:\Users\anirudhm\Downloads\eclipse-jee-2023-03-R-win32-x86_64\eclipse\plugins\org.eclipse.m2e.maven.runtime_3.8.701.20230209-1606\jars\okhttp-3.14.1.jar
2023-10-16 11:53:38,753 [Worker-25: Launching mavenrun-9c22794c-e462-40c1-83a7-099b880b7e8c] INFO  o.eclipse.m2e.core.internal.Bundles - 	Entry: C:\Users\anirudhm\Downloads\eclipse-jee-2023-03-R-win32-x86_64\eclipse\plugins\org.eclipse.m2e.maven.runtime_3.8.701.20230209-1606\jars\okio-1.17.3.jar
2023-10-16 11:53:38,753 [Worker-25: Launching mavenrun-9c22794c-e462-40c1-83a7-099b880b7e8c] INFO  o.eclipse.m2e.core.internal.Bundles - 	Entry: C:\Users\anirudhm\Downloads\eclipse-jee-2023-03-R-win32-x86_64\eclipse\plugins\org.eclipse.m2e.maven.runtime_3.8.701.20230209-1606\jars\org.eclipse.sisu.inject-0.3.5.jar
2023-10-16 11:53:38,754 [Worker-25: Launching mavenrun-9c22794c-e462-40c1-83a7-099b880b7e8c] INFO  o.eclipse.m2e.core.internal.Bundles - 	Entry: C:\Users\anirudhm\Downloads\eclipse-jee-2023-03-R-win32-x86_64\eclipse\plugins\org.eclipse.m2e.maven.runtime_3.8.701.20230209-1606\jars\org.eclipse.sisu.plexus-0.3.5.jar
2023-10-16 11:53:38,754 [Worker-25: Launching mavenrun-9c22794c-e462-40c1-83a7-099b880b7e8c] INFO  o.eclipse.m2e.core.internal.Bundles - 	Entry: C:\Users\anirudhm\Downloads\eclipse-jee-2023-03-R-win32-x86_64\eclipse\plugins\org.eclipse.m2e.maven.runtime_3.8.701.20230209-1606\jars\plexus-build-api-0.0.7.jar
2023-10-16 11:53:38,755 [Worker-25: Launching mavenrun-9c22794c-e462-40c1-83a7-099b880b7e8c] INFO  o.eclipse.m2e.core.internal.Bundles - 	Entry: C:\Users\anirudhm\Downloads\eclipse-jee-2023-03-R-win32-x86_64\eclipse\plugins\org.eclipse.m2e.maven.runtime_3.8.701.20230209-1606\jars\plexus-cipher-2.0.jar
2023-10-16 11:53:38,755 [Worker-25: Launching mavenrun-9c22794c-e462-40c1-83a7-099b880b7e8c] INFO  o.eclipse.m2e.core.internal.Bundles - 	Entry: C:\Users\anirudhm\Downloads\eclipse-jee-2023-03-R-win32-x86_64\eclipse\plugins\org.eclipse.m2e.maven.runtime_3.8.701.20230209-1606\jars\plexus-classworlds-2.6.0.jar
2023-10-16 11:53:38,755 [Worker-25: Launching mavenrun-9c22794c-e462-40c1-83a7-099b880b7e8c] INFO  o.eclipse.m2e.core.internal.Bundles - 	Entry: C:\Users\anirudhm\Downloads\eclipse-jee-2023-03-R-win32-x86_64\eclipse\plugins\org.eclipse.m2e.maven.runtime_3.8.701.20230209-1606\jars\plexus-component-annotations-2.1.0.jar
2023-10-16 11:53:38,755 [Worker-25: Launching mavenrun-9c22794c-e462-40c1-83a7-099b880b7e8c] INFO  o.eclipse.m2e.core.internal.Bundles - 	Entry: C:\Users\anirudhm\Downloads\eclipse-jee-2023-03-R-win32-x86_64\eclipse\plugins\org.eclipse.m2e.maven.runtime_3.8.701.20230209-1606\jars\plexus-interpolation-1.26.jar
2023-10-16 11:53:38,755 [Worker-25: Launching mavenrun-9c22794c-e462-40c1-83a7-099b880b7e8c] INFO  o.eclipse.m2e.core.internal.Bundles - 	Entry: C:\Users\anirudhm\Downloads\eclipse-jee-2023-03-R-win32-x86_64\eclipse\plugins\org.eclipse.m2e.maven.runtime_3.8.701.20230209-1606\jars\plexus-sec-dispatcher-2.0.jar
2023-10-16 11:53:38,755 [Worker-25: Launching mavenrun-9c22794c-e462-40c1-83a7-099b880b7e8c] INFO  o.eclipse.m2e.core.internal.Bundles - 	Entry: C:\Users\anirudhm\Downloads\eclipse-jee-2023-03-R-win32-x86_64\eclipse\plugins\org.eclipse.m2e.maven.runtime_3.8.701.20230209-1606\jars\plexus-utils-3.3.1.jar
2023-10-16 11:53:38,756 [Worker-25: Launching mavenrun-9c22794c-e462-40c1-83a7-099b880b7e8c] INFO  o.eclipse.m2e.core.internal.Bundles - 	Entry: C:\Users\anirudhm\Downloads\eclipse-jee-2023-03-R-win32-x86_64\eclipse\plugins\org.eclipse.m2e.maven.runtime_3.8.701.20230209-1606\jars\wagon-file-3.5.3.jar
2023-10-16 11:53:38,756 [Worker-25: Launching mavenrun-9c22794c-e462-40c1-83a7-099b880b7e8c] INFO  o.eclipse.m2e.core.internal.Bundles - 	Entry: C:\Users\anirudhm\Downloads\eclipse-jee-2023-03-R-win32-x86_64\eclipse\plugins\org.eclipse.m2e.maven.runtime_3.8.701.20230209-1606\jars\wagon-provider-api-3.5.3.jar
2023-10-16 11:53:38,758 [Worker-25: Launching mavenrun-9c22794c-e462-40c1-83a7-099b880b7e8c] INFO  o.eclipse.m2e.core.internal.Bundles - getClasspathEntries(Bundle=com.google.guava_31.1.0.jre [11])
2023-10-16 11:53:38,759 [Worker-25: Launching mavenrun-9c22794c-e462-40c1-83a7-099b880b7e8c] INFO  o.eclipse.m2e.core.internal.Bundles - 	Entry: C:\Users\anirudhm\Downloads\eclipse-jee-2023-03-R-win32-x86_64\eclipse\plugins\com.google.guava_31.1.0.jre.jar
2023-10-16 11:53:38,759 [Worker-25: Launching mavenrun-9c22794c-e462-40c1-83a7-099b880b7e8c] INFO  o.eclipse.m2e.core.internal.Bundles - getClasspathEntries(Bundle=slf4j.api_1.7.36 [924])
2023-10-16 11:53:38,760 [Worker-25: Launching mavenrun-9c22794c-e462-40c1-83a7-099b880b7e8c] INFO  o.eclipse.m2e.core.internal.Bundles - 	Entry: C:\Users\anirudhm\Downloads\eclipse-jee-2023-03-R-win32-x86_64\eclipse\plugins\slf4j.api_1.7.36.jar
2023-10-16 11:53:38,760 [Worker-25: Launching mavenrun-9c22794c-e462-40c1-83a7-099b880b7e8c] INFO  o.eclipse.m2e.core.internal.Bundles - getClasspathEntries(Bundle=javax.inject_1.0.0.v20220405-0441 [35])
2023-10-16 11:53:38,762 [Worker-25: Launching mavenrun-9c22794c-e462-40c1-83a7-099b880b7e8c] INFO  o.eclipse.m2e.core.internal.Bundles - 	Entry: C:\Users\anirudhm\Downloads\eclipse-jee-2023-03-R-win32-x86_64\eclipse\plugins\javax.inject_1.0.0.v20220405-0441.jar
2023-10-16 11:53:38,762 [Worker-25: Launching mavenrun-9c22794c-e462-40c1-83a7-099b880b7e8c] INFO  o.eclipse.m2e.core.internal.Bundles - getClasspathEntries(Bundle=javax.annotation_1.3.5.v20221203-1659 [33])
2023-10-16 11:53:38,764 [Worker-25: Launching mavenrun-9c22794c-e462-40c1-83a7-099b880b7e8c] INFO  o.eclipse.m2e.core.internal.Bundles - 	Entry: C:\Users\anirudhm\Downloads\eclipse-jee-2023-03-R-win32-x86_64\eclipse\plugins\javax.annotation_1.3.5.v20221203-1659.jar
2023-10-16 11:53:38,764 [Worker-25: Launching mavenrun-9c22794c-e462-40c1-83a7-099b880b7e8c] INFO  o.eclipse.m2e.core.internal.Bundles - getClasspathEntries(Bundle=org.apache.commons.cli_1.4.0.v20221112-0806 [67])
2023-10-16 11:53:38,766 [Worker-25: Launching mavenrun-9c22794c-e462-40c1-83a7-099b880b7e8c] INFO  o.eclipse.m2e.core.internal.Bundles - 	Entry: C:\Users\anirudhm\Downloads\eclipse-jee-2023-03-R-win32-x86_64\eclipse\plugins\org.apache.commons.cli_1.4.0.v20221112-0806.jar
2023-10-16 11:53:38,766 [Worker-25: Launching mavenrun-9c22794c-e462-40c1-83a7-099b880b7e8c] INFO  o.eclipse.m2e.core.internal.Bundles - getClasspathEntries(Bundle=com.google.guava.failureaccess_1.0.1 [13])
2023-10-16 11:53:38,769 [Worker-25: Launching mavenrun-9c22794c-e462-40c1-83a7-099b880b7e8c] INFO  o.eclipse.m2e.core.internal.Bundles - 	Entry: C:\Users\anirudhm\Downloads\eclipse-jee-2023-03-R-win32-x86_64\eclipse\plugins\com.google.guava.failureaccess_1.0.1.jar
2023-10-16 11:53:38,774 [Worker-25: Launching mavenrun-9c22794c-e462-40c1-83a7-099b880b7e8c] INFO  o.e.m.i.launch.MavenLaunchDelegate - Run build in "C:\Users\anirudhm\AppData\Local\Temp\m2e-archetypeGenerator2554522119421897675":
2023-10-16 11:53:38,775 [Worker-25: Launching mavenrun-9c22794c-e462-40c1-83a7-099b880b7e8c] INFO  o.e.m.i.launch.MavenLaunchDelegate -  mvn  -DarchetypeGroupId=de.bripkens -DarchetypeArtifactId=java-quickstart -DarchetypeVersion=0.2.0 -DgroupId=inf -DartifactId=ProjTest -Dversion=0.0.1-SNAPSHOT -Dpackage=com.java.ejb -DoutputDirectory=D:\EJB2 -Dstyle.color=always -U archetype:generate
2023-10-16 11:53:57,889 [Worker-26: Creating java-quickstart] INFO  o.e.m.c.i.p.ProjectConfigurationManager - Collecting project info '/pom.xml' D:\EJB2\ProjTest\pom.xml
2023-10-16 11:54:09,587 [Worker-26: Creating java-quickstart] INFO  o.e.m.c.i.l.LifecycleMappingFactory - Using org.eclipse.m2e.jdt.JarLifecycleMapping lifecycle mapping for MavenProject: inf:ProjTest:0.0.1-SNAPSHOT @ D:\EJB2\ProjTest\pom.xml.
2023-10-16 11:54:13,515 [Worker-26: Creating java-quickstart] INFO  o.e.m.j.i.AbstractJavaProjectConfigurator - Adding source folder /ProjTest/src/main/java
2023-10-16 11:54:13,537 [Worker-26: Creating java-quickstart] INFO  o.e.m.j.i.AbstractJavaProjectConfigurator - Adding source folder /ProjTest/src/test/java
2023-10-16 11:54:14,784 [Worker-26: Creating java-quickstart] INFO  o.e.m.c.i.embedder.EclipseLogger - Using 'UTF-8' encoding to copy filtered resources.
2023-10-16 11:54:14,785 [Worker-26: Creating java-quickstart] INFO  o.e.m.c.i.embedder.EclipseLogger - skip non existing resourceDirectory D:\EJB2\ProjTest\src\main\resources
2023-10-16 11:54:14,791 [Worker-26: Creating java-quickstart] INFO  o.e.m.c.i.embedder.EclipseLogger - Using 'UTF-8' encoding to copy filtered resources.
2023-10-16 11:54:14,791 [Worker-26: Creating java-quickstart] INFO  o.e.m.c.i.embedder.EclipseLogger - skip non existing resourceDirectory D:\EJB2\ProjTest\src\test\resources
2023-10-16 11:54:15,268 [Worker-26: Creating java-quickstart] INFO  o.e.m.c.i.p.ProjectConfigurationManager - Imported and configured 1 project(s) in 17 sec
2023-10-16 11:55:10,125 [Worker-18: Building] INFO  o.e.m.c.i.l.LifecycleMappingFactory - Using org.eclipse.m2e.jdt.JarLifecycleMapping lifecycle mapping for MavenProject: inf:ProjTest:0.0.1-SNAPSHOT @ D:\EJB2\ProjTest\pom.xml.
2023-10-16 11:55:29,618 [Worker-18: Building] INFO  o.e.m.c.i.embedder.EclipseLogger - Using 'UTF-8' encoding to copy filtered resources.
2023-10-16 11:55:29,618 [Worker-18: Building] INFO  o.e.m.c.i.embedder.EclipseLogger - skip non existing resourceDirectory D:\EJB2\ProjTest\src\main\resources
2023-10-16 11:55:29,622 [Worker-18: Building] INFO  o.e.m.c.i.embedder.EclipseLogger - Using 'UTF-8' encoding to copy filtered resources.
2023-10-16 11:55:29,622 [Worker-18: Building] INFO  o.e.m.c.i.embedder.EclipseLogger - skip non existing resourceDirectory D:\EJB2\ProjTest\src\test\resources
2023-10-16 11:55:40,819 [Worker-25: Building] INFO  o.e.m.c.i.embedder.EclipseLogger - Using 'UTF-8' encoding to copy filtered resources.
2023-10-16 11:55:40,820 [Worker-25: Building] INFO  o.e.m.c.i.embedder.EclipseLogger - skip non existing resourceDirectory D:\EJB2\ProjTest\src\main\resources
2023-10-16 11:55:40,823 [Worker-25: Building] INFO  o.e.m.c.i.embedder.EclipseLogger - Using 'UTF-8' encoding to copy filtered resources.
2023-10-16 11:55:40,824 [Worker-25: Building] INFO  o.e.m.c.i.embedder.EclipseLogger - skip non existing resourceDirectory D:\EJB2\ProjTest\src\test\resources
2023-10-16 11:56:11,653 [Worker-27: Building] INFO  o.e.m.c.i.embedder.EclipseLogger - Using 'UTF-8' encoding to copy filtered resources.
2023-10-16 11:56:11,654 [Worker-27: Building] INFO  o.e.m.c.i.embedder.EclipseLogger - skip non existing resourceDirectory D:\EJB2\ProjTest\src\main\resources
2023-10-16 11:56:11,661 [Worker-27: Building] INFO  o.e.m.c.i.embedder.EclipseLogger - Using 'UTF-8' encoding to copy filtered resources.
2023-10-16 11:56:11,661 [Worker-27: Building] INFO  o.e.m.c.i.embedder.EclipseLogger - skip non existing resourceDirectory D:\EJB2\ProjTest\src\test\resources
2023-10-16 11:57:24,529 [Worker-25: Building] INFO  o.e.m.c.i.embedder.EclipseLogger - Using 'UTF-8' encoding to copy filtered resources.
2023-10-16 11:57:24,530 [Worker-25: Building] INFO  o.e.m.c.i.embedder.EclipseLogger - skip non existing resourceDirectory D:\EJB2\ProjTest\src\main\resources
2023-10-16 11:57:24,534 [Worker-25: Building] INFO  o.e.m.c.i.embedder.EclipseLogger - Using 'UTF-8' encoding to copy filtered resources.
2023-10-16 11:57:24,535 [Worker-25: Building] INFO  o.e.m.c.i.embedder.EclipseLogger - skip non existing resourceDirectory D:\EJB2\ProjTest\src\test\resources
2023-10-16 11:57:47,607 [Worker-24: Building] INFO  o.e.m.c.i.embedder.EclipseLogger - Using 'UTF-8' encoding to copy filtered resources.
2023-10-16 11:57:47,608 [Worker-24: Building] INFO  o.e.m.c.i.embedder.EclipseLogger - skip non existing resourceDirectory D:\EJB2\ProjTest\src\main\resources
2023-10-16 11:57:47,611 [Worker-24: Building] INFO  o.e.m.c.i.embedder.EclipseLogger - Using 'UTF-8' encoding to copy filtered resources.
2023-10-16 11:57:47,612 [Worker-24: Building] INFO  o.e.m.c.i.embedder.EclipseLogger - skip non existing resourceDirectory D:\EJB2\ProjTest\src\test\resources
2023-10-16 11:59:12,466 [Worker-29: Building] INFO  o.e.m.c.i.embedder.EclipseLogger - Using 'UTF-8' encoding to copy filtered resources.
2023-10-16 11:59:12,467 [Worker-29: Building] INFO  o.e.m.c.i.embedder.EclipseLogger - skip non existing resourceDirectory D:\EJB2\ProjTest\src\main\resources
2023-10-16 11:59:12,471 [Worker-29: Building] INFO  o.e.m.c.i.embedder.EclipseLogger - Using 'UTF-8' encoding to copy filtered resources.
2023-10-16 11:59:12,471 [Worker-29: Building] INFO  o.e.m.c.i.embedder.EclipseLogger - skip non existing resourceDirectory D:\EJB2\ProjTest\src\test\resources
2023-10-16 11:59:31,043 [Worker-24: Building] INFO  o.e.m.c.i.embedder.EclipseLogger - Using 'UTF-8' encoding to copy filtered resources.
2023-10-16 11:59:31,043 [Worker-24: Building] INFO  o.e.m.c.i.embedder.EclipseLogger - skip non existing resourceDirectory D:\EJB2\ProjTest\src\main\resources
2023-10-16 11:59:31,047 [Worker-24: Building] INFO  o.e.m.c.i.embedder.EclipseLogger - Using 'UTF-8' encoding to copy filtered resources.
2023-10-16 11:59:31,048 [Worker-24: Building] INFO  o.e.m.c.i.embedder.EclipseLogger - skip non existing resourceDirectory D:\EJB2\ProjTest\src\test\resources
2023-10-16 12:01:09,846 [Worker-29: Building] INFO  o.e.m.c.i.embedder.EclipseLogger - Using 'UTF-8' encoding to copy filtered resources.
2023-10-16 12:01:09,848 [Worker-29: Building] INFO  o.e.m.c.i.embedder.EclipseLogger - skip non existing resourceDirectory D:\EJB2\ProjTest\src\main\resources
2023-10-16 12:01:09,855 [Worker-29: Building] INFO  o.e.m.c.i.embedder.EclipseLogger - Using 'UTF-8' encoding to copy filtered resources.
2023-10-16 12:01:09,855 [Worker-29: Building] INFO  o.e.m.c.i.embedder.EclipseLogger - skip non existing resourceDirectory D:\EJB2\ProjTest\src\test\resources
2023-10-16 12:02:00,428 [Worker-25: Building] INFO  o.e.m.c.i.embedder.EclipseLogger - Using 'UTF-8' encoding to copy filtered resources.
2023-10-16 12:02:00,428 [Worker-25: Building] INFO  o.e.m.c.i.embedder.EclipseLogger - skip non existing resourceDirectory D:\EJB2\ProjTest\src\main\resources
2023-10-16 12:02:00,431 [Worker-25: Building] INFO  o.e.m.c.i.embedder.EclipseLogger - Using 'UTF-8' encoding to copy filtered resources.
2023-10-16 12:02:00,431 [Worker-25: Building] INFO  o.e.m.c.i.embedder.EclipseLogger - skip non existing resourceDirectory D:\EJB2\ProjTest\src\test\resources
2023-10-16 12:03:45,163 [Worker-25: Building] INFO  o.e.m.c.i.embedder.EclipseLogger - Using 'UTF-8' encoding to copy filtered resources.
2023-10-16 12:03:45,163 [Worker-25: Building] INFO  o.e.m.c.i.embedder.EclipseLogger - skip non existing resourceDirectory D:\EJB2\ProjTest\src\main\resources
2023-10-16 12:03:45,166 [Worker-25: Building] INFO  o.e.m.c.i.embedder.EclipseLogger - Using 'UTF-8' encoding to copy filtered resources.
2023-10-16 12:03:45,166 [Worker-25: Building] INFO  o.e.m.c.i.embedder.EclipseLogger - skip non existing resourceDirectory D:\EJB2\ProjTest\src\test\resources
2023-10-16 12:04:01,560 [Worker-32: Building] INFO  o.e.m.c.i.embedder.EclipseLogger - Using 'UTF-8' encoding to copy filtered resources.
2023-10-16 12:04:01,560 [Worker-32: Building] INFO  o.e.m.c.i.embedder.EclipseLogger - skip non existing resourceDirectory D:\EJB2\ProjTest\src\main\resources
2023-10-16 12:04:01,563 [Worker-32: Building] INFO  o.e.m.c.i.embedder.EclipseLogger - Using 'UTF-8' encoding to copy filtered resources.
2023-10-16 12:04:01,563 [Worker-32: Building] INFO  o.e.m.c.i.embedder.EclipseLogger - skip non existing resourceDirectory D:\EJB2\ProjTest\src\test\resources
2023-10-16 12:09:25,394 [Worker-25: Building] INFO  o.e.m.c.i.embedder.EclipseLogger - Using 'UTF-8' encoding to copy filtered resources.
2023-10-16 12:09:25,394 [Worker-25: Building] INFO  o.e.m.c.i.embedder.EclipseLogger - skip non existing resourceDirectory D:\EJB2\ProjTest\src\main\resources
2023-10-16 12:09:25,398 [Worker-25: Building] INFO  o.e.m.c.i.embedder.EclipseLogger - Using 'UTF-8' encoding to copy filtered resources.
2023-10-16 12:09:25,398 [Worker-25: Building] INFO  o.e.m.c.i.embedder.EclipseLogger - skip non existing resourceDirectory D:\EJB2\ProjTest\src\test\resources
2023-10-16 12:12:31,003 [Worker-35: Building] INFO  o.e.m.c.i.embedder.EclipseLogger - Using 'UTF-8' encoding to copy filtered resources.
2023-10-16 12:12:31,004 [Worker-35: Building] INFO  o.e.m.c.i.embedder.EclipseLogger - skip non existing resourceDirectory D:\EJB2\ProjTest\src\main\resources
2023-10-16 12:12:31,004 [Worker-35: Building] INFO  o.e.m.c.i.embedder.EclipseLogger - Using 'UTF-8' encoding to copy filtered resources.
2023-10-16 12:12:31,004 [Worker-35: Building] INFO  o.e.m.c.i.embedder.EclipseLogger - skip non existing resourceDirectory D:\EJB2\ProjTest\src\test\resources
2023-10-16 12:14:31,145 [Worker-35: Building] INFO  o.e.m.c.i.embedder.EclipseLogger - Using 'UTF-8' encoding to copy filtered resources.
2023-10-16 12:14:31,145 [Worker-35: Building] INFO  o.e.m.c.i.embedder.EclipseLogger - skip non existing resourceDirectory D:\EJB2\ProjTest\src\main\resources
2023-10-16 12:14:31,147 [Worker-35: Building] INFO  o.e.m.c.i.embedder.EclipseLogger - Using 'UTF-8' encoding to copy filtered resources.
2023-10-16 12:14:31,147 [Worker-35: Building] INFO  o.e.m.c.i.embedder.EclipseLogger - skip non existing resourceDirectory D:\EJB2\ProjTest\src\test\resources
2023-10-16 12:15:13,562 [Worker-35: Building] INFO  o.e.m.c.i.embedder.EclipseLogger - Using 'UTF-8' encoding to copy filtered resources.
2023-10-16 12:15:13,562 [Worker-35: Building] INFO  o.e.m.c.i.embedder.EclipseLogger - skip non existing resourceDirectory D:\EJB2\ProjTest\src\main\resources
2023-10-16 12:15:13,566 [Worker-35: Building] INFO  o.e.m.c.i.embedder.EclipseLogger - Using 'UTF-8' encoding to copy filtered resources.
2023-10-16 12:15:13,567 [Worker-35: Building] INFO  o.e.m.c.i.embedder.EclipseLogger - skip non existing resourceDirectory D:\EJB2\ProjTest\src\test\resources
2023-10-16 12:17:08,356 [main] INFO  o.e.m2e.actions.ExecutePomAction - Creating new launch configuration
2023-10-16 12:17:38,940 [Worker-37: Launching New_configuration] INFO  o.e.m.c.i.embedder.EclipseLogger - Using 'UTF-8' encoding to copy filtered resources.
2023-10-16 12:17:38,940 [Worker-37: Launching New_configuration] INFO  o.e.m.c.i.embedder.EclipseLogger - skip non existing resourceDirectory D:\EJB2\ProjTest\src\main\resources
2023-10-16 12:17:38,943 [Worker-37: Launching New_configuration] INFO  o.e.m.c.i.embedder.EclipseLogger - Using 'UTF-8' encoding to copy filtered resources.
2023-10-16 12:17:38,944 [Worker-37: Launching New_configuration] INFO  o.e.m.c.i.embedder.EclipseLogger - skip non existing resourceDirectory D:\EJB2\ProjTest\src\test\resources
2023-10-16 12:19:30,243 [Worker-25: Building] INFO  o.e.m.c.i.embedder.EclipseLogger - Using 'UTF-8' encoding to copy filtered resources.
2023-10-16 12:19:30,244 [Worker-25: Building] INFO  o.e.m.c.i.embedder.EclipseLogger - skip non existing resourceDirectory D:\EJB2\ProjTest\src\main\resources
2023-10-16 12:19:30,245 [Worker-25: Building] INFO  o.e.m.c.i.embedder.EclipseLogger - Using 'UTF-8' encoding to copy filtered resources.
2023-10-16 12:19:30,246 [Worker-25: Building] INFO  o.e.m.c.i.embedder.EclipseLogger - skip non existing resourceDirectory D:\EJB2\ProjTest\src\test\resources
2023-10-16 12:19:58,788 [Worker-25: Building] INFO  o.e.m.c.i.embedder.EclipseLogger - Using 'UTF-8' encoding to copy filtered resources.
2023-10-16 12:19:58,788 [Worker-25: Building] INFO  o.e.m.c.i.embedder.EclipseLogger - skip non existing resourceDirectory D:\EJB2\ProjTest\src\main\resources
2023-10-16 12:19:58,791 [Worker-25: Building] INFO  o.e.m.c.i.embedder.EclipseLogger - Using 'UTF-8' encoding to copy filtered resources.
2023-10-16 12:19:58,791 [Worker-25: Building] INFO  o.e.m.c.i.embedder.EclipseLogger - skip non existing resourceDirectory D:\EJB2\ProjTest\src\test\resources
2023-10-16 12:20:42,073 [Worker-37: Updating Maven Dependencies] ERROR o.e.m.j.i.l.MavenLaunchConfigurationListener - Launch configuration New_configuration references non-existing project ProjTest.
org.eclipse.core.runtime.CoreException: Launch configuration New_configuration references non-existing project ProjTest.
	at org.eclipse.jdt.launching.JavaRuntime.abort(JavaRuntime.java:1856)
	at org.eclipse.jdt.launching.JavaRuntime.getJavaProject(JavaRuntime.java:1733)
	at org.eclipse.m2e.jdt.internal.launch.MavenLaunchConfigurationListener.updateLaunchConfiguration(MavenLaunchConfigurationListener.java:64)
	at org.eclipse.m2e.jdt.internal.launch.MavenLaunchConfigurationListener.launchConfigurationChanged(MavenLaunchConfigurationListener.java:50)
	at org.eclipse.debug.internal.core.LaunchManager$ConfigurationNotifier.run(LaunchManager.java:225)
	at org.eclipse.core.runtime.SafeRunner.run(SafeRunner.java:45)
	at org.eclipse.debug.internal.core.LaunchManager$ConfigurationNotifier.notify(LaunchManager.java:209)
	at org.eclipse.debug.internal.core.LaunchConfigurationWorkingCopy.setDirty(LaunchConfigurationWorkingCopy.java:524)
	at org.eclipse.debug.internal.core.LaunchConfigurationWorkingCopy.setAttribute(LaunchConfigurationWorkingCopy.java:412)
	at org.eclipse.m2e.jdt.internal.launch.MavenRuntimeClasspathProvider.disable(MavenRuntimeClasspathProvider.java:410)
	at org.eclipse.m2e.jdt.internal.launch.MavenRuntimeClasspathProvider.disable(MavenRuntimeClasspathProvider.java:436)
	at org.eclipse.m2e.jdt.internal.launch.MavenLaunchConfigurationListener.mavenProjectChanged(MavenLaunchConfigurationListener.java:135)
	at org.eclipse.m2e.core.internal.project.registry.ProjectRegistryManager.notifyProjectChangeListeners(ProjectRegistryManager.java:851)
	at org.eclipse.m2e.core.internal.project.registry.ProjectRegistryManager.applyMutableProjectRegistry(ProjectRegistryManager.java:1004)
	at org.eclipse.m2e.core.internal.project.registry.ProjectRegistryRefreshJob.lambda$0(ProjectRegistryRefreshJob.java:162)
	at org.eclipse.m2e.core.internal.embedder.MavenExecutionContext.executeBare(MavenExecutionContext.java:394)
	at org.eclipse.m2e.core.internal.embedder.MavenExecutionContext.execute(MavenExecutionContext.java:275)
	at org.eclipse.m2e.core.internal.embedder.MavenExecutionContext.execute(MavenExecutionContext.java:214)
	at org.eclipse.m2e.core.internal.project.registry.ProjectRegistryRefreshJob.run(ProjectRegistryRefreshJob.java:106)
	at org.eclipse.core.internal.jobs.Worker.run(Worker.java:63)
2023-10-16 12:20:42,080 [Worker-37: Updating Maven Dependencies] ERROR o.e.m.j.i.l.MavenLaunchConfigurationListener - Launch configuration New_configuration references non-existing project ProjTest.
org.eclipse.core.runtime.CoreException: Launch configuration New_configuration references non-existing project ProjTest.
	at org.eclipse.jdt.launching.JavaRuntime.abort(JavaRuntime.java:1856)
	at org.eclipse.jdt.launching.JavaRuntime.getJavaProject(JavaRuntime.java:1733)
	at org.eclipse.m2e.jdt.internal.launch.MavenLaunchConfigurationListener.updateLaunchConfiguration(MavenLaunchConfigurationListener.java:64)
	at org.eclipse.m2e.jdt.internal.launch.MavenLaunchConfigurationListener.launchConfigurationChanged(MavenLaunchConfigurationListener.java:50)
	at org.eclipse.debug.internal.core.LaunchManager$ConfigurationNotifier.run(LaunchManager.java:225)
	at org.eclipse.core.runtime.SafeRunner.run(SafeRunner.java:45)
	at org.eclipse.debug.internal.core.LaunchManager$ConfigurationNotifier.notify(LaunchManager.java:209)
	at org.eclipse.debug.internal.core.LaunchConfigurationWorkingCopy.setDirty(LaunchConfigurationWorkingCopy.java:524)
	at org.eclipse.debug.internal.core.LaunchConfigurationWorkingCopy.setAttribute(LaunchConfigurationWorkingCopy.java:412)
	at org.eclipse.m2e.jdt.internal.launch.MavenRuntimeClasspathProvider.disable(MavenRuntimeClasspathProvider.java:411)
	at org.eclipse.m2e.jdt.internal.launch.MavenRuntimeClasspathProvider.disable(MavenRuntimeClasspathProvider.java:436)
	at org.eclipse.m2e.jdt.internal.launch.MavenLaunchConfigurationListener.mavenProjectChanged(MavenLaunchConfigurationListener.java:135)
	at org.eclipse.m2e.core.internal.project.registry.ProjectRegistryManager.notifyProjectChangeListeners(ProjectRegistryManager.java:851)
	at org.eclipse.m2e.core.internal.project.registry.ProjectRegistryManager.applyMutableProjectRegistry(ProjectRegistryManager.java:1004)
	at org.eclipse.m2e.core.internal.project.registry.ProjectRegistryRefreshJob.lambda$0(ProjectRegistryRefreshJob.java:162)
	at org.eclipse.m2e.core.internal.embedder.MavenExecutionContext.executeBare(MavenExecutionContext.java:394)
	at org.eclipse.m2e.core.internal.embedder.MavenExecutionContext.execute(MavenExecutionContext.java:275)
	at org.eclipse.m2e.core.internal.embedder.MavenExecutionContext.execute(MavenExecutionContext.java:214)
	at org.eclipse.m2e.core.internal.project.registry.ProjectRegistryRefreshJob.run(ProjectRegistryRefreshJob.java:106)
	at org.eclipse.core.internal.jobs.Worker.run(Worker.java:63)
2023-10-16 12:20:42,141 [Worker-37: Updating Maven Dependencies] ERROR o.e.m.j.i.l.MavenLaunchConfigurationListener - Launch configuration New_configuration references non-existing project ProjTest.
org.eclipse.core.runtime.CoreException: Launch configuration New_configuration references non-existing project ProjTest.
	at org.eclipse.jdt.launching.JavaRuntime.abort(JavaRuntime.java:1856)
	at org.eclipse.jdt.launching.JavaRuntime.getJavaProject(JavaRuntime.java:1733)
	at org.eclipse.m2e.jdt.internal.launch.MavenLaunchConfigurationListener.updateLaunchConfiguration(MavenLaunchConfigurationListener.java:64)
	at org.eclipse.m2e.jdt.internal.launch.MavenLaunchConfigurationListener.launchConfigurationChanged(MavenLaunchConfigurationListener.java:50)
	at org.eclipse.debug.internal.core.LaunchManager$ConfigurationNotifier.run(LaunchManager.java:225)
	at org.eclipse.core.runtime.SafeRunner.run(SafeRunner.java:45)
	at org.eclipse.debug.internal.core.LaunchManager$ConfigurationNotifier.notify(LaunchManager.java:209)
	at org.eclipse.debug.internal.core.LaunchManager.launchConfigurationChanged(LaunchManager.java:2147)
	at org.eclipse.debug.internal.core.LaunchConfigurationWorkingCopy.writeNewFile(LaunchConfigurationWorkingCopy.java:377)
	at org.eclipse.debug.internal.core.LaunchConfigurationWorkingCopy.doSave0(LaunchConfigurationWorkingCopy.java:259)
	at org.eclipse.debug.internal.core.LaunchConfigurationWorkingCopy.doSave(LaunchConfigurationWorkingCopy.java:229)
	at org.eclipse.debug.internal.core.LaunchConfigurationWorkingCopy.doSave(LaunchConfigurationWorkingCopy.java:187)
	at org.eclipse.m2e.jdt.internal.launch.MavenRuntimeClasspathProvider.disable(MavenRuntimeClasspathProvider.java:412)
	at org.eclipse.m2e.jdt.internal.launch.MavenRuntimeClasspathProvider.disable(MavenRuntimeClasspathProvider.java:436)
	at org.eclipse.m2e.jdt.internal.launch.MavenLaunchConfigurationListener.mavenProjectChanged(MavenLaunchConfigurationListener.java:135)
	at org.eclipse.m2e.core.internal.project.registry.ProjectRegistryManager.notifyProjectChangeListeners(ProjectRegistryManager.java:851)
	at org.eclipse.m2e.core.internal.project.registry.ProjectRegistryManager.applyMutableProjectRegistry(ProjectRegistryManager.java:1004)
	at org.eclipse.m2e.core.internal.project.registry.ProjectRegistryRefreshJob.lambda$0(ProjectRegistryRefreshJob.java:162)
	at org.eclipse.m2e.core.internal.embedder.MavenExecutionContext.executeBare(MavenExecutionContext.java:394)
	at org.eclipse.m2e.core.internal.embedder.MavenExecutionContext.execute(MavenExecutionContext.java:275)
	at org.eclipse.m2e.core.internal.embedder.MavenExecutionContext.execute(MavenExecutionContext.java:214)
	at org.eclipse.m2e.core.internal.project.registry.ProjectRegistryRefreshJob.run(ProjectRegistryRefreshJob.java:106)
	at org.eclipse.core.internal.jobs.Worker.run(Worker.java:63)
2023-10-16 12:21:49,164 [Worker-36: Launching mavenrun-65506f72-a167-402e-8747-bb455c7150f3] INFO  o.e.m.i.launch.MavenLaunchDelegate - Run build in "C:\Users\anirudhm\AppData\Local\Temp\m2e-archetypeGenerator11027901524065980640":
2023-10-16 12:21:49,164 [Worker-36: Launching mavenrun-65506f72-a167-402e-8747-bb455c7150f3] INFO  o.e.m.i.launch.MavenLaunchDelegate -  mvn  -DarchetypeGroupId=org.glassfish.jersey.archetypes -DarchetypeArtifactId=jersey-quickstart-webapp -DarchetypeVersion=3.1.3 -DgroupId=inf -DartifactId=JsfTest -Dversion=0.0.1-SNAPSHOT -Dpackage=com.java.jsf -DoutputDirectory=D:\EJB2 -Dstyle.color=always -U archetype:generate
2023-10-16 12:22:06,351 [Worker-25: Creating jersey-quickstart-webapp] INFO  o.e.m.c.i.p.ProjectConfigurationManager - Collecting project info '/pom.xml' D:\EJB2\JsfTest\pom.xml
2023-10-16 12:22:12,452 [Worker-25: Creating jersey-quickstart-webapp] INFO  o.e.m.c.i.l.LifecycleMappingFactory - Using org.maven.ide.eclipse.wtp.WarLifecycleMapping lifecycle mapping for MavenProject: inf:JsfTest:0.0.1-SNAPSHOT @ D:\EJB2\JsfTest\pom.xml.
2023-10-16 12:22:17,100 [Worker-25: Creating jersey-quickstart-webapp] INFO  o.e.m.j.i.AbstractJavaProjectConfigurator - Adding source folder /JsfTest/src/main/java
2023-10-16 12:22:17,100 [Worker-25: Creating jersey-quickstart-webapp] INFO  o.e.m.j.i.AbstractJavaProjectConfigurator - Adding resource folder /JsfTest/src/main/resources
2023-10-16 12:22:17,120 [Worker-25: Creating jersey-quickstart-webapp] INFO  o.e.m.j.i.AbstractJavaProjectConfigurator - Adding source folder /JsfTest/src/test/java
2023-10-16 12:22:19,004 [Worker-25: Creating jersey-quickstart-webapp] INFO  o.e.m.c.i.embedder.EclipseLogger - Using 'UTF-8' encoding to copy filtered resources.
2023-10-16 12:22:19,008 [Worker-25: Creating jersey-quickstart-webapp] INFO  o.e.m.c.i.embedder.EclipseLogger - Copying 0 resource
2023-10-16 12:22:19,010 [Worker-25: Creating jersey-quickstart-webapp] INFO  o.e.m.c.i.embedder.EclipseLogger - Using 'UTF-8' encoding to copy filtered resources.
2023-10-16 12:22:19,011 [Worker-25: Creating jersey-quickstart-webapp] INFO  o.e.m.c.i.embedder.EclipseLogger - skip non existing resourceDirectory D:\EJB2\JsfTest\src\test\resources
2023-10-16 12:22:19,448 [Worker-25: Creating jersey-quickstart-webapp] INFO  o.e.m.c.i.p.ProjectConfigurationManager - Imported and configured 1 project(s) in 13 sec
2023-10-16 12:22:19,983 [Worker-28: Building] INFO  o.e.m.c.i.embedder.EclipseLogger - Using 'UTF-8' encoding to copy filtered resources.
2023-10-16 12:22:19,986 [Worker-28: Building] INFO  o.e.m.c.i.embedder.EclipseLogger - Copying 0 resource
2023-10-16 12:22:19,989 [Worker-28: Building] INFO  o.e.m.c.i.embedder.EclipseLogger - Using 'UTF-8' encoding to copy filtered resources.
2023-10-16 12:22:19,989 [Worker-28: Building] INFO  o.e.m.c.i.embedder.EclipseLogger - skip non existing resourceDirectory D:\EJB2\JsfTest\src\test\resources
2023-10-16 12:23:14,930 [Worker-38: Building] INFO  o.e.m.c.i.embedder.EclipseLogger - Using 'UTF-8' encoding to copy filtered resources.
2023-10-16 12:23:14,934 [Worker-38: Building] INFO  o.e.m.c.i.embedder.EclipseLogger - Copying 0 resource
2023-10-16 12:23:14,936 [Worker-38: Building] INFO  o.e.m.c.i.embedder.EclipseLogger - Using 'UTF-8' encoding to copy filtered resources.
2023-10-16 12:23:14,936 [Worker-38: Building] INFO  o.e.m.c.i.embedder.EclipseLogger - skip non existing resourceDirectory D:\EJB2\JsfTest\src\test\resources
2023-10-16 12:24:42,555 [Worker-35: Building] INFO  o.e.m.c.i.embedder.EclipseLogger - Using 'UTF-8' encoding to copy filtered resources.
2023-10-16 12:24:42,556 [Worker-35: Building] INFO  o.e.m.c.i.embedder.EclipseLogger - Copying 0 resource
2023-10-16 12:24:42,557 [Worker-35: Building] INFO  o.e.m.c.i.embedder.EclipseLogger - Using 'UTF-8' encoding to copy filtered resources.
2023-10-16 12:24:42,558 [Worker-35: Building] INFO  o.e.m.c.i.embedder.EclipseLogger - skip non existing resourceDirectory D:\EJB2\JsfTest\src\test\resources
2023-10-16 12:25:57,955 [Worker-28: Building] INFO  o.e.m.c.i.embedder.EclipseLogger - Using 'UTF-8' encoding to copy filtered resources.
2023-10-16 12:25:57,955 [Worker-28: Building] INFO  o.e.m.c.i.embedder.EclipseLogger - Copying 0 resource
2023-10-16 12:25:57,958 [Worker-28: Building] INFO  o.e.m.c.i.embedder.EclipseLogger - Using 'UTF-8' encoding to copy filtered resources.
2023-10-16 12:25:57,958 [Worker-28: Building] INFO  o.e.m.c.i.embedder.EclipseLogger - skip non existing resourceDirectory D:\EJB2\JsfTest\src\test\resources
2023-10-16 12:26:48,085 [Worker-37: Building] INFO  o.e.m.c.i.embedder.EclipseLogger - Using 'UTF-8' encoding to copy filtered resources.
2023-10-16 12:26:48,086 [Worker-37: Building] INFO  o.e.m.c.i.embedder.EclipseLogger - Copying 0 resource
2023-10-16 12:26:48,088 [Worker-37: Building] INFO  o.e.m.c.i.embedder.EclipseLogger - Using 'UTF-8' encoding to copy filtered resources.
2023-10-16 12:26:48,088 [Worker-37: Building] INFO  o.e.m.c.i.embedder.EclipseLogger - skip non existing resourceDirectory D:\EJB2\JsfTest\src\test\resources
2023-10-16 12:27:26,099 [Worker-37: Building] INFO  o.e.m.c.i.embedder.EclipseLogger - Using 'UTF-8' encoding to copy filtered resources.
2023-10-16 12:27:26,100 [Worker-37: Building] INFO  o.e.m.c.i.embedder.EclipseLogger - Copying 0 resource
2023-10-16 12:27:26,102 [Worker-37: Building] INFO  o.e.m.c.i.embedder.EclipseLogger - Using 'UTF-8' encoding to copy filtered resources.
2023-10-16 12:27:26,102 [Worker-37: Building] INFO  o.e.m.c.i.embedder.EclipseLogger - skip non existing resourceDirectory D:\EJB2\JsfTest\src\test\resources
2023-10-16 12:28:24,376 [Worker-36: Building] INFO  o.e.m.c.i.embedder.EclipseLogger - Using 'UTF-8' encoding to copy filtered resources.
2023-10-16 12:28:24,376 [Worker-36: Building] INFO  o.e.m.c.i.embedder.EclipseLogger - Copying 0 resource
2023-10-16 12:28:24,379 [Worker-36: Building] INFO  o.e.m.c.i.embedder.EclipseLogger - Using 'UTF-8' encoding to copy filtered resources.
2023-10-16 12:28:24,379 [Worker-36: Building] INFO  o.e.m.c.i.embedder.EclipseLogger - skip non existing resourceDirectory D:\EJB2\JsfTest\src\test\resources
2023-10-16 12:28:41,115 [Worker-37: Building] INFO  o.e.m.c.i.embedder.EclipseLogger - Using 'UTF-8' encoding to copy filtered resources.
2023-10-16 12:28:41,116 [Worker-37: Building] INFO  o.e.m.c.i.embedder.EclipseLogger - Copying 0 resource
2023-10-16 12:28:41,118 [Worker-37: Building] INFO  o.e.m.c.i.embedder.EclipseLogger - Using 'UTF-8' encoding to copy filtered resources.
2023-10-16 12:28:41,118 [Worker-37: Building] INFO  o.e.m.c.i.embedder.EclipseLogger - skip non existing resourceDirectory D:\EJB2\JsfTest\src\test\resources
2023-10-16 12:29:17,409 [Worker-25: Building] INFO  o.e.m.c.i.embedder.EclipseLogger - Using 'UTF-8' encoding to copy filtered resources.
2023-10-16 12:29:17,410 [Worker-25: Building] INFO  o.e.m.c.i.embedder.EclipseLogger - Copying 0 resource
2023-10-16 12:29:17,411 [Worker-25: Building] INFO  o.e.m.c.i.embedder.EclipseLogger - Using 'UTF-8' encoding to copy filtered resources.
2023-10-16 12:29:17,411 [Worker-25: Building] INFO  o.e.m.c.i.embedder.EclipseLogger - skip non existing resourceDirectory D:\EJB2\JsfTest\src\test\resources
2023-10-16 12:29:41,598 [Worker-28: Building] INFO  o.e.m.c.i.embedder.EclipseLogger - Using 'UTF-8' encoding to copy filtered resources.
2023-10-16 12:29:41,599 [Worker-28: Building] INFO  o.e.m.c.i.embedder.EclipseLogger - Copying 0 resource
2023-10-16 12:29:41,601 [Worker-28: Building] INFO  o.e.m.c.i.embedder.EclipseLogger - Using 'UTF-8' encoding to copy filtered resources.
2023-10-16 12:29:41,601 [Worker-28: Building] INFO  o.e.m.c.i.embedder.EclipseLogger - skip non existing resourceDirectory D:\EJB2\JsfTest\src\test\resources
2023-10-16 12:30:04,387 [Worker-28: Building] INFO  o.e.m.c.i.embedder.EclipseLogger - Using 'UTF-8' encoding to copy filtered resources.
2023-10-16 12:30:04,387 [Worker-28: Building] INFO  o.e.m.c.i.embedder.EclipseLogger - Copying 0 resource
2023-10-16 12:30:04,389 [Worker-28: Building] INFO  o.e.m.c.i.embedder.EclipseLogger - Using 'UTF-8' encoding to copy filtered resources.
2023-10-16 12:30:04,389 [Worker-28: Building] INFO  o.e.m.c.i.embedder.EclipseLogger - skip non existing resourceDirectory D:\EJB2\JsfTest\src\test\resources
2023-10-16 12:30:20,408 [Worker-36: Building] INFO  o.e.m.c.i.embedder.EclipseLogger - Using 'UTF-8' encoding to copy filtered resources.
2023-10-16 12:30:20,409 [Worker-36: Building] INFO  o.e.m.c.i.embedder.EclipseLogger - Copying 0 resource
2023-10-16 12:30:20,411 [Worker-36: Building] INFO  o.e.m.c.i.embedder.EclipseLogger - Using 'UTF-8' encoding to copy filtered resources.
2023-10-16 12:30:20,411 [Worker-36: Building] INFO  o.e.m.c.i.embedder.EclipseLogger - skip non existing resourceDirectory D:\EJB2\JsfTest\src\test\resources
2023-10-16 12:31:16,723 [Worker-36: Building] INFO  o.e.m.c.i.embedder.EclipseLogger - Using 'UTF-8' encoding to copy filtered resources.
2023-10-16 12:31:16,723 [Worker-36: Building] INFO  o.e.m.c.i.embedder.EclipseLogger - Copying 0 resource
2023-10-16 12:31:16,725 [Worker-36: Building] INFO  o.e.m.c.i.embedder.EclipseLogger - Using 'UTF-8' encoding to copy filtered resources.
2023-10-16 12:31:16,725 [Worker-36: Building] INFO  o.e.m.c.i.embedder.EclipseLogger - skip non existing resourceDirectory D:\EJB2\JsfTest\src\test\resources
2023-10-16 12:31:25,403 [Worker-28: Building] INFO  o.e.m.c.i.embedder.EclipseLogger - Using 'UTF-8' encoding to copy filtered resources.
2023-10-16 12:31:25,404 [Worker-28: Building] INFO  o.e.m.c.i.embedder.EclipseLogger - Copying 0 resource
2023-10-16 12:31:25,406 [Worker-28: Building] INFO  o.e.m.c.i.embedder.EclipseLogger - Using 'UTF-8' encoding to copy filtered resources.
2023-10-16 12:31:25,407 [Worker-28: Building] INFO  o.e.m.c.i.embedder.EclipseLogger - skip non existing resourceDirectory D:\EJB2\JsfTest\src\test\resources
2023-10-16 12:32:09,071 [Worker-38: Building] INFO  o.e.m.c.i.embedder.EclipseLogger - Using 'UTF-8' encoding to copy filtered resources.
2023-10-16 12:32:09,072 [Worker-38: Building] INFO  o.e.m.c.i.embedder.EclipseLogger - Copying 0 resource
2023-10-16 12:32:09,077 [Worker-38: Building] INFO  o.e.m.c.i.embedder.EclipseLogger - Using 'UTF-8' encoding to copy filtered resources.
2023-10-16 12:32:09,077 [Worker-38: Building] INFO  o.e.m.c.i.embedder.EclipseLogger - skip non existing resourceDirectory D:\EJB2\JsfTest\src\test\resources
2023-10-16 12:32:24,442 [Worker-37: Building] INFO  o.e.m.c.i.embedder.EclipseLogger - Using 'UTF-8' encoding to copy filtered resources.
2023-10-16 12:32:24,443 [Worker-37: Building] INFO  o.e.m.c.i.embedder.EclipseLogger - Copying 0 resource
2023-10-16 12:32:24,445 [Worker-37: Building] INFO  o.e.m.c.i.embedder.EclipseLogger - Using 'UTF-8' encoding to copy filtered resources.
2023-10-16 12:32:24,445 [Worker-37: Building] INFO  o.e.m.c.i.embedder.EclipseLogger - skip non existing resourceDirectory D:\EJB2\JsfTest\src\test\resources
2023-10-16 12:32:44,401 [Worker-25: Building] INFO  o.e.m.c.i.embedder.EclipseLogger - Using 'UTF-8' encoding to copy filtered resources.
2023-10-16 12:32:44,402 [Worker-25: Building] INFO  o.e.m.c.i.embedder.EclipseLogger - Copying 0 resource
2023-10-16 12:32:44,403 [Worker-25: Building] INFO  o.e.m.c.i.embedder.EclipseLogger - Using 'UTF-8' encoding to copy filtered resources.
2023-10-16 12:32:44,403 [Worker-25: Building] INFO  o.e.m.c.i.embedder.EclipseLogger - skip non existing resourceDirectory D:\EJB2\JsfTest\src\test\resources
