2023-10-06 11:36:57,017 [Worker-2: Loading available Gradle versions] INFO  o.e.b.c.i.u.g.PublishedGradleVersions - Gradle version information cache is up-to-date. Trying to read.
2023-10-06 11:37:55,965 [Worker-13: Launching mavenrun-f90a65b0-3c41-42ec-9564-627e19765356] INFO  o.eclipse.m2e.core.internal.Bundles - getClasspathEntries(Bundle=org.eclipse.m2e.maven.runtime_3.8.701.20230209-1606 [610])
2023-10-06 11:37:55,992 [Worker-13: Launching mavenrun-f90a65b0-3c41-42ec-9564-627e19765356] INFO  o.eclipse.m2e.core.internal.Bundles - 	Entry: C:\Users\anirudhm\Downloads\eclipse-jee-2023-03-R-win32-x86_64\eclipse\plugins\org.eclipse.m2e.maven.runtime_3.8.701.20230209-1606
2023-10-06 11:37:55,993 [Worker-13: Launching mavenrun-f90a65b0-3c41-42ec-9564-627e19765356] INFO  o.eclipse.m2e.core.internal.Bundles - 	Entry: C:\Users\anirudhm\Downloads\eclipse-jee-2023-03-R-win32-x86_64\eclipse\plugins\org.eclipse.m2e.maven.runtime_3.8.701.20230209-1606\jars\aether-connector-okhttp-0.17.8.jar
2023-10-06 11:37:55,994 [Worker-13: Launching mavenrun-f90a65b0-3c41-42ec-9564-627e19765356] INFO  o.eclipse.m2e.core.internal.Bundles - 	Entry: C:\Users\anirudhm\Downloads\eclipse-jee-2023-03-R-win32-x86_64\eclipse\plugins\org.eclipse.m2e.maven.runtime_3.8.701.20230209-1606\jars\commons-lang3-3.8.1.jar
2023-10-06 11:37:55,994 [Worker-13: Launching mavenrun-f90a65b0-3c41-42ec-9564-627e19765356] INFO  o.eclipse.m2e.core.internal.Bundles - 	Entry: C:\Users\anirudhm\Downloads\eclipse-jee-2023-03-R-win32-x86_64\eclipse\plugins\org.eclipse.m2e.maven.runtime_3.8.701.20230209-1606\jars\guice-4.2.2-no_aop.jar
2023-10-06 11:37:55,994 [Worker-13: Launching mavenrun-f90a65b0-3c41-42ec-9564-627e19765356] INFO  o.eclipse.m2e.core.internal.Bundles - 	Entry: C:\Users\anirudhm\Downloads\eclipse-jee-2023-03-R-win32-x86_64\eclipse\plugins\org.eclipse.m2e.maven.runtime_3.8.701.20230209-1606\jars\jansi-2.4.0.jar
2023-10-06 11:37:55,994 [Worker-13: Launching mavenrun-f90a65b0-3c41-42ec-9564-627e19765356] INFO  o.eclipse.m2e.core.internal.Bundles - 	Entry: C:\Users\anirudhm\Downloads\eclipse-jee-2023-03-R-win32-x86_64\eclipse\plugins\org.eclipse.m2e.maven.runtime_3.8.701.20230209-1606\jars\maven-artifact-3.8.7.jar
2023-10-06 11:37:55,995 [Worker-13: Launching mavenrun-f90a65b0-3c41-42ec-9564-627e19765356] INFO  o.eclipse.m2e.core.internal.Bundles - 	Entry: C:\Users\anirudhm\Downloads\eclipse-jee-2023-03-R-win32-x86_64\eclipse\plugins\org.eclipse.m2e.maven.runtime_3.8.701.20230209-1606\jars\maven-builder-support-3.8.7.jar
2023-10-06 11:37:55,995 [Worker-13: Launching mavenrun-f90a65b0-3c41-42ec-9564-627e19765356] INFO  o.eclipse.m2e.core.internal.Bundles - 	Entry: C:\Users\anirudhm\Downloads\eclipse-jee-2023-03-R-win32-x86_64\eclipse\plugins\org.eclipse.m2e.maven.runtime_3.8.701.20230209-1606\jars\maven-compat-3.8.7.jar
2023-10-06 11:37:55,995 [Worker-13: Launching mavenrun-f90a65b0-3c41-42ec-9564-627e19765356] INFO  o.eclipse.m2e.core.internal.Bundles - 	Entry: C:\Users\anirudhm\Downloads\eclipse-jee-2023-03-R-win32-x86_64\eclipse\plugins\org.eclipse.m2e.maven.runtime_3.8.701.20230209-1606\jars\maven-core-3.8.7.jar
2023-10-06 11:37:55,995 [Worker-13: Launching mavenrun-f90a65b0-3c41-42ec-9564-627e19765356] INFO  o.eclipse.m2e.core.internal.Bundles - 	Entry: C:\Users\anirudhm\Downloads\eclipse-jee-2023-03-R-win32-x86_64\eclipse\plugins\org.eclipse.m2e.maven.runtime_3.8.701.20230209-1606\jars\maven-embedder-3.8.7.jar
2023-10-06 11:37:55,995 [Worker-13: Launching mavenrun-f90a65b0-3c41-42ec-9564-627e19765356] INFO  o.eclipse.m2e.core.internal.Bundles - 	Entry: C:\Users\anirudhm\Downloads\eclipse-jee-2023-03-R-win32-x86_64\eclipse\plugins\org.eclipse.m2e.maven.runtime_3.8.701.20230209-1606\jars\maven-model-3.8.7.jar
2023-10-06 11:37:55,996 [Worker-13: Launching mavenrun-f90a65b0-3c41-42ec-9564-627e19765356] INFO  o.eclipse.m2e.core.internal.Bundles - 	Entry: C:\Users\anirudhm\Downloads\eclipse-jee-2023-03-R-win32-x86_64\eclipse\plugins\org.eclipse.m2e.maven.runtime_3.8.701.20230209-1606\jars\maven-model-builder-3.8.7.jar
2023-10-06 11:37:55,996 [Worker-13: Launching mavenrun-f90a65b0-3c41-42ec-9564-627e19765356] INFO  o.eclipse.m2e.core.internal.Bundles - 	Entry: C:\Users\anirudhm\Downloads\eclipse-jee-2023-03-R-win32-x86_64\eclipse\plugins\org.eclipse.m2e.maven.runtime_3.8.701.20230209-1606\jars\maven-plugin-api-3.8.7.jar
2023-10-06 11:37:55,996 [Worker-13: Launching mavenrun-f90a65b0-3c41-42ec-9564-627e19765356] INFO  o.eclipse.m2e.core.internal.Bundles - 	Entry: C:\Users\anirudhm\Downloads\eclipse-jee-2023-03-R-win32-x86_64\eclipse\plugins\org.eclipse.m2e.maven.runtime_3.8.701.20230209-1606\jars\maven-repository-metadata-3.8.7.jar
2023-10-06 11:37:55,997 [Worker-13: Launching mavenrun-f90a65b0-3c41-42ec-9564-627e19765356] INFO  o.eclipse.m2e.core.internal.Bundles - 	Entry: C:\Users\anirudhm\Downloads\eclipse-jee-2023-03-R-win32-x86_64\eclipse\plugins\org.eclipse.m2e.maven.runtime_3.8.701.20230209-1606\jars\maven-resolver-api-1.6.3.jar
2023-10-06 11:37:55,997 [Worker-13: Launching mavenrun-f90a65b0-3c41-42ec-9564-627e19765356] INFO  o.eclipse.m2e.core.internal.Bundles - 	Entry: C:\Users\anirudhm\Downloads\eclipse-jee-2023-03-R-win32-x86_64\eclipse\plugins\org.eclipse.m2e.maven.runtime_3.8.701.20230209-1606\jars\maven-resolver-connector-basic-1.6.3.jar
2023-10-06 11:37:55,997 [Worker-13: Launching mavenrun-f90a65b0-3c41-42ec-9564-627e19765356] INFO  o.eclipse.m2e.core.internal.Bundles - 	Entry: C:\Users\anirudhm\Downloads\eclipse-jee-2023-03-R-win32-x86_64\eclipse\plugins\org.eclipse.m2e.maven.runtime_3.8.701.20230209-1606\jars\maven-resolver-impl-1.6.3.jar
2023-10-06 11:37:55,997 [Worker-13: Launching mavenrun-f90a65b0-3c41-42ec-9564-627e19765356] INFO  o.eclipse.m2e.core.internal.Bundles - 	Entry: C:\Users\anirudhm\Downloads\eclipse-jee-2023-03-R-win32-x86_64\eclipse\plugins\org.eclipse.m2e.maven.runtime_3.8.701.20230209-1606\jars\maven-resolver-provider-3.8.7.jar
2023-10-06 11:37:55,998 [Worker-13: Launching mavenrun-f90a65b0-3c41-42ec-9564-627e19765356] INFO  o.eclipse.m2e.core.internal.Bundles - 	Entry: C:\Users\anirudhm\Downloads\eclipse-jee-2023-03-R-win32-x86_64\eclipse\plugins\org.eclipse.m2e.maven.runtime_3.8.701.20230209-1606\jars\maven-resolver-spi-1.6.3.jar
2023-10-06 11:37:55,998 [Worker-13: Launching mavenrun-f90a65b0-3c41-42ec-9564-627e19765356] INFO  o.eclipse.m2e.core.internal.Bundles - 	Entry: C:\Users\anirudhm\Downloads\eclipse-jee-2023-03-R-win32-x86_64\eclipse\plugins\org.eclipse.m2e.maven.runtime_3.8.701.20230209-1606\jars\maven-resolver-transport-wagon-1.6.3.jar
2023-10-06 11:37:55,998 [Worker-13: Launching mavenrun-f90a65b0-3c41-42ec-9564-627e19765356] INFO  o.eclipse.m2e.core.internal.Bundles - 	Entry: C:\Users\anirudhm\Downloads\eclipse-jee-2023-03-R-win32-x86_64\eclipse\plugins\org.eclipse.m2e.maven.runtime_3.8.701.20230209-1606\jars\maven-resolver-util-1.6.3.jar
2023-10-06 11:37:55,998 [Worker-13: Launching mavenrun-f90a65b0-3c41-42ec-9564-627e19765356] INFO  o.eclipse.m2e.core.internal.Bundles - 	Entry: C:\Users\anirudhm\Downloads\eclipse-jee-2023-03-R-win32-x86_64\eclipse\plugins\org.eclipse.m2e.maven.runtime_3.8.701.20230209-1606\jars\maven-settings-3.8.7.jar
2023-10-06 11:37:55,999 [Worker-13: Launching mavenrun-f90a65b0-3c41-42ec-9564-627e19765356] INFO  o.eclipse.m2e.core.internal.Bundles - 	Entry: C:\Users\anirudhm\Downloads\eclipse-jee-2023-03-R-win32-x86_64\eclipse\plugins\org.eclipse.m2e.maven.runtime_3.8.701.20230209-1606\jars\maven-settings-builder-3.8.7.jar
2023-10-06 11:37:55,999 [Worker-13: Launching mavenrun-f90a65b0-3c41-42ec-9564-627e19765356] INFO  o.eclipse.m2e.core.internal.Bundles - 	Entry: C:\Users\anirudhm\Downloads\eclipse-jee-2023-03-R-win32-x86_64\eclipse\plugins\org.eclipse.m2e.maven.runtime_3.8.701.20230209-1606\jars\maven-shared-utils-3.3.4.jar
2023-10-06 11:37:55,999 [Worker-13: Launching mavenrun-f90a65b0-3c41-42ec-9564-627e19765356] INFO  o.eclipse.m2e.core.internal.Bundles - 	Entry: C:\Users\anirudhm\Downloads\eclipse-jee-2023-03-R-win32-x86_64\eclipse\plugins\org.eclipse.m2e.maven.runtime_3.8.701.20230209-1606\jars\okhttp-3.14.1.jar
2023-10-06 11:37:55,999 [Worker-13: Launching mavenrun-f90a65b0-3c41-42ec-9564-627e19765356] INFO  o.eclipse.m2e.core.internal.Bundles - 	Entry: C:\Users\anirudhm\Downloads\eclipse-jee-2023-03-R-win32-x86_64\eclipse\plugins\org.eclipse.m2e.maven.runtime_3.8.701.20230209-1606\jars\okio-1.17.3.jar
2023-10-06 11:37:56,000 [Worker-13: Launching mavenrun-f90a65b0-3c41-42ec-9564-627e19765356] INFO  o.eclipse.m2e.core.internal.Bundles - 	Entry: C:\Users\anirudhm\Downloads\eclipse-jee-2023-03-R-win32-x86_64\eclipse\plugins\org.eclipse.m2e.maven.runtime_3.8.701.20230209-1606\jars\org.eclipse.sisu.inject-0.3.5.jar
2023-10-06 11:37:56,000 [Worker-13: Launching mavenrun-f90a65b0-3c41-42ec-9564-627e19765356] INFO  o.eclipse.m2e.core.internal.Bundles - 	Entry: C:\Users\anirudhm\Downloads\eclipse-jee-2023-03-R-win32-x86_64\eclipse\plugins\org.eclipse.m2e.maven.runtime_3.8.701.20230209-1606\jars\org.eclipse.sisu.plexus-0.3.5.jar
2023-10-06 11:37:56,000 [Worker-13: Launching mavenrun-f90a65b0-3c41-42ec-9564-627e19765356] INFO  o.eclipse.m2e.core.internal.Bundles - 	Entry: C:\Users\anirudhm\Downloads\eclipse-jee-2023-03-R-win32-x86_64\eclipse\plugins\org.eclipse.m2e.maven.runtime_3.8.701.20230209-1606\jars\plexus-build-api-0.0.7.jar
2023-10-06 11:37:56,000 [Worker-13: Launching mavenrun-f90a65b0-3c41-42ec-9564-627e19765356] INFO  o.eclipse.m2e.core.internal.Bundles - 	Entry: C:\Users\anirudhm\Downloads\eclipse-jee-2023-03-R-win32-x86_64\eclipse\plugins\org.eclipse.m2e.maven.runtime_3.8.701.20230209-1606\jars\plexus-cipher-2.0.jar
2023-10-06 11:37:56,001 [Worker-13: Launching mavenrun-f90a65b0-3c41-42ec-9564-627e19765356] INFO  o.eclipse.m2e.core.internal.Bundles - 	Entry: C:\Users\anirudhm\Downloads\eclipse-jee-2023-03-R-win32-x86_64\eclipse\plugins\org.eclipse.m2e.maven.runtime_3.8.701.20230209-1606\jars\plexus-classworlds-2.6.0.jar
2023-10-06 11:37:56,001 [Worker-13: Launching mavenrun-f90a65b0-3c41-42ec-9564-627e19765356] INFO  o.eclipse.m2e.core.internal.Bundles - 	Entry: C:\Users\anirudhm\Downloads\eclipse-jee-2023-03-R-win32-x86_64\eclipse\plugins\org.eclipse.m2e.maven.runtime_3.8.701.20230209-1606\jars\plexus-component-annotations-2.1.0.jar
2023-10-06 11:37:56,001 [Worker-13: Launching mavenrun-f90a65b0-3c41-42ec-9564-627e19765356] INFO  o.eclipse.m2e.core.internal.Bundles - 	Entry: C:\Users\anirudhm\Downloads\eclipse-jee-2023-03-R-win32-x86_64\eclipse\plugins\org.eclipse.m2e.maven.runtime_3.8.701.20230209-1606\jars\plexus-interpolation-1.26.jar
2023-10-06 11:37:56,001 [Worker-13: Launching mavenrun-f90a65b0-3c41-42ec-9564-627e19765356] INFO  o.eclipse.m2e.core.internal.Bundles - 	Entry: C:\Users\anirudhm\Downloads\eclipse-jee-2023-03-R-win32-x86_64\eclipse\plugins\org.eclipse.m2e.maven.runtime_3.8.701.20230209-1606\jars\plexus-sec-dispatcher-2.0.jar
2023-10-06 11:37:56,002 [Worker-13: Launching mavenrun-f90a65b0-3c41-42ec-9564-627e19765356] INFO  o.eclipse.m2e.core.internal.Bundles - 	Entry: C:\Users\anirudhm\Downloads\eclipse-jee-2023-03-R-win32-x86_64\eclipse\plugins\org.eclipse.m2e.maven.runtime_3.8.701.20230209-1606\jars\plexus-utils-3.3.1.jar
2023-10-06 11:37:56,002 [Worker-13: Launching mavenrun-f90a65b0-3c41-42ec-9564-627e19765356] INFO  o.eclipse.m2e.core.internal.Bundles - 	Entry: C:\Users\anirudhm\Downloads\eclipse-jee-2023-03-R-win32-x86_64\eclipse\plugins\org.eclipse.m2e.maven.runtime_3.8.701.20230209-1606\jars\wagon-file-3.5.3.jar
2023-10-06 11:37:56,002 [Worker-13: Launching mavenrun-f90a65b0-3c41-42ec-9564-627e19765356] INFO  o.eclipse.m2e.core.internal.Bundles - 	Entry: C:\Users\anirudhm\Downloads\eclipse-jee-2023-03-R-win32-x86_64\eclipse\plugins\org.eclipse.m2e.maven.runtime_3.8.701.20230209-1606\jars\wagon-provider-api-3.5.3.jar
2023-10-06 11:37:56,004 [Worker-13: Launching mavenrun-f90a65b0-3c41-42ec-9564-627e19765356] INFO  o.eclipse.m2e.core.internal.Bundles - getClasspathEntries(Bundle=com.google.guava_31.1.0.jre [11])
2023-10-06 11:37:56,006 [Worker-13: Launching mavenrun-f90a65b0-3c41-42ec-9564-627e19765356] INFO  o.eclipse.m2e.core.internal.Bundles - 	Entry: C:\Users\anirudhm\Downloads\eclipse-jee-2023-03-R-win32-x86_64\eclipse\plugins\com.google.guava_31.1.0.jre.jar
2023-10-06 11:37:56,006 [Worker-13: Launching mavenrun-f90a65b0-3c41-42ec-9564-627e19765356] INFO  o.eclipse.m2e.core.internal.Bundles - getClasspathEntries(Bundle=slf4j.api_1.7.36 [924])
2023-10-06 11:37:56,008 [Worker-13: Launching mavenrun-f90a65b0-3c41-42ec-9564-627e19765356] INFO  o.eclipse.m2e.core.internal.Bundles - 	Entry: C:\Users\anirudhm\Downloads\eclipse-jee-2023-03-R-win32-x86_64\eclipse\plugins\slf4j.api_1.7.36.jar
2023-10-06 11:37:56,008 [Worker-13: Launching mavenrun-f90a65b0-3c41-42ec-9564-627e19765356] INFO  o.eclipse.m2e.core.internal.Bundles - getClasspathEntries(Bundle=javax.inject_1.0.0.v20220405-0441 [35])
2023-10-06 11:37:56,009 [Worker-13: Launching mavenrun-f90a65b0-3c41-42ec-9564-627e19765356] INFO  o.eclipse.m2e.core.internal.Bundles - 	Entry: C:\Users\anirudhm\Downloads\eclipse-jee-2023-03-R-win32-x86_64\eclipse\plugins\javax.inject_1.0.0.v20220405-0441.jar
2023-10-06 11:37:56,009 [Worker-13: Launching mavenrun-f90a65b0-3c41-42ec-9564-627e19765356] INFO  o.eclipse.m2e.core.internal.Bundles - getClasspathEntries(Bundle=javax.annotation_1.3.5.v20221203-1659 [33])
2023-10-06 11:37:56,011 [Worker-13: Launching mavenrun-f90a65b0-3c41-42ec-9564-627e19765356] INFO  o.eclipse.m2e.core.internal.Bundles - 	Entry: C:\Users\anirudhm\Downloads\eclipse-jee-2023-03-R-win32-x86_64\eclipse\plugins\javax.annotation_1.3.5.v20221203-1659.jar
2023-10-06 11:37:56,011 [Worker-13: Launching mavenrun-f90a65b0-3c41-42ec-9564-627e19765356] INFO  o.eclipse.m2e.core.internal.Bundles - getClasspathEntries(Bundle=org.apache.commons.cli_1.4.0.v20221112-0806 [67])
2023-10-06 11:37:56,013 [Worker-13: Launching mavenrun-f90a65b0-3c41-42ec-9564-627e19765356] INFO  o.eclipse.m2e.core.internal.Bundles - 	Entry: C:\Users\anirudhm\Downloads\eclipse-jee-2023-03-R-win32-x86_64\eclipse\plugins\org.apache.commons.cli_1.4.0.v20221112-0806.jar
2023-10-06 11:37:56,013 [Worker-13: Launching mavenrun-f90a65b0-3c41-42ec-9564-627e19765356] INFO  o.eclipse.m2e.core.internal.Bundles - getClasspathEntries(Bundle=com.google.guava.failureaccess_1.0.1 [13])
2023-10-06 11:37:56,014 [Worker-13: Launching mavenrun-f90a65b0-3c41-42ec-9564-627e19765356] INFO  o.eclipse.m2e.core.internal.Bundles - 	Entry: C:\Users\anirudhm\Downloads\eclipse-jee-2023-03-R-win32-x86_64\eclipse\plugins\com.google.guava.failureaccess_1.0.1.jar
2023-10-06 11:37:56,020 [Worker-13: Launching mavenrun-f90a65b0-3c41-42ec-9564-627e19765356] INFO  o.e.m.i.launch.MavenLaunchDelegate - Run build in "C:\Users\anirudhm\AppData\Local\Temp\m2e-archetypeGenerator5286873930261677730":
2023-10-06 11:37:56,025 [Worker-13: Launching mavenrun-f90a65b0-3c41-42ec-9564-627e19765356] INFO  o.e.m.i.launch.MavenLaunchDelegate -  mvn  -DarchetypeGroupId=de.bripkens -DarchetypeArtifactId=java-quickstart -DarchetypeVersion=0.2.0 -DgroupId=infinite -DartifactId=RegEx -Dversion=0.0.1-SNAPSHOT -Dpackage=com.java.reg -DoutputDirectory=D:\Java\RegEx -Dstyle.color=always -U archetype:generate
2023-10-06 11:38:15,356 [Worker-6: Creating java-quickstart] INFO  o.e.m.c.i.p.ProjectConfigurationManager - Collecting project info '/pom.xml' D:\Java\RegEx\RegEx\pom.xml
2023-10-06 11:38:25,023 [Worker-6: Creating java-quickstart] INFO  o.e.m.c.i.l.LifecycleMappingFactory - Using org.eclipse.m2e.jdt.JarLifecycleMapping lifecycle mapping for MavenProject: infinite:RegEx:0.0.1-SNAPSHOT @ D:\Java\RegEx\RegEx\pom.xml.
2023-10-06 11:38:26,946 [Worker-6: Creating java-quickstart] INFO  o.e.m.j.i.AbstractJavaProjectConfigurator - Adding source folder /RegEx/src/main/java
2023-10-06 11:38:26,957 [Worker-6: Creating java-quickstart] INFO  o.e.m.j.i.AbstractJavaProjectConfigurator - Adding source folder /RegEx/src/test/java
2023-10-06 11:38:28,288 [Worker-6: Creating java-quickstart] INFO  o.e.m.c.i.embedder.EclipseLogger - Using 'UTF-8' encoding to copy filtered resources.
2023-10-06 11:38:28,289 [Worker-6: Creating java-quickstart] INFO  o.e.m.c.i.embedder.EclipseLogger - skip non existing resourceDirectory D:\Java\RegEx\RegEx\src\main\resources
2023-10-06 11:38:28,293 [Worker-6: Creating java-quickstart] INFO  o.e.m.c.i.embedder.EclipseLogger - Using 'UTF-8' encoding to copy filtered resources.
2023-10-06 11:38:28,293 [Worker-6: Creating java-quickstart] INFO  o.e.m.c.i.embedder.EclipseLogger - skip non existing resourceDirectory D:\Java\RegEx\RegEx\src\test\resources
2023-10-06 11:38:28,502 [Worker-6: Creating java-quickstart] INFO  o.e.m.c.i.p.ProjectConfigurationManager - Imported and configured 1 project(s) in 13 sec
2023-10-06 11:38:39,565 [Worker-15: Building] INFO  o.e.m.c.i.embedder.EclipseLogger - Using 'UTF-8' encoding to copy filtered resources.
2023-10-06 11:38:39,566 [Worker-15: Building] INFO  o.e.m.c.i.embedder.EclipseLogger - skip non existing resourceDirectory D:\Java\RegEx\RegEx\src\main\resources
2023-10-06 11:38:39,570 [Worker-15: Building] INFO  o.e.m.c.i.embedder.EclipseLogger - Using 'UTF-8' encoding to copy filtered resources.
2023-10-06 11:38:39,571 [Worker-15: Building] INFO  o.e.m.c.i.embedder.EclipseLogger - skip non existing resourceDirectory D:\Java\RegEx\RegEx\src\test\resources
2023-10-06 11:39:49,593 [Worker-7: Building] INFO  o.e.m.c.i.embedder.EclipseLogger - Using 'UTF-8' encoding to copy filtered resources.
2023-10-06 11:39:49,594 [Worker-7: Building] INFO  o.e.m.c.i.embedder.EclipseLogger - skip non existing resourceDirectory D:\Java\RegEx\RegEx\src\main\resources
2023-10-06 11:39:49,597 [Worker-7: Building] INFO  o.e.m.c.i.embedder.EclipseLogger - Using 'UTF-8' encoding to copy filtered resources.
2023-10-06 11:39:49,597 [Worker-7: Building] INFO  o.e.m.c.i.embedder.EclipseLogger - skip non existing resourceDirectory D:\Java\RegEx\RegEx\src\test\resources
2023-10-06 11:45:36,964 [Worker-24: Building] INFO  o.e.m.c.i.embedder.EclipseLogger - Using 'UTF-8' encoding to copy filtered resources.
2023-10-06 11:45:36,964 [Worker-24: Building] INFO  o.e.m.c.i.embedder.EclipseLogger - skip non existing resourceDirectory D:\Java\RegEx\RegEx\src\main\resources
2023-10-06 11:45:36,967 [Worker-24: Building] INFO  o.e.m.c.i.embedder.EclipseLogger - Using 'UTF-8' encoding to copy filtered resources.
2023-10-06 11:45:36,967 [Worker-24: Building] INFO  o.e.m.c.i.embedder.EclipseLogger - skip non existing resourceDirectory D:\Java\RegEx\RegEx\src\test\resources
2023-10-06 11:49:57,446 [Worker-28: Building] INFO  o.e.m.c.i.embedder.EclipseLogger - Using 'UTF-8' encoding to copy filtered resources.
2023-10-06 11:49:57,446 [Worker-28: Building] INFO  o.e.m.c.i.embedder.EclipseLogger - skip non existing resourceDirectory D:\Java\RegEx\RegEx\src\main\resources
2023-10-06 11:49:57,448 [Worker-28: Building] INFO  o.e.m.c.i.embedder.EclipseLogger - Using 'UTF-8' encoding to copy filtered resources.
2023-10-06 11:49:57,448 [Worker-28: Building] INFO  o.e.m.c.i.embedder.EclipseLogger - skip non existing resourceDirectory D:\Java\RegEx\RegEx\src\test\resources
2023-10-06 11:50:16,812 [Worker-33: Building] INFO  o.e.m.c.i.embedder.EclipseLogger - Using 'UTF-8' encoding to copy filtered resources.
2023-10-06 11:50:16,813 [Worker-33: Building] INFO  o.e.m.c.i.embedder.EclipseLogger - skip non existing resourceDirectory D:\Java\RegEx\RegEx\src\main\resources
2023-10-06 11:50:16,815 [Worker-33: Building] INFO  o.e.m.c.i.embedder.EclipseLogger - Using 'UTF-8' encoding to copy filtered resources.
2023-10-06 11:50:16,815 [Worker-33: Building] INFO  o.e.m.c.i.embedder.EclipseLogger - skip non existing resourceDirectory D:\Java\RegEx\RegEx\src\test\resources
2023-10-06 11:58:16,184 [Worker-30: Building] INFO  o.e.m.c.i.embedder.EclipseLogger - Using 'UTF-8' encoding to copy filtered resources.
2023-10-06 11:58:16,184 [Worker-30: Building] INFO  o.e.m.c.i.embedder.EclipseLogger - skip non existing resourceDirectory D:\Java\RegEx\RegEx\src\main\resources
2023-10-06 11:58:16,185 [Worker-30: Building] INFO  o.e.m.c.i.embedder.EclipseLogger - Using 'UTF-8' encoding to copy filtered resources.
2023-10-06 11:58:16,185 [Worker-30: Building] INFO  o.e.m.c.i.embedder.EclipseLogger - skip non existing resourceDirectory D:\Java\RegEx\RegEx\src\test\resources
2023-10-06 11:59:25,086 [Worker-35: Building] INFO  o.e.m.c.i.embedder.EclipseLogger - Using 'UTF-8' encoding to copy filtered resources.
2023-10-06 11:59:25,086 [Worker-35: Building] INFO  o.e.m.c.i.embedder.EclipseLogger - skip non existing resourceDirectory D:\Java\RegEx\RegEx\src\main\resources
2023-10-06 11:59:25,089 [Worker-35: Building] INFO  o.e.m.c.i.embedder.EclipseLogger - Using 'UTF-8' encoding to copy filtered resources.
2023-10-06 11:59:25,089 [Worker-35: Building] INFO  o.e.m.c.i.embedder.EclipseLogger - skip non existing resourceDirectory D:\Java\RegEx\RegEx\src\test\resources
2023-10-06 12:01:21,358 [Worker-37: Building] INFO  o.e.m.c.i.embedder.EclipseLogger - Using 'UTF-8' encoding to copy filtered resources.
2023-10-06 12:01:21,358 [Worker-37: Building] INFO  o.e.m.c.i.embedder.EclipseLogger - skip non existing resourceDirectory D:\Java\RegEx\RegEx\src\main\resources
2023-10-06 12:01:21,360 [Worker-37: Building] INFO  o.e.m.c.i.embedder.EclipseLogger - Using 'UTF-8' encoding to copy filtered resources.
2023-10-06 12:01:21,360 [Worker-37: Building] INFO  o.e.m.c.i.embedder.EclipseLogger - skip non existing resourceDirectory D:\Java\RegEx\RegEx\src\test\resources
2023-10-06 12:01:44,479 [Worker-40: Building] INFO  o.e.m.c.i.embedder.EclipseLogger - Using 'UTF-8' encoding to copy filtered resources.
2023-10-06 12:01:44,479 [Worker-40: Building] INFO  o.e.m.c.i.embedder.EclipseLogger - skip non existing resourceDirectory D:\Java\RegEx\RegEx\src\main\resources
2023-10-06 12:01:44,482 [Worker-40: Building] INFO  o.e.m.c.i.embedder.EclipseLogger - Using 'UTF-8' encoding to copy filtered resources.
2023-10-06 12:01:44,482 [Worker-40: Building] INFO  o.e.m.c.i.embedder.EclipseLogger - skip non existing resourceDirectory D:\Java\RegEx\RegEx\src\test\resources
2023-10-06 12:02:43,479 [Worker-35: Building] INFO  o.e.m.c.i.embedder.EclipseLogger - Using 'UTF-8' encoding to copy filtered resources.
2023-10-06 12:02:43,479 [Worker-35: Building] INFO  o.e.m.c.i.embedder.EclipseLogger - skip non existing resourceDirectory D:\Java\RegEx\RegEx\src\main\resources
2023-10-06 12:02:43,480 [Worker-35: Building] INFO  o.e.m.c.i.embedder.EclipseLogger - Using 'UTF-8' encoding to copy filtered resources.
2023-10-06 12:02:43,480 [Worker-35: Building] INFO  o.e.m.c.i.embedder.EclipseLogger - skip non existing resourceDirectory D:\Java\RegEx\RegEx\src\test\resources
2023-10-06 12:10:17,383 [Worker-49: Building] INFO  o.e.m.c.i.embedder.EclipseLogger - Using 'UTF-8' encoding to copy filtered resources.
2023-10-06 12:10:17,383 [Worker-49: Building] INFO  o.e.m.c.i.embedder.EclipseLogger - skip non existing resourceDirectory D:\Java\RegEx\RegEx\src\main\resources
2023-10-06 12:10:17,386 [Worker-49: Building] INFO  o.e.m.c.i.embedder.EclipseLogger - Using 'UTF-8' encoding to copy filtered resources.
2023-10-06 12:10:17,386 [Worker-49: Building] INFO  o.e.m.c.i.embedder.EclipseLogger - skip non existing resourceDirectory D:\Java\RegEx\RegEx\src\test\resources
2023-10-06 12:11:25,365 [Worker-53: Building] INFO  o.e.m.c.i.embedder.EclipseLogger - Using 'UTF-8' encoding to copy filtered resources.
2023-10-06 12:11:25,365 [Worker-53: Building] INFO  o.e.m.c.i.embedder.EclipseLogger - skip non existing resourceDirectory D:\Java\RegEx\RegEx\src\main\resources
2023-10-06 12:11:25,369 [Worker-53: Building] INFO  o.e.m.c.i.embedder.EclipseLogger - Using 'UTF-8' encoding to copy filtered resources.
2023-10-06 12:11:25,369 [Worker-53: Building] INFO  o.e.m.c.i.embedder.EclipseLogger - skip non existing resourceDirectory D:\Java\RegEx\RegEx\src\test\resources
2023-10-06 12:15:24,299 [Worker-54: Building] INFO  o.e.m.c.i.embedder.EclipseLogger - Using 'UTF-8' encoding to copy filtered resources.
2023-10-06 12:15:24,299 [Worker-54: Building] INFO  o.e.m.c.i.embedder.EclipseLogger - skip non existing resourceDirectory D:\Java\RegEx\RegEx\src\main\resources
2023-10-06 12:15:24,303 [Worker-54: Building] INFO  o.e.m.c.i.embedder.EclipseLogger - Using 'UTF-8' encoding to copy filtered resources.
2023-10-06 12:15:24,303 [Worker-54: Building] INFO  o.e.m.c.i.embedder.EclipseLogger - skip non existing resourceDirectory D:\Java\RegEx\RegEx\src\test\resources
2023-10-06 12:15:44,442 [Worker-59: Building] INFO  o.e.m.c.i.embedder.EclipseLogger - Using 'UTF-8' encoding to copy filtered resources.
2023-10-06 12:15:44,442 [Worker-59: Building] INFO  o.e.m.c.i.embedder.EclipseLogger - skip non existing resourceDirectory D:\Java\RegEx\RegEx\src\main\resources
2023-10-06 12:15:44,445 [Worker-59: Building] INFO  o.e.m.c.i.embedder.EclipseLogger - Using 'UTF-8' encoding to copy filtered resources.
2023-10-06 12:15:44,445 [Worker-59: Building] INFO  o.e.m.c.i.embedder.EclipseLogger - skip non existing resourceDirectory D:\Java\RegEx\RegEx\src\test\resources
2023-10-06 12:16:00,923 [Worker-60: Building] INFO  o.e.m.c.i.embedder.EclipseLogger - Using 'UTF-8' encoding to copy filtered resources.
2023-10-06 12:16:00,923 [Worker-60: Building] INFO  o.e.m.c.i.embedder.EclipseLogger - skip non existing resourceDirectory D:\Java\RegEx\RegEx\src\main\resources
2023-10-06 12:16:00,930 [Worker-60: Building] INFO  o.e.m.c.i.embedder.EclipseLogger - Using 'UTF-8' encoding to copy filtered resources.
2023-10-06 12:16:00,930 [Worker-60: Building] INFO  o.e.m.c.i.embedder.EclipseLogger - skip non existing resourceDirectory D:\Java\RegEx\RegEx\src\test\resources
2023-10-06 12:21:47,080 [Worker-59: Building] INFO  o.e.m.c.i.embedder.EclipseLogger - Using 'UTF-8' encoding to copy filtered resources.
2023-10-06 12:21:47,080 [Worker-59: Building] INFO  o.e.m.c.i.embedder.EclipseLogger - skip non existing resourceDirectory D:\Java\RegEx\RegEx\src\main\resources
2023-10-06 12:21:47,082 [Worker-59: Building] INFO  o.e.m.c.i.embedder.EclipseLogger - Using 'UTF-8' encoding to copy filtered resources.
2023-10-06 12:21:47,082 [Worker-59: Building] INFO  o.e.m.c.i.embedder.EclipseLogger - skip non existing resourceDirectory D:\Java\RegEx\RegEx\src\test\resources
2023-10-06 12:21:55,590 [Worker-64: Building] INFO  o.e.m.c.i.embedder.EclipseLogger - Using 'UTF-8' encoding to copy filtered resources.
2023-10-06 12:21:55,590 [Worker-64: Building] INFO  o.e.m.c.i.embedder.EclipseLogger - skip non existing resourceDirectory D:\Java\RegEx\RegEx\src\main\resources
2023-10-06 12:21:55,592 [Worker-64: Building] INFO  o.e.m.c.i.embedder.EclipseLogger - Using 'UTF-8' encoding to copy filtered resources.
2023-10-06 12:21:55,592 [Worker-64: Building] INFO  o.e.m.c.i.embedder.EclipseLogger - skip non existing resourceDirectory D:\Java\RegEx\RegEx\src\test\resources
2023-10-06 12:23:45,666 [Worker-56: Building] INFO  o.e.m.c.i.embedder.EclipseLogger - Using 'UTF-8' encoding to copy filtered resources.
2023-10-06 12:23:45,667 [Worker-56: Building] INFO  o.e.m.c.i.embedder.EclipseLogger - skip non existing resourceDirectory D:\Java\RegEx\RegEx\src\main\resources
2023-10-06 12:23:45,668 [Worker-56: Building] INFO  o.e.m.c.i.embedder.EclipseLogger - Using 'UTF-8' encoding to copy filtered resources.
2023-10-06 12:23:45,668 [Worker-56: Building] INFO  o.e.m.c.i.embedder.EclipseLogger - skip non existing resourceDirectory D:\Java\RegEx\RegEx\src\test\resources
2023-10-06 12:23:54,766 [Worker-56: Building] INFO  o.e.m.c.i.embedder.EclipseLogger - Using 'UTF-8' encoding to copy filtered resources.
2023-10-06 12:23:54,766 [Worker-56: Building] INFO  o.e.m.c.i.embedder.EclipseLogger - skip non existing resourceDirectory D:\Java\RegEx\RegEx\src\main\resources
2023-10-06 12:23:54,771 [Worker-56: Building] INFO  o.e.m.c.i.embedder.EclipseLogger - Using 'UTF-8' encoding to copy filtered resources.
2023-10-06 12:23:54,771 [Worker-56: Building] INFO  o.e.m.c.i.embedder.EclipseLogger - skip non existing resourceDirectory D:\Java\RegEx\RegEx\src\test\resources
2023-10-06 12:24:25,476 [Worker-73: Building] INFO  o.e.m.c.i.embedder.EclipseLogger - Using 'UTF-8' encoding to copy filtered resources.
2023-10-06 12:24:25,477 [Worker-73: Building] INFO  o.e.m.c.i.embedder.EclipseLogger - skip non existing resourceDirectory D:\Java\RegEx\RegEx\src\main\resources
2023-10-06 12:24:25,480 [Worker-73: Building] INFO  o.e.m.c.i.embedder.EclipseLogger - Using 'UTF-8' encoding to copy filtered resources.
2023-10-06 12:24:25,481 [Worker-73: Building] INFO  o.e.m.c.i.embedder.EclipseLogger - skip non existing resourceDirectory D:\Java\RegEx\RegEx\src\test\resources
2023-10-06 12:35:36,368 [Worker-82: Building] INFO  o.e.m.c.i.embedder.EclipseLogger - Using 'UTF-8' encoding to copy filtered resources.
2023-10-06 12:35:36,369 [Worker-82: Building] INFO  o.e.m.c.i.embedder.EclipseLogger - skip non existing resourceDirectory D:\Java\RegEx\RegEx\src\main\resources
2023-10-06 12:35:36,373 [Worker-82: Building] INFO  o.e.m.c.i.embedder.EclipseLogger - Using 'UTF-8' encoding to copy filtered resources.
2023-10-06 12:35:36,373 [Worker-82: Building] INFO  o.e.m.c.i.embedder.EclipseLogger - skip non existing resourceDirectory D:\Java\RegEx\RegEx\src\test\resources
2023-10-06 12:36:54,728 [Worker-77: Building] INFO  o.e.m.c.i.embedder.EclipseLogger - Using 'UTF-8' encoding to copy filtered resources.
2023-10-06 12:36:54,728 [Worker-77: Building] INFO  o.e.m.c.i.embedder.EclipseLogger - skip non existing resourceDirectory D:\Java\RegEx\RegEx\src\main\resources
2023-10-06 12:36:54,730 [Worker-77: Building] INFO  o.e.m.c.i.embedder.EclipseLogger - Using 'UTF-8' encoding to copy filtered resources.
2023-10-06 12:36:54,730 [Worker-77: Building] INFO  o.e.m.c.i.embedder.EclipseLogger - skip non existing resourceDirectory D:\Java\RegEx\RegEx\src\test\resources
