2023-10-30 10:35:33,549 [Worker-4: Loading available Gradle versions] INFO  o.e.b.c.i.u.g.PublishedGradleVersions - Gradle version information cache is up-to-date. Trying to read.
2023-10-30 10:36:18,586 [Worker-5: Building] INFO  o.e.m.c.i.l.LifecycleMappingFactory - Using org.eclipse.m2e.jdt.JarLifecycleMapping lifecycle mapping for MavenProject: inf:EjbStateFullClient:0.0.1-SNAPSHOT @ C:\Users\anirudhm\Downloads\Day47_1\Day47_1\EjbStateFullClient\pom.xml.
2023-10-30 10:36:39,989 [Worker-5: Building] INFO  o.e.m.c.i.embedder.EclipseLogger - Using 'UTF-8' encoding to copy filtered resources.
2023-10-30 10:36:39,989 [Worker-5: Building] INFO  o.e.m.c.i.embedder.EclipseLogger - skip non existing resourceDirectory C:\Users\anirudhm\Downloads\Day47_1\Day47_1\EjbStateFullClient\src\main\resources
2023-10-30 10:36:39,992 [Worker-5: Building] INFO  o.e.m.c.i.embedder.EclipseLogger - Using 'UTF-8' encoding to copy filtered resources.
2023-10-30 10:36:39,992 [Worker-5: Building] INFO  o.e.m.c.i.embedder.EclipseLogger - skip non existing resourceDirectory C:\Users\anirudhm\Downloads\Day47_1\Day47_1\EjbStateFullClient\src\test\resources
2023-10-30 12:30:20,075 [Worker-48: Launching mavenrun-6bad651f-5acf-4534-bb9c-1f07a67aaae0] INFO  o.eclipse.m2e.core.internal.Bundles - getClasspathEntries(Bundle=org.eclipse.m2e.maven.runtime_3.8.701.20230209-1606 [610])
2023-10-30 12:30:20,095 [Worker-48: Launching mavenrun-6bad651f-5acf-4534-bb9c-1f07a67aaae0] INFO  o.eclipse.m2e.core.internal.Bundles - 	Entry: C:\Users\anirudhm\Downloads\eclipse-jee-2023-03-R-win32-x86_64\eclipse\plugins\org.eclipse.m2e.maven.runtime_3.8.701.20230209-1606
2023-10-30 12:30:20,095 [Worker-48: Launching mavenrun-6bad651f-5acf-4534-bb9c-1f07a67aaae0] INFO  o.eclipse.m2e.core.internal.Bundles - 	Entry: C:\Users\anirudhm\Downloads\eclipse-jee-2023-03-R-win32-x86_64\eclipse\plugins\org.eclipse.m2e.maven.runtime_3.8.701.20230209-1606\jars\aether-connector-okhttp-0.17.8.jar
2023-10-30 12:30:20,095 [Worker-48: Launching mavenrun-6bad651f-5acf-4534-bb9c-1f07a67aaae0] INFO  o.eclipse.m2e.core.internal.Bundles - 	Entry: C:\Users\anirudhm\Downloads\eclipse-jee-2023-03-R-win32-x86_64\eclipse\plugins\org.eclipse.m2e.maven.runtime_3.8.701.20230209-1606\jars\commons-lang3-3.8.1.jar
2023-10-30 12:30:20,096 [Worker-48: Launching mavenrun-6bad651f-5acf-4534-bb9c-1f07a67aaae0] INFO  o.eclipse.m2e.core.internal.Bundles - 	Entry: C:\Users\anirudhm\Downloads\eclipse-jee-2023-03-R-win32-x86_64\eclipse\plugins\org.eclipse.m2e.maven.runtime_3.8.701.20230209-1606\jars\guice-4.2.2-no_aop.jar
2023-10-30 12:30:20,096 [Worker-48: Launching mavenrun-6bad651f-5acf-4534-bb9c-1f07a67aaae0] INFO  o.eclipse.m2e.core.internal.Bundles - 	Entry: C:\Users\anirudhm\Downloads\eclipse-jee-2023-03-R-win32-x86_64\eclipse\plugins\org.eclipse.m2e.maven.runtime_3.8.701.20230209-1606\jars\jansi-2.4.0.jar
2023-10-30 12:30:20,096 [Worker-48: Launching mavenrun-6bad651f-5acf-4534-bb9c-1f07a67aaae0] INFO  o.eclipse.m2e.core.internal.Bundles - 	Entry: C:\Users\anirudhm\Downloads\eclipse-jee-2023-03-R-win32-x86_64\eclipse\plugins\org.eclipse.m2e.maven.runtime_3.8.701.20230209-1606\jars\maven-artifact-3.8.7.jar
2023-10-30 12:30:20,096 [Worker-48: Launching mavenrun-6bad651f-5acf-4534-bb9c-1f07a67aaae0] INFO  o.eclipse.m2e.core.internal.Bundles - 	Entry: C:\Users\anirudhm\Downloads\eclipse-jee-2023-03-R-win32-x86_64\eclipse\plugins\org.eclipse.m2e.maven.runtime_3.8.701.20230209-1606\jars\maven-builder-support-3.8.7.jar
2023-10-30 12:30:20,096 [Worker-48: Launching mavenrun-6bad651f-5acf-4534-bb9c-1f07a67aaae0] INFO  o.eclipse.m2e.core.internal.Bundles - 	Entry: C:\Users\anirudhm\Downloads\eclipse-jee-2023-03-R-win32-x86_64\eclipse\plugins\org.eclipse.m2e.maven.runtime_3.8.701.20230209-1606\jars\maven-compat-3.8.7.jar
2023-10-30 12:30:20,096 [Worker-48: Launching mavenrun-6bad651f-5acf-4534-bb9c-1f07a67aaae0] INFO  o.eclipse.m2e.core.internal.Bundles - 	Entry: C:\Users\anirudhm\Downloads\eclipse-jee-2023-03-R-win32-x86_64\eclipse\plugins\org.eclipse.m2e.maven.runtime_3.8.701.20230209-1606\jars\maven-core-3.8.7.jar
2023-10-30 12:30:20,097 [Worker-48: Launching mavenrun-6bad651f-5acf-4534-bb9c-1f07a67aaae0] INFO  o.eclipse.m2e.core.internal.Bundles - 	Entry: C:\Users\anirudhm\Downloads\eclipse-jee-2023-03-R-win32-x86_64\eclipse\plugins\org.eclipse.m2e.maven.runtime_3.8.701.20230209-1606\jars\maven-embedder-3.8.7.jar
2023-10-30 12:30:20,097 [Worker-48: Launching mavenrun-6bad651f-5acf-4534-bb9c-1f07a67aaae0] INFO  o.eclipse.m2e.core.internal.Bundles - 	Entry: C:\Users\anirudhm\Downloads\eclipse-jee-2023-03-R-win32-x86_64\eclipse\plugins\org.eclipse.m2e.maven.runtime_3.8.701.20230209-1606\jars\maven-model-3.8.7.jar
2023-10-30 12:30:20,097 [Worker-48: Launching mavenrun-6bad651f-5acf-4534-bb9c-1f07a67aaae0] INFO  o.eclipse.m2e.core.internal.Bundles - 	Entry: C:\Users\anirudhm\Downloads\eclipse-jee-2023-03-R-win32-x86_64\eclipse\plugins\org.eclipse.m2e.maven.runtime_3.8.701.20230209-1606\jars\maven-model-builder-3.8.7.jar
2023-10-30 12:30:20,097 [Worker-48: Launching mavenrun-6bad651f-5acf-4534-bb9c-1f07a67aaae0] INFO  o.eclipse.m2e.core.internal.Bundles - 	Entry: C:\Users\anirudhm\Downloads\eclipse-jee-2023-03-R-win32-x86_64\eclipse\plugins\org.eclipse.m2e.maven.runtime_3.8.701.20230209-1606\jars\maven-plugin-api-3.8.7.jar
2023-10-30 12:30:20,098 [Worker-48: Launching mavenrun-6bad651f-5acf-4534-bb9c-1f07a67aaae0] INFO  o.eclipse.m2e.core.internal.Bundles - 	Entry: C:\Users\anirudhm\Downloads\eclipse-jee-2023-03-R-win32-x86_64\eclipse\plugins\org.eclipse.m2e.maven.runtime_3.8.701.20230209-1606\jars\maven-repository-metadata-3.8.7.jar
2023-10-30 12:30:20,098 [Worker-48: Launching mavenrun-6bad651f-5acf-4534-bb9c-1f07a67aaae0] INFO  o.eclipse.m2e.core.internal.Bundles - 	Entry: C:\Users\anirudhm\Downloads\eclipse-jee-2023-03-R-win32-x86_64\eclipse\plugins\org.eclipse.m2e.maven.runtime_3.8.701.20230209-1606\jars\maven-resolver-api-1.6.3.jar
2023-10-30 12:30:20,099 [Worker-48: Launching mavenrun-6bad651f-5acf-4534-bb9c-1f07a67aaae0] INFO  o.eclipse.m2e.core.internal.Bundles - 	Entry: C:\Users\anirudhm\Downloads\eclipse-jee-2023-03-R-win32-x86_64\eclipse\plugins\org.eclipse.m2e.maven.runtime_3.8.701.20230209-1606\jars\maven-resolver-connector-basic-1.6.3.jar
2023-10-30 12:30:20,099 [Worker-48: Launching mavenrun-6bad651f-5acf-4534-bb9c-1f07a67aaae0] INFO  o.eclipse.m2e.core.internal.Bundles - 	Entry: C:\Users\anirudhm\Downloads\eclipse-jee-2023-03-R-win32-x86_64\eclipse\plugins\org.eclipse.m2e.maven.runtime_3.8.701.20230209-1606\jars\maven-resolver-impl-1.6.3.jar
2023-10-30 12:30:20,100 [Worker-48: Launching mavenrun-6bad651f-5acf-4534-bb9c-1f07a67aaae0] INFO  o.eclipse.m2e.core.internal.Bundles - 	Entry: C:\Users\anirudhm\Downloads\eclipse-jee-2023-03-R-win32-x86_64\eclipse\plugins\org.eclipse.m2e.maven.runtime_3.8.701.20230209-1606\jars\maven-resolver-provider-3.8.7.jar
2023-10-30 12:30:20,101 [Worker-48: Launching mavenrun-6bad651f-5acf-4534-bb9c-1f07a67aaae0] INFO  o.eclipse.m2e.core.internal.Bundles - 	Entry: C:\Users\anirudhm\Downloads\eclipse-jee-2023-03-R-win32-x86_64\eclipse\plugins\org.eclipse.m2e.maven.runtime_3.8.701.20230209-1606\jars\maven-resolver-spi-1.6.3.jar
2023-10-30 12:30:20,102 [Worker-48: Launching mavenrun-6bad651f-5acf-4534-bb9c-1f07a67aaae0] INFO  o.eclipse.m2e.core.internal.Bundles - 	Entry: C:\Users\anirudhm\Downloads\eclipse-jee-2023-03-R-win32-x86_64\eclipse\plugins\org.eclipse.m2e.maven.runtime_3.8.701.20230209-1606\jars\maven-resolver-transport-wagon-1.6.3.jar
2023-10-30 12:30:20,102 [Worker-48: Launching mavenrun-6bad651f-5acf-4534-bb9c-1f07a67aaae0] INFO  o.eclipse.m2e.core.internal.Bundles - 	Entry: C:\Users\anirudhm\Downloads\eclipse-jee-2023-03-R-win32-x86_64\eclipse\plugins\org.eclipse.m2e.maven.runtime_3.8.701.20230209-1606\jars\maven-resolver-util-1.6.3.jar
2023-10-30 12:30:20,102 [Worker-48: Launching mavenrun-6bad651f-5acf-4534-bb9c-1f07a67aaae0] INFO  o.eclipse.m2e.core.internal.Bundles - 	Entry: C:\Users\anirudhm\Downloads\eclipse-jee-2023-03-R-win32-x86_64\eclipse\plugins\org.eclipse.m2e.maven.runtime_3.8.701.20230209-1606\jars\maven-settings-3.8.7.jar
2023-10-30 12:30:20,102 [Worker-48: Launching mavenrun-6bad651f-5acf-4534-bb9c-1f07a67aaae0] INFO  o.eclipse.m2e.core.internal.Bundles - 	Entry: C:\Users\anirudhm\Downloads\eclipse-jee-2023-03-R-win32-x86_64\eclipse\plugins\org.eclipse.m2e.maven.runtime_3.8.701.20230209-1606\jars\maven-settings-builder-3.8.7.jar
2023-10-30 12:30:20,103 [Worker-48: Launching mavenrun-6bad651f-5acf-4534-bb9c-1f07a67aaae0] INFO  o.eclipse.m2e.core.internal.Bundles - 	Entry: C:\Users\anirudhm\Downloads\eclipse-jee-2023-03-R-win32-x86_64\eclipse\plugins\org.eclipse.m2e.maven.runtime_3.8.701.20230209-1606\jars\maven-shared-utils-3.3.4.jar
2023-10-30 12:30:20,103 [Worker-48: Launching mavenrun-6bad651f-5acf-4534-bb9c-1f07a67aaae0] INFO  o.eclipse.m2e.core.internal.Bundles - 	Entry: C:\Users\anirudhm\Downloads\eclipse-jee-2023-03-R-win32-x86_64\eclipse\plugins\org.eclipse.m2e.maven.runtime_3.8.701.20230209-1606\jars\okhttp-3.14.1.jar
2023-10-30 12:30:20,103 [Worker-48: Launching mavenrun-6bad651f-5acf-4534-bb9c-1f07a67aaae0] INFO  o.eclipse.m2e.core.internal.Bundles - 	Entry: C:\Users\anirudhm\Downloads\eclipse-jee-2023-03-R-win32-x86_64\eclipse\plugins\org.eclipse.m2e.maven.runtime_3.8.701.20230209-1606\jars\okio-1.17.3.jar
2023-10-30 12:30:20,104 [Worker-48: Launching mavenrun-6bad651f-5acf-4534-bb9c-1f07a67aaae0] INFO  o.eclipse.m2e.core.internal.Bundles - 	Entry: C:\Users\anirudhm\Downloads\eclipse-jee-2023-03-R-win32-x86_64\eclipse\plugins\org.eclipse.m2e.maven.runtime_3.8.701.20230209-1606\jars\org.eclipse.sisu.inject-0.3.5.jar
2023-10-30 12:30:20,104 [Worker-48: Launching mavenrun-6bad651f-5acf-4534-bb9c-1f07a67aaae0] INFO  o.eclipse.m2e.core.internal.Bundles - 	Entry: C:\Users\anirudhm\Downloads\eclipse-jee-2023-03-R-win32-x86_64\eclipse\plugins\org.eclipse.m2e.maven.runtime_3.8.701.20230209-1606\jars\org.eclipse.sisu.plexus-0.3.5.jar
2023-10-30 12:30:20,105 [Worker-48: Launching mavenrun-6bad651f-5acf-4534-bb9c-1f07a67aaae0] INFO  o.eclipse.m2e.core.internal.Bundles - 	Entry: C:\Users\anirudhm\Downloads\eclipse-jee-2023-03-R-win32-x86_64\eclipse\plugins\org.eclipse.m2e.maven.runtime_3.8.701.20230209-1606\jars\plexus-build-api-0.0.7.jar
2023-10-30 12:30:20,105 [Worker-48: Launching mavenrun-6bad651f-5acf-4534-bb9c-1f07a67aaae0] INFO  o.eclipse.m2e.core.internal.Bundles - 	Entry: C:\Users\anirudhm\Downloads\eclipse-jee-2023-03-R-win32-x86_64\eclipse\plugins\org.eclipse.m2e.maven.runtime_3.8.701.20230209-1606\jars\plexus-cipher-2.0.jar
2023-10-30 12:30:20,105 [Worker-48: Launching mavenrun-6bad651f-5acf-4534-bb9c-1f07a67aaae0] INFO  o.eclipse.m2e.core.internal.Bundles - 	Entry: C:\Users\anirudhm\Downloads\eclipse-jee-2023-03-R-win32-x86_64\eclipse\plugins\org.eclipse.m2e.maven.runtime_3.8.701.20230209-1606\jars\plexus-classworlds-2.6.0.jar
2023-10-30 12:30:20,105 [Worker-48: Launching mavenrun-6bad651f-5acf-4534-bb9c-1f07a67aaae0] INFO  o.eclipse.m2e.core.internal.Bundles - 	Entry: C:\Users\anirudhm\Downloads\eclipse-jee-2023-03-R-win32-x86_64\eclipse\plugins\org.eclipse.m2e.maven.runtime_3.8.701.20230209-1606\jars\plexus-component-annotations-2.1.0.jar
2023-10-30 12:30:20,105 [Worker-48: Launching mavenrun-6bad651f-5acf-4534-bb9c-1f07a67aaae0] INFO  o.eclipse.m2e.core.internal.Bundles - 	Entry: C:\Users\anirudhm\Downloads\eclipse-jee-2023-03-R-win32-x86_64\eclipse\plugins\org.eclipse.m2e.maven.runtime_3.8.701.20230209-1606\jars\plexus-interpolation-1.26.jar
2023-10-30 12:30:20,105 [Worker-48: Launching mavenrun-6bad651f-5acf-4534-bb9c-1f07a67aaae0] INFO  o.eclipse.m2e.core.internal.Bundles - 	Entry: C:\Users\anirudhm\Downloads\eclipse-jee-2023-03-R-win32-x86_64\eclipse\plugins\org.eclipse.m2e.maven.runtime_3.8.701.20230209-1606\jars\plexus-sec-dispatcher-2.0.jar
2023-10-30 12:30:20,106 [Worker-48: Launching mavenrun-6bad651f-5acf-4534-bb9c-1f07a67aaae0] INFO  o.eclipse.m2e.core.internal.Bundles - 	Entry: C:\Users\anirudhm\Downloads\eclipse-jee-2023-03-R-win32-x86_64\eclipse\plugins\org.eclipse.m2e.maven.runtime_3.8.701.20230209-1606\jars\plexus-utils-3.3.1.jar
2023-10-30 12:30:20,106 [Worker-48: Launching mavenrun-6bad651f-5acf-4534-bb9c-1f07a67aaae0] INFO  o.eclipse.m2e.core.internal.Bundles - 	Entry: C:\Users\anirudhm\Downloads\eclipse-jee-2023-03-R-win32-x86_64\eclipse\plugins\org.eclipse.m2e.maven.runtime_3.8.701.20230209-1606\jars\wagon-file-3.5.3.jar
2023-10-30 12:30:20,107 [Worker-48: Launching mavenrun-6bad651f-5acf-4534-bb9c-1f07a67aaae0] INFO  o.eclipse.m2e.core.internal.Bundles - 	Entry: C:\Users\anirudhm\Downloads\eclipse-jee-2023-03-R-win32-x86_64\eclipse\plugins\org.eclipse.m2e.maven.runtime_3.8.701.20230209-1606\jars\wagon-provider-api-3.5.3.jar
2023-10-30 12:30:20,111 [Worker-48: Launching mavenrun-6bad651f-5acf-4534-bb9c-1f07a67aaae0] INFO  o.eclipse.m2e.core.internal.Bundles - getClasspathEntries(Bundle=com.google.guava_31.1.0.jre [11])
2023-10-30 12:30:20,116 [Worker-48: Launching mavenrun-6bad651f-5acf-4534-bb9c-1f07a67aaae0] INFO  o.eclipse.m2e.core.internal.Bundles - 	Entry: C:\Users\anirudhm\Downloads\eclipse-jee-2023-03-R-win32-x86_64\eclipse\plugins\com.google.guava_31.1.0.jre.jar
2023-10-30 12:30:20,116 [Worker-48: Launching mavenrun-6bad651f-5acf-4534-bb9c-1f07a67aaae0] INFO  o.eclipse.m2e.core.internal.Bundles - getClasspathEntries(Bundle=slf4j.api_1.7.36 [924])
2023-10-30 12:30:20,120 [Worker-48: Launching mavenrun-6bad651f-5acf-4534-bb9c-1f07a67aaae0] INFO  o.eclipse.m2e.core.internal.Bundles - 	Entry: C:\Users\anirudhm\Downloads\eclipse-jee-2023-03-R-win32-x86_64\eclipse\plugins\slf4j.api_1.7.36.jar
2023-10-30 12:30:20,120 [Worker-48: Launching mavenrun-6bad651f-5acf-4534-bb9c-1f07a67aaae0] INFO  o.eclipse.m2e.core.internal.Bundles - getClasspathEntries(Bundle=javax.inject_1.0.0.v20220405-0441 [35])
2023-10-30 12:30:20,125 [Worker-48: Launching mavenrun-6bad651f-5acf-4534-bb9c-1f07a67aaae0] INFO  o.eclipse.m2e.core.internal.Bundles - 	Entry: C:\Users\anirudhm\Downloads\eclipse-jee-2023-03-R-win32-x86_64\eclipse\plugins\javax.inject_1.0.0.v20220405-0441.jar
2023-10-30 12:30:20,125 [Worker-48: Launching mavenrun-6bad651f-5acf-4534-bb9c-1f07a67aaae0] INFO  o.eclipse.m2e.core.internal.Bundles - getClasspathEntries(Bundle=javax.annotation_1.3.5.v20221203-1659 [33])
2023-10-30 12:30:20,130 [Worker-48: Launching mavenrun-6bad651f-5acf-4534-bb9c-1f07a67aaae0] INFO  o.eclipse.m2e.core.internal.Bundles - 	Entry: C:\Users\anirudhm\Downloads\eclipse-jee-2023-03-R-win32-x86_64\eclipse\plugins\javax.annotation_1.3.5.v20221203-1659.jar
2023-10-30 12:30:20,130 [Worker-48: Launching mavenrun-6bad651f-5acf-4534-bb9c-1f07a67aaae0] INFO  o.eclipse.m2e.core.internal.Bundles - getClasspathEntries(Bundle=org.apache.commons.cli_1.4.0.v20221112-0806 [67])
2023-10-30 12:30:20,136 [Worker-48: Launching mavenrun-6bad651f-5acf-4534-bb9c-1f07a67aaae0] INFO  o.eclipse.m2e.core.internal.Bundles - 	Entry: C:\Users\anirudhm\Downloads\eclipse-jee-2023-03-R-win32-x86_64\eclipse\plugins\org.apache.commons.cli_1.4.0.v20221112-0806.jar
2023-10-30 12:30:20,136 [Worker-48: Launching mavenrun-6bad651f-5acf-4534-bb9c-1f07a67aaae0] INFO  o.eclipse.m2e.core.internal.Bundles - getClasspathEntries(Bundle=com.google.guava.failureaccess_1.0.1 [13])
2023-10-30 12:30:20,138 [Worker-48: Launching mavenrun-6bad651f-5acf-4534-bb9c-1f07a67aaae0] INFO  o.eclipse.m2e.core.internal.Bundles - 	Entry: C:\Users\anirudhm\Downloads\eclipse-jee-2023-03-R-win32-x86_64\eclipse\plugins\com.google.guava.failureaccess_1.0.1.jar
2023-10-30 12:30:20,151 [Worker-48: Launching mavenrun-6bad651f-5acf-4534-bb9c-1f07a67aaae0] INFO  o.e.m.i.launch.MavenLaunchDelegate - Run build in "C:\Users\anirudhm\AppData\Local\Temp\m2e-archetypeGenerator2703770052029070974":
2023-10-30 12:30:20,152 [Worker-48: Launching mavenrun-6bad651f-5acf-4534-bb9c-1f07a67aaae0] INFO  o.e.m.i.launch.MavenLaunchDelegate -  mvn  -DarchetypeGroupId=org.glassfish.jersey.archetypes -DarchetypeArtifactId=jersey-quickstart-webapp -DarchetypeVersion=3.1.3 -DgroupId=infinite -DartifactId=EjbCmpEntityClient -Dversion=0.0.1-SNAPSHOT -Dpackage=com.java.ejb -DoutputDirectory=D:\Statefull -Dstyle.color=always -U archetype:generate
2023-10-30 12:30:37,440 [Worker-42: Creating jersey-quickstart-webapp] INFO  o.e.m.c.i.p.ProjectConfigurationManager - Collecting project info '/pom.xml' D:\Statefull\EjbCmpEntityClient\pom.xml
2023-10-30 12:30:38,270 [Worker-42: Creating jersey-quickstart-webapp] INFO  o.e.m.c.i.l.LifecycleMappingFactory - Using org.maven.ide.eclipse.wtp.WarLifecycleMapping lifecycle mapping for MavenProject: infinite:EjbCmpEntityClient:0.0.1-SNAPSHOT @ D:\Statefull\EjbCmpEntityClient\pom.xml.
2023-10-30 12:30:39,357 [Worker-42: Creating jersey-quickstart-webapp] INFO  o.e.m.j.i.AbstractJavaProjectConfigurator - Adding source folder /EjbCmpEntityClient/src/main/java
2023-10-30 12:30:39,358 [Worker-42: Creating jersey-quickstart-webapp] INFO  o.e.m.j.i.AbstractJavaProjectConfigurator - Adding resource folder /EjbCmpEntityClient/src/main/resources
2023-10-30 12:30:39,379 [Worker-42: Creating jersey-quickstart-webapp] INFO  o.e.m.j.i.AbstractJavaProjectConfigurator - Adding source folder /EjbCmpEntityClient/src/test/java
2023-10-30 12:30:40,926 [Worker-42: Creating jersey-quickstart-webapp] INFO  o.e.m.c.i.embedder.EclipseLogger - Using 'UTF-8' encoding to copy filtered resources.
2023-10-30 12:30:40,936 [Worker-42: Creating jersey-quickstart-webapp] INFO  o.e.m.c.i.embedder.EclipseLogger - Copying 0 resource
2023-10-30 12:30:40,938 [Worker-42: Creating jersey-quickstart-webapp] INFO  o.e.m.c.i.embedder.EclipseLogger - Using 'UTF-8' encoding to copy filtered resources.
2023-10-30 12:30:40,939 [Worker-42: Creating jersey-quickstart-webapp] INFO  o.e.m.c.i.embedder.EclipseLogger - skip non existing resourceDirectory D:\Statefull\EjbCmpEntityClient\src\test\resources
2023-10-30 12:30:41,639 [Worker-42: Creating jersey-quickstart-webapp] INFO  o.e.m.c.i.p.ProjectConfigurationManager - Imported and configured 1 project(s) in 4 sec
2023-10-30 12:30:41,906 [Worker-50: Building] INFO  o.e.m.c.i.embedder.EclipseLogger - Using 'UTF-8' encoding to copy filtered resources.
2023-10-30 12:30:41,908 [Worker-50: Building] INFO  o.e.m.c.i.embedder.EclipseLogger - Copying 0 resource
2023-10-30 12:30:41,911 [Worker-50: Building] INFO  o.e.m.c.i.embedder.EclipseLogger - Using 'UTF-8' encoding to copy filtered resources.
2023-10-30 12:30:41,911 [Worker-50: Building] INFO  o.e.m.c.i.embedder.EclipseLogger - skip non existing resourceDirectory D:\Statefull\EjbCmpEntityClient\src\test\resources
2023-10-30 12:31:10,241 [Worker-48: Building] INFO  o.e.m.c.i.embedder.EclipseLogger - Using 'UTF-8' encoding to copy filtered resources.
2023-10-30 12:31:10,243 [Worker-48: Building] INFO  o.e.m.c.i.embedder.EclipseLogger - Copying 0 resource
2023-10-30 12:31:10,245 [Worker-48: Building] INFO  o.e.m.c.i.embedder.EclipseLogger - Using 'UTF-8' encoding to copy filtered resources.
2023-10-30 12:31:10,245 [Worker-48: Building] INFO  o.e.m.c.i.embedder.EclipseLogger - skip non existing resourceDirectory D:\Statefull\EjbCmpEntityClient\src\test\resources
2023-10-30 12:32:08,872 [Worker-48: Building] INFO  o.e.m.c.i.l.LifecycleMappingFactory - Using org.maven.ide.eclipse.wtp.WarLifecycleMapping lifecycle mapping for MavenProject: infinite:EjbCmpEntityClient:0.0.1-SNAPSHOT @ D:\Statefull\EjbCmpEntityClient\pom.xml.
2023-10-30 12:32:18,385 [Worker-48: Building] INFO  o.e.m.c.i.embedder.EclipseLogger - Using 'UTF-8' encoding to copy filtered resources.
2023-10-30 12:32:18,385 [Worker-48: Building] INFO  o.e.m.c.i.embedder.EclipseLogger - Copying 0 resource
2023-10-30 12:32:18,388 [Worker-48: Building] INFO  o.e.m.c.i.embedder.EclipseLogger - Using 'UTF-8' encoding to copy filtered resources.
2023-10-30 12:32:18,389 [Worker-48: Building] INFO  o.e.m.c.i.embedder.EclipseLogger - skip non existing resourceDirectory D:\Statefull\EjbCmpEntityClient\src\test\resources
2023-10-30 12:32:18,389 [Worker-48: Building] INFO  o.e.m.w.i.f.ResourceFilteringBuildParticipant - Changed resources require a complete clean of filtered resources of EjbCmpEntityClient
2023-10-30 12:32:18,390 [Worker-48: Building] INFO  o.e.m.w.i.f.ResourceFilteringBuildParticipant - Executing resource filtering for EjbCmpEntityClient
2023-10-30 12:33:15,239 [Worker-48: Building] INFO  o.e.m.c.i.embedder.EclipseLogger - Using 'UTF-8' encoding to copy filtered resources.
2023-10-30 12:33:15,239 [Worker-48: Building] INFO  o.e.m.c.i.embedder.EclipseLogger - Copying 0 resource
2023-10-30 12:33:15,242 [Worker-48: Building] INFO  o.e.m.c.i.embedder.EclipseLogger - Using 'UTF-8' encoding to copy filtered resources.
2023-10-30 12:33:15,242 [Worker-48: Building] INFO  o.e.m.c.i.embedder.EclipseLogger - skip non existing resourceDirectory D:\Statefull\EjbCmpEntityClient\src\test\resources
2023-10-30 12:33:59,966 [Worker-47: Building] INFO  o.e.m.c.i.l.LifecycleMappingFactory - Using org.maven.ide.eclipse.wtp.WarLifecycleMapping lifecycle mapping for MavenProject: inf:EjbEntityClient:0.0.1-SNAPSHOT @ C:\Users\anirudhm\Downloads\Day47_2\Day47_2\EjbEntityClient\pom.xml.
2023-10-30 12:34:00,986 [Worker-47: Building] INFO  o.e.m.c.i.embedder.EclipseLogger - Using 'UTF-8' encoding to copy filtered resources.
2023-10-30 12:34:00,987 [Worker-47: Building] INFO  o.e.m.c.i.embedder.EclipseLogger - Copying 0 resource
2023-10-30 12:34:00,991 [Worker-47: Building] INFO  o.e.m.c.i.embedder.EclipseLogger - Using 'UTF-8' encoding to copy filtered resources.
2023-10-30 12:34:00,991 [Worker-47: Building] INFO  o.e.m.c.i.embedder.EclipseLogger - skip non existing resourceDirectory C:\Users\anirudhm\Downloads\Day47_2\Day47_2\EjbEntityClient\src\test\resources
2023-10-30 12:34:01,659 [Worker-47: Building] INFO  o.e.m.c.i.embedder.EclipseLogger - Using 'UTF-8' encoding to copy filtered resources.
2023-10-30 12:34:01,660 [Worker-47: Building] INFO  o.e.m.c.i.embedder.EclipseLogger - Copying 0 resource
2023-10-30 12:34:01,665 [Worker-47: Building] INFO  o.e.m.c.i.embedder.EclipseLogger - Using 'UTF-8' encoding to copy filtered resources.
2023-10-30 12:34:01,665 [Worker-47: Building] INFO  o.e.m.c.i.embedder.EclipseLogger - skip non existing resourceDirectory C:\Users\anirudhm\Downloads\Day47_2\Day47_2\EjbEntityClient\src\test\resources
2023-10-30 12:34:50,536 [Worker-42: Building] INFO  o.e.m.c.i.embedder.EclipseLogger - Using 'UTF-8' encoding to copy filtered resources.
2023-10-30 12:34:50,536 [Worker-42: Building] INFO  o.e.m.c.i.embedder.EclipseLogger - Copying 0 resource
2023-10-30 12:34:50,538 [Worker-42: Building] INFO  o.e.m.c.i.embedder.EclipseLogger - Using 'UTF-8' encoding to copy filtered resources.
2023-10-30 12:34:50,538 [Worker-42: Building] INFO  o.e.m.c.i.embedder.EclipseLogger - skip non existing resourceDirectory C:\Users\anirudhm\Downloads\Day47_2\Day47_2\EjbEntityClient\src\test\resources
