2023-11-02 10:08:17,386 [Worker-5: Loading available Gradle versions] INFO  o.e.b.c.i.u.g.PublishedGradleVersions - Gradle version information cache is up-to-date. Trying to read.
2023-11-02 10:14:56,308 [Worker-24: Launching mavenrun-bc91346a-f7a9-4df0-b1cc-ecd407611a4e] INFO  o.eclipse.m2e.core.internal.Bundles - getClasspathEntries(Bundle=org.eclipse.m2e.maven.runtime_3.8.701.20230209-1606 [610])
2023-11-02 10:14:56,328 [Worker-24: Launching mavenrun-bc91346a-f7a9-4df0-b1cc-ecd407611a4e] INFO  o.eclipse.m2e.core.internal.Bundles - 	Entry: C:\Users\anirudhm\Downloads\eclipse-jee-2023-03-R-win32-x86_64\eclipse\plugins\org.eclipse.m2e.maven.runtime_3.8.701.20230209-1606
2023-11-02 10:14:56,328 [Worker-24: Launching mavenrun-bc91346a-f7a9-4df0-b1cc-ecd407611a4e] INFO  o.eclipse.m2e.core.internal.Bundles - 	Entry: C:\Users\anirudhm\Downloads\eclipse-jee-2023-03-R-win32-x86_64\eclipse\plugins\org.eclipse.m2e.maven.runtime_3.8.701.20230209-1606\jars\aether-connector-okhttp-0.17.8.jar
2023-11-02 10:14:56,329 [Worker-24: Launching mavenrun-bc91346a-f7a9-4df0-b1cc-ecd407611a4e] INFO  o.eclipse.m2e.core.internal.Bundles - 	Entry: C:\Users\anirudhm\Downloads\eclipse-jee-2023-03-R-win32-x86_64\eclipse\plugins\org.eclipse.m2e.maven.runtime_3.8.701.20230209-1606\jars\commons-lang3-3.8.1.jar
2023-11-02 10:14:56,329 [Worker-24: Launching mavenrun-bc91346a-f7a9-4df0-b1cc-ecd407611a4e] INFO  o.eclipse.m2e.core.internal.Bundles - 	Entry: C:\Users\anirudhm\Downloads\eclipse-jee-2023-03-R-win32-x86_64\eclipse\plugins\org.eclipse.m2e.maven.runtime_3.8.701.20230209-1606\jars\guice-4.2.2-no_aop.jar
2023-11-02 10:14:56,329 [Worker-24: Launching mavenrun-bc91346a-f7a9-4df0-b1cc-ecd407611a4e] INFO  o.eclipse.m2e.core.internal.Bundles - 	Entry: C:\Users\anirudhm\Downloads\eclipse-jee-2023-03-R-win32-x86_64\eclipse\plugins\org.eclipse.m2e.maven.runtime_3.8.701.20230209-1606\jars\jansi-2.4.0.jar
2023-11-02 10:14:56,329 [Worker-24: Launching mavenrun-bc91346a-f7a9-4df0-b1cc-ecd407611a4e] INFO  o.eclipse.m2e.core.internal.Bundles - 	Entry: C:\Users\anirudhm\Downloads\eclipse-jee-2023-03-R-win32-x86_64\eclipse\plugins\org.eclipse.m2e.maven.runtime_3.8.701.20230209-1606\jars\maven-artifact-3.8.7.jar
2023-11-02 10:14:56,330 [Worker-24: Launching mavenrun-bc91346a-f7a9-4df0-b1cc-ecd407611a4e] INFO  o.eclipse.m2e.core.internal.Bundles - 	Entry: C:\Users\anirudhm\Downloads\eclipse-jee-2023-03-R-win32-x86_64\eclipse\plugins\org.eclipse.m2e.maven.runtime_3.8.701.20230209-1606\jars\maven-builder-support-3.8.7.jar
2023-11-02 10:14:56,330 [Worker-24: Launching mavenrun-bc91346a-f7a9-4df0-b1cc-ecd407611a4e] INFO  o.eclipse.m2e.core.internal.Bundles - 	Entry: C:\Users\anirudhm\Downloads\eclipse-jee-2023-03-R-win32-x86_64\eclipse\plugins\org.eclipse.m2e.maven.runtime_3.8.701.20230209-1606\jars\maven-compat-3.8.7.jar
2023-11-02 10:14:56,330 [Worker-24: Launching mavenrun-bc91346a-f7a9-4df0-b1cc-ecd407611a4e] INFO  o.eclipse.m2e.core.internal.Bundles - 	Entry: C:\Users\anirudhm\Downloads\eclipse-jee-2023-03-R-win32-x86_64\eclipse\plugins\org.eclipse.m2e.maven.runtime_3.8.701.20230209-1606\jars\maven-core-3.8.7.jar
2023-11-02 10:14:56,330 [Worker-24: Launching mavenrun-bc91346a-f7a9-4df0-b1cc-ecd407611a4e] INFO  o.eclipse.m2e.core.internal.Bundles - 	Entry: C:\Users\anirudhm\Downloads\eclipse-jee-2023-03-R-win32-x86_64\eclipse\plugins\org.eclipse.m2e.maven.runtime_3.8.701.20230209-1606\jars\maven-embedder-3.8.7.jar
2023-11-02 10:14:56,330 [Worker-24: Launching mavenrun-bc91346a-f7a9-4df0-b1cc-ecd407611a4e] INFO  o.eclipse.m2e.core.internal.Bundles - 	Entry: C:\Users\anirudhm\Downloads\eclipse-jee-2023-03-R-win32-x86_64\eclipse\plugins\org.eclipse.m2e.maven.runtime_3.8.701.20230209-1606\jars\maven-model-3.8.7.jar
2023-11-02 10:14:56,331 [Worker-24: Launching mavenrun-bc91346a-f7a9-4df0-b1cc-ecd407611a4e] INFO  o.eclipse.m2e.core.internal.Bundles - 	Entry: C:\Users\anirudhm\Downloads\eclipse-jee-2023-03-R-win32-x86_64\eclipse\plugins\org.eclipse.m2e.maven.runtime_3.8.701.20230209-1606\jars\maven-model-builder-3.8.7.jar
2023-11-02 10:14:56,331 [Worker-24: Launching mavenrun-bc91346a-f7a9-4df0-b1cc-ecd407611a4e] INFO  o.eclipse.m2e.core.internal.Bundles - 	Entry: C:\Users\anirudhm\Downloads\eclipse-jee-2023-03-R-win32-x86_64\eclipse\plugins\org.eclipse.m2e.maven.runtime_3.8.701.20230209-1606\jars\maven-plugin-api-3.8.7.jar
2023-11-02 10:14:56,331 [Worker-24: Launching mavenrun-bc91346a-f7a9-4df0-b1cc-ecd407611a4e] INFO  o.eclipse.m2e.core.internal.Bundles - 	Entry: C:\Users\anirudhm\Downloads\eclipse-jee-2023-03-R-win32-x86_64\eclipse\plugins\org.eclipse.m2e.maven.runtime_3.8.701.20230209-1606\jars\maven-repository-metadata-3.8.7.jar
2023-11-02 10:14:56,331 [Worker-24: Launching mavenrun-bc91346a-f7a9-4df0-b1cc-ecd407611a4e] INFO  o.eclipse.m2e.core.internal.Bundles - 	Entry: C:\Users\anirudhm\Downloads\eclipse-jee-2023-03-R-win32-x86_64\eclipse\plugins\org.eclipse.m2e.maven.runtime_3.8.701.20230209-1606\jars\maven-resolver-api-1.6.3.jar
2023-11-02 10:14:56,331 [Worker-24: Launching mavenrun-bc91346a-f7a9-4df0-b1cc-ecd407611a4e] INFO  o.eclipse.m2e.core.internal.Bundles - 	Entry: C:\Users\anirudhm\Downloads\eclipse-jee-2023-03-R-win32-x86_64\eclipse\plugins\org.eclipse.m2e.maven.runtime_3.8.701.20230209-1606\jars\maven-resolver-connector-basic-1.6.3.jar
2023-11-02 10:14:56,332 [Worker-24: Launching mavenrun-bc91346a-f7a9-4df0-b1cc-ecd407611a4e] INFO  o.eclipse.m2e.core.internal.Bundles - 	Entry: C:\Users\anirudhm\Downloads\eclipse-jee-2023-03-R-win32-x86_64\eclipse\plugins\org.eclipse.m2e.maven.runtime_3.8.701.20230209-1606\jars\maven-resolver-impl-1.6.3.jar
2023-11-02 10:14:56,332 [Worker-24: Launching mavenrun-bc91346a-f7a9-4df0-b1cc-ecd407611a4e] INFO  o.eclipse.m2e.core.internal.Bundles - 	Entry: C:\Users\anirudhm\Downloads\eclipse-jee-2023-03-R-win32-x86_64\eclipse\plugins\org.eclipse.m2e.maven.runtime_3.8.701.20230209-1606\jars\maven-resolver-provider-3.8.7.jar
2023-11-02 10:14:56,332 [Worker-24: Launching mavenrun-bc91346a-f7a9-4df0-b1cc-ecd407611a4e] INFO  o.eclipse.m2e.core.internal.Bundles - 	Entry: C:\Users\anirudhm\Downloads\eclipse-jee-2023-03-R-win32-x86_64\eclipse\plugins\org.eclipse.m2e.maven.runtime_3.8.701.20230209-1606\jars\maven-resolver-spi-1.6.3.jar
2023-11-02 10:14:56,332 [Worker-24: Launching mavenrun-bc91346a-f7a9-4df0-b1cc-ecd407611a4e] INFO  o.eclipse.m2e.core.internal.Bundles - 	Entry: C:\Users\anirudhm\Downloads\eclipse-jee-2023-03-R-win32-x86_64\eclipse\plugins\org.eclipse.m2e.maven.runtime_3.8.701.20230209-1606\jars\maven-resolver-transport-wagon-1.6.3.jar
2023-11-02 10:14:56,332 [Worker-24: Launching mavenrun-bc91346a-f7a9-4df0-b1cc-ecd407611a4e] INFO  o.eclipse.m2e.core.internal.Bundles - 	Entry: C:\Users\anirudhm\Downloads\eclipse-jee-2023-03-R-win32-x86_64\eclipse\plugins\org.eclipse.m2e.maven.runtime_3.8.701.20230209-1606\jars\maven-resolver-util-1.6.3.jar
2023-11-02 10:14:56,333 [Worker-24: Launching mavenrun-bc91346a-f7a9-4df0-b1cc-ecd407611a4e] INFO  o.eclipse.m2e.core.internal.Bundles - 	Entry: C:\Users\anirudhm\Downloads\eclipse-jee-2023-03-R-win32-x86_64\eclipse\plugins\org.eclipse.m2e.maven.runtime_3.8.701.20230209-1606\jars\maven-settings-3.8.7.jar
2023-11-02 10:14:56,333 [Worker-24: Launching mavenrun-bc91346a-f7a9-4df0-b1cc-ecd407611a4e] INFO  o.eclipse.m2e.core.internal.Bundles - 	Entry: C:\Users\anirudhm\Downloads\eclipse-jee-2023-03-R-win32-x86_64\eclipse\plugins\org.eclipse.m2e.maven.runtime_3.8.701.20230209-1606\jars\maven-settings-builder-3.8.7.jar
2023-11-02 10:14:56,333 [Worker-24: Launching mavenrun-bc91346a-f7a9-4df0-b1cc-ecd407611a4e] INFO  o.eclipse.m2e.core.internal.Bundles - 	Entry: C:\Users\anirudhm\Downloads\eclipse-jee-2023-03-R-win32-x86_64\eclipse\plugins\org.eclipse.m2e.maven.runtime_3.8.701.20230209-1606\jars\maven-shared-utils-3.3.4.jar
2023-11-02 10:14:56,333 [Worker-24: Launching mavenrun-bc91346a-f7a9-4df0-b1cc-ecd407611a4e] INFO  o.eclipse.m2e.core.internal.Bundles - 	Entry: C:\Users\anirudhm\Downloads\eclipse-jee-2023-03-R-win32-x86_64\eclipse\plugins\org.eclipse.m2e.maven.runtime_3.8.701.20230209-1606\jars\okhttp-3.14.1.jar
2023-11-02 10:14:56,333 [Worker-24: Launching mavenrun-bc91346a-f7a9-4df0-b1cc-ecd407611a4e] INFO  o.eclipse.m2e.core.internal.Bundles - 	Entry: C:\Users\anirudhm\Downloads\eclipse-jee-2023-03-R-win32-x86_64\eclipse\plugins\org.eclipse.m2e.maven.runtime_3.8.701.20230209-1606\jars\okio-1.17.3.jar
2023-11-02 10:14:56,333 [Worker-24: Launching mavenrun-bc91346a-f7a9-4df0-b1cc-ecd407611a4e] INFO  o.eclipse.m2e.core.internal.Bundles - 	Entry: C:\Users\anirudhm\Downloads\eclipse-jee-2023-03-R-win32-x86_64\eclipse\plugins\org.eclipse.m2e.maven.runtime_3.8.701.20230209-1606\jars\org.eclipse.sisu.inject-0.3.5.jar
2023-11-02 10:14:56,334 [Worker-24: Launching mavenrun-bc91346a-f7a9-4df0-b1cc-ecd407611a4e] INFO  o.eclipse.m2e.core.internal.Bundles - 	Entry: C:\Users\anirudhm\Downloads\eclipse-jee-2023-03-R-win32-x86_64\eclipse\plugins\org.eclipse.m2e.maven.runtime_3.8.701.20230209-1606\jars\org.eclipse.sisu.plexus-0.3.5.jar
2023-11-02 10:14:56,334 [Worker-24: Launching mavenrun-bc91346a-f7a9-4df0-b1cc-ecd407611a4e] INFO  o.eclipse.m2e.core.internal.Bundles - 	Entry: C:\Users\anirudhm\Downloads\eclipse-jee-2023-03-R-win32-x86_64\eclipse\plugins\org.eclipse.m2e.maven.runtime_3.8.701.20230209-1606\jars\plexus-build-api-0.0.7.jar
2023-11-02 10:14:56,334 [Worker-24: Launching mavenrun-bc91346a-f7a9-4df0-b1cc-ecd407611a4e] INFO  o.eclipse.m2e.core.internal.Bundles - 	Entry: C:\Users\anirudhm\Downloads\eclipse-jee-2023-03-R-win32-x86_64\eclipse\plugins\org.eclipse.m2e.maven.runtime_3.8.701.20230209-1606\jars\plexus-cipher-2.0.jar
2023-11-02 10:14:56,334 [Worker-24: Launching mavenrun-bc91346a-f7a9-4df0-b1cc-ecd407611a4e] INFO  o.eclipse.m2e.core.internal.Bundles - 	Entry: C:\Users\anirudhm\Downloads\eclipse-jee-2023-03-R-win32-x86_64\eclipse\plugins\org.eclipse.m2e.maven.runtime_3.8.701.20230209-1606\jars\plexus-classworlds-2.6.0.jar
2023-11-02 10:14:56,334 [Worker-24: Launching mavenrun-bc91346a-f7a9-4df0-b1cc-ecd407611a4e] INFO  o.eclipse.m2e.core.internal.Bundles - 	Entry: C:\Users\anirudhm\Downloads\eclipse-jee-2023-03-R-win32-x86_64\eclipse\plugins\org.eclipse.m2e.maven.runtime_3.8.701.20230209-1606\jars\plexus-component-annotations-2.1.0.jar
2023-11-02 10:14:56,335 [Worker-24: Launching mavenrun-bc91346a-f7a9-4df0-b1cc-ecd407611a4e] INFO  o.eclipse.m2e.core.internal.Bundles - 	Entry: C:\Users\anirudhm\Downloads\eclipse-jee-2023-03-R-win32-x86_64\eclipse\plugins\org.eclipse.m2e.maven.runtime_3.8.701.20230209-1606\jars\plexus-interpolation-1.26.jar
2023-11-02 10:14:56,335 [Worker-24: Launching mavenrun-bc91346a-f7a9-4df0-b1cc-ecd407611a4e] INFO  o.eclipse.m2e.core.internal.Bundles - 	Entry: C:\Users\anirudhm\Downloads\eclipse-jee-2023-03-R-win32-x86_64\eclipse\plugins\org.eclipse.m2e.maven.runtime_3.8.701.20230209-1606\jars\plexus-sec-dispatcher-2.0.jar
2023-11-02 10:14:56,335 [Worker-24: Launching mavenrun-bc91346a-f7a9-4df0-b1cc-ecd407611a4e] INFO  o.eclipse.m2e.core.internal.Bundles - 	Entry: C:\Users\anirudhm\Downloads\eclipse-jee-2023-03-R-win32-x86_64\eclipse\plugins\org.eclipse.m2e.maven.runtime_3.8.701.20230209-1606\jars\plexus-utils-3.3.1.jar
2023-11-02 10:14:56,335 [Worker-24: Launching mavenrun-bc91346a-f7a9-4df0-b1cc-ecd407611a4e] INFO  o.eclipse.m2e.core.internal.Bundles - 	Entry: C:\Users\anirudhm\Downloads\eclipse-jee-2023-03-R-win32-x86_64\eclipse\plugins\org.eclipse.m2e.maven.runtime_3.8.701.20230209-1606\jars\wagon-file-3.5.3.jar
2023-11-02 10:14:56,335 [Worker-24: Launching mavenrun-bc91346a-f7a9-4df0-b1cc-ecd407611a4e] INFO  o.eclipse.m2e.core.internal.Bundles - 	Entry: C:\Users\anirudhm\Downloads\eclipse-jee-2023-03-R-win32-x86_64\eclipse\plugins\org.eclipse.m2e.maven.runtime_3.8.701.20230209-1606\jars\wagon-provider-api-3.5.3.jar
2023-11-02 10:14:56,339 [Worker-24: Launching mavenrun-bc91346a-f7a9-4df0-b1cc-ecd407611a4e] INFO  o.eclipse.m2e.core.internal.Bundles - getClasspathEntries(Bundle=com.google.guava_31.1.0.jre [11])
2023-11-02 10:14:56,340 [Worker-24: Launching mavenrun-bc91346a-f7a9-4df0-b1cc-ecd407611a4e] INFO  o.eclipse.m2e.core.internal.Bundles - 	Entry: C:\Users\anirudhm\Downloads\eclipse-jee-2023-03-R-win32-x86_64\eclipse\plugins\com.google.guava_31.1.0.jre.jar
2023-11-02 10:14:56,340 [Worker-24: Launching mavenrun-bc91346a-f7a9-4df0-b1cc-ecd407611a4e] INFO  o.eclipse.m2e.core.internal.Bundles - getClasspathEntries(Bundle=slf4j.api_1.7.36 [924])
2023-11-02 10:14:56,341 [Worker-24: Launching mavenrun-bc91346a-f7a9-4df0-b1cc-ecd407611a4e] INFO  o.eclipse.m2e.core.internal.Bundles - 	Entry: C:\Users\anirudhm\Downloads\eclipse-jee-2023-03-R-win32-x86_64\eclipse\plugins\slf4j.api_1.7.36.jar
2023-11-02 10:14:56,342 [Worker-24: Launching mavenrun-bc91346a-f7a9-4df0-b1cc-ecd407611a4e] INFO  o.eclipse.m2e.core.internal.Bundles - getClasspathEntries(Bundle=javax.inject_1.0.0.v20220405-0441 [35])
2023-11-02 10:14:56,343 [Worker-24: Launching mavenrun-bc91346a-f7a9-4df0-b1cc-ecd407611a4e] INFO  o.eclipse.m2e.core.internal.Bundles - 	Entry: C:\Users\anirudhm\Downloads\eclipse-jee-2023-03-R-win32-x86_64\eclipse\plugins\javax.inject_1.0.0.v20220405-0441.jar
2023-11-02 10:14:56,343 [Worker-24: Launching mavenrun-bc91346a-f7a9-4df0-b1cc-ecd407611a4e] INFO  o.eclipse.m2e.core.internal.Bundles - getClasspathEntries(Bundle=javax.annotation_1.3.5.v20221203-1659 [33])
2023-11-02 10:14:56,345 [Worker-24: Launching mavenrun-bc91346a-f7a9-4df0-b1cc-ecd407611a4e] INFO  o.eclipse.m2e.core.internal.Bundles - 	Entry: C:\Users\anirudhm\Downloads\eclipse-jee-2023-03-R-win32-x86_64\eclipse\plugins\javax.annotation_1.3.5.v20221203-1659.jar
2023-11-02 10:14:56,345 [Worker-24: Launching mavenrun-bc91346a-f7a9-4df0-b1cc-ecd407611a4e] INFO  o.eclipse.m2e.core.internal.Bundles - getClasspathEntries(Bundle=org.apache.commons.cli_1.4.0.v20221112-0806 [67])
2023-11-02 10:14:56,347 [Worker-24: Launching mavenrun-bc91346a-f7a9-4df0-b1cc-ecd407611a4e] INFO  o.eclipse.m2e.core.internal.Bundles - 	Entry: C:\Users\anirudhm\Downloads\eclipse-jee-2023-03-R-win32-x86_64\eclipse\plugins\org.apache.commons.cli_1.4.0.v20221112-0806.jar
2023-11-02 10:14:56,347 [Worker-24: Launching mavenrun-bc91346a-f7a9-4df0-b1cc-ecd407611a4e] INFO  o.eclipse.m2e.core.internal.Bundles - getClasspathEntries(Bundle=com.google.guava.failureaccess_1.0.1 [13])
2023-11-02 10:14:56,349 [Worker-24: Launching mavenrun-bc91346a-f7a9-4df0-b1cc-ecd407611a4e] INFO  o.eclipse.m2e.core.internal.Bundles - 	Entry: C:\Users\anirudhm\Downloads\eclipse-jee-2023-03-R-win32-x86_64\eclipse\plugins\com.google.guava.failureaccess_1.0.1.jar
2023-11-02 10:14:56,355 [Worker-24: Launching mavenrun-bc91346a-f7a9-4df0-b1cc-ecd407611a4e] INFO  o.e.m.i.launch.MavenLaunchDelegate - Run build in "C:\Users\anirudhm\AppData\Local\Temp\m2e-archetypeGenerator5136118634783793840":
2023-11-02 10:14:56,359 [Worker-24: Launching mavenrun-bc91346a-f7a9-4df0-b1cc-ecd407611a4e] INFO  o.e.m.i.launch.MavenLaunchDelegate -  mvn  -DarchetypeGroupId=de.bripkens -DarchetypeArtifactId=java-quickstart -DarchetypeVersion=0.2.0 -DgroupId=inf -DartifactId=DesignPatterns -Dversion=0.0.1-SNAPSHOT -Dpackage=com.java.dsp -DoutputDirectory=D:\DesignPattern -Dstyle.color=always -U archetype:generate
2023-11-02 10:15:16,860 [Worker-10: Creating java-quickstart] INFO  o.e.m.c.i.p.ProjectConfigurationManager - Collecting project info '/pom.xml' D:\DesignPattern\DesignPatterns\pom.xml
2023-11-02 10:15:23,932 [Worker-10: Creating java-quickstart] INFO  o.e.m.c.i.l.LifecycleMappingFactory - Using org.eclipse.m2e.jdt.JarLifecycleMapping lifecycle mapping for MavenProject: inf:DesignPatterns:0.0.1-SNAPSHOT @ D:\DesignPattern\DesignPatterns\pom.xml.
2023-11-02 10:15:25,362 [Worker-10: Creating java-quickstart] INFO  o.e.m.j.i.AbstractJavaProjectConfigurator - Adding source folder /DesignPatterns/src/main/java
2023-11-02 10:15:25,373 [Worker-10: Creating java-quickstart] INFO  o.e.m.j.i.AbstractJavaProjectConfigurator - Adding source folder /DesignPatterns/src/test/java
2023-11-02 10:15:26,737 [Worker-10: Creating java-quickstart] INFO  o.e.m.c.i.embedder.EclipseLogger - Using 'UTF-8' encoding to copy filtered resources.
2023-11-02 10:15:26,737 [Worker-10: Creating java-quickstart] INFO  o.e.m.c.i.embedder.EclipseLogger - skip non existing resourceDirectory D:\DesignPattern\DesignPatterns\src\main\resources
2023-11-02 10:15:26,739 [Worker-10: Creating java-quickstart] INFO  o.e.m.c.i.embedder.EclipseLogger - Using 'UTF-8' encoding to copy filtered resources.
2023-11-02 10:15:26,739 [Worker-10: Creating java-quickstart] INFO  o.e.m.c.i.embedder.EclipseLogger - skip non existing resourceDirectory D:\DesignPattern\DesignPatterns\src\test\resources
2023-11-02 10:15:26,915 [Worker-10: Creating java-quickstart] INFO  o.e.m.c.i.p.ProjectConfigurationManager - Imported and configured 1 project(s) in 10 sec
2023-11-02 10:15:45,145 [Worker-29: Building] INFO  o.e.m.c.i.embedder.EclipseLogger - Using 'UTF-8' encoding to copy filtered resources.
2023-11-02 10:15:45,145 [Worker-29: Building] INFO  o.e.m.c.i.embedder.EclipseLogger - skip non existing resourceDirectory D:\DesignPattern\DesignPatterns\src\main\resources
2023-11-02 10:15:45,148 [Worker-29: Building] INFO  o.e.m.c.i.embedder.EclipseLogger - Using 'UTF-8' encoding to copy filtered resources.
2023-11-02 10:15:45,148 [Worker-29: Building] INFO  o.e.m.c.i.embedder.EclipseLogger - skip non existing resourceDirectory D:\DesignPattern\DesignPatterns\src\test\resources
2023-11-02 10:23:04,346 [Worker-33: Building] INFO  o.e.m.c.i.embedder.EclipseLogger - Using 'UTF-8' encoding to copy filtered resources.
2023-11-02 10:23:04,347 [Worker-33: Building] INFO  o.e.m.c.i.embedder.EclipseLogger - skip non existing resourceDirectory D:\DesignPattern\DesignPatterns\src\main\resources
2023-11-02 10:23:04,348 [Worker-33: Building] INFO  o.e.m.c.i.embedder.EclipseLogger - Using 'UTF-8' encoding to copy filtered resources.
2023-11-02 10:23:04,348 [Worker-33: Building] INFO  o.e.m.c.i.embedder.EclipseLogger - skip non existing resourceDirectory D:\DesignPattern\DesignPatterns\src\test\resources
2023-11-02 10:23:56,596 [Worker-34: Building] INFO  o.e.m.c.i.embedder.EclipseLogger - Using 'UTF-8' encoding to copy filtered resources.
2023-11-02 10:23:56,596 [Worker-34: Building] INFO  o.e.m.c.i.embedder.EclipseLogger - skip non existing resourceDirectory D:\DesignPattern\DesignPatterns\src\main\resources
2023-11-02 10:23:56,600 [Worker-34: Building] INFO  o.e.m.c.i.embedder.EclipseLogger - Using 'UTF-8' encoding to copy filtered resources.
2023-11-02 10:23:56,600 [Worker-34: Building] INFO  o.e.m.c.i.embedder.EclipseLogger - skip non existing resourceDirectory D:\DesignPattern\DesignPatterns\src\test\resources
2023-11-02 10:25:46,828 [Worker-34: Building] INFO  o.e.m.c.i.embedder.EclipseLogger - Using 'UTF-8' encoding to copy filtered resources.
2023-11-02 10:25:46,828 [Worker-34: Building] INFO  o.e.m.c.i.embedder.EclipseLogger - skip non existing resourceDirectory D:\DesignPattern\DesignPatterns\src\main\resources
2023-11-02 10:25:46,831 [Worker-34: Building] INFO  o.e.m.c.i.embedder.EclipseLogger - Using 'UTF-8' encoding to copy filtered resources.
2023-11-02 10:25:46,832 [Worker-34: Building] INFO  o.e.m.c.i.embedder.EclipseLogger - skip non existing resourceDirectory D:\DesignPattern\DesignPatterns\src\test\resources
2023-11-02 10:27:38,070 [Worker-38: Building] INFO  o.e.m.c.i.embedder.EclipseLogger - Using 'UTF-8' encoding to copy filtered resources.
2023-11-02 10:27:38,070 [Worker-38: Building] INFO  o.e.m.c.i.embedder.EclipseLogger - skip non existing resourceDirectory D:\DesignPattern\DesignPatterns\src\main\resources
2023-11-02 10:27:38,073 [Worker-38: Building] INFO  o.e.m.c.i.embedder.EclipseLogger - Using 'UTF-8' encoding to copy filtered resources.
2023-11-02 10:27:38,073 [Worker-38: Building] INFO  o.e.m.c.i.embedder.EclipseLogger - skip non existing resourceDirectory D:\DesignPattern\DesignPatterns\src\test\resources
2023-11-02 10:27:47,350 [Worker-37: Launching SingleTonExample] INFO  o.e.m.c.i.embedder.EclipseLogger - Using 'UTF-8' encoding to copy filtered resources.
2023-11-02 10:27:47,350 [Worker-37: Launching SingleTonExample] INFO  o.e.m.c.i.embedder.EclipseLogger - skip non existing resourceDirectory D:\DesignPattern\DesignPatterns\src\main\resources
2023-11-02 10:27:47,356 [Worker-37: Launching SingleTonExample] INFO  o.e.m.c.i.embedder.EclipseLogger - Using 'UTF-8' encoding to copy filtered resources.
2023-11-02 10:27:47,357 [Worker-37: Launching SingleTonExample] INFO  o.e.m.c.i.embedder.EclipseLogger - skip non existing resourceDirectory D:\DesignPattern\DesignPatterns\src\test\resources
2023-11-02 10:30:00,248 [Worker-41: Building] INFO  o.e.m.c.i.embedder.EclipseLogger - Using 'UTF-8' encoding to copy filtered resources.
2023-11-02 10:30:00,248 [Worker-41: Building] INFO  o.e.m.c.i.embedder.EclipseLogger - skip non existing resourceDirectory D:\DesignPattern\DesignPatterns\src\main\resources
2023-11-02 10:30:00,252 [Worker-41: Building] INFO  o.e.m.c.i.embedder.EclipseLogger - Using 'UTF-8' encoding to copy filtered resources.
2023-11-02 10:30:00,252 [Worker-41: Building] INFO  o.e.m.c.i.embedder.EclipseLogger - skip non existing resourceDirectory D:\DesignPattern\DesignPatterns\src\test\resources
2023-11-02 10:39:29,544 [Worker-45: Building] INFO  o.e.m.c.i.embedder.EclipseLogger - Using 'UTF-8' encoding to copy filtered resources.
2023-11-02 10:39:29,544 [Worker-45: Building] INFO  o.e.m.c.i.embedder.EclipseLogger - skip non existing resourceDirectory D:\DesignPattern\DesignPatterns\src\main\resources
2023-11-02 10:39:29,546 [Worker-45: Building] INFO  o.e.m.c.i.embedder.EclipseLogger - Using 'UTF-8' encoding to copy filtered resources.
2023-11-02 10:39:29,546 [Worker-45: Building] INFO  o.e.m.c.i.embedder.EclipseLogger - skip non existing resourceDirectory D:\DesignPattern\DesignPatterns\src\test\resources
2023-11-02 10:41:53,271 [Worker-50: Building] INFO  o.e.m.c.i.embedder.EclipseLogger - Using 'UTF-8' encoding to copy filtered resources.
2023-11-02 10:41:53,272 [Worker-50: Building] INFO  o.e.m.c.i.embedder.EclipseLogger - skip non existing resourceDirectory D:\DesignPattern\DesignPatterns\src\main\resources
2023-11-02 10:41:53,274 [Worker-50: Building] INFO  o.e.m.c.i.embedder.EclipseLogger - Using 'UTF-8' encoding to copy filtered resources.
2023-11-02 10:41:53,275 [Worker-50: Building] INFO  o.e.m.c.i.embedder.EclipseLogger - skip non existing resourceDirectory D:\DesignPattern\DesignPatterns\src\test\resources
2023-11-02 10:44:48,691 [Worker-51: Launching SingleTonExample2] INFO  o.e.m.c.i.embedder.EclipseLogger - Using 'UTF-8' encoding to copy filtered resources.
2023-11-02 10:44:48,691 [Worker-51: Launching SingleTonExample2] INFO  o.e.m.c.i.embedder.EclipseLogger - skip non existing resourceDirectory D:\DesignPattern\DesignPatterns\src\main\resources
2023-11-02 10:44:48,694 [Worker-51: Launching SingleTonExample2] INFO  o.e.m.c.i.embedder.EclipseLogger - Using 'UTF-8' encoding to copy filtered resources.
2023-11-02 10:44:48,695 [Worker-51: Launching SingleTonExample2] INFO  o.e.m.c.i.embedder.EclipseLogger - skip non existing resourceDirectory D:\DesignPattern\DesignPatterns\src\test\resources
2023-11-02 10:46:27,071 [Worker-49: Building] INFO  o.e.m.c.i.embedder.EclipseLogger - Using 'UTF-8' encoding to copy filtered resources.
2023-11-02 10:46:27,072 [Worker-49: Building] INFO  o.e.m.c.i.embedder.EclipseLogger - skip non existing resourceDirectory D:\DesignPattern\DesignPatterns\src\main\resources
2023-11-02 10:46:27,074 [Worker-49: Building] INFO  o.e.m.c.i.embedder.EclipseLogger - Using 'UTF-8' encoding to copy filtered resources.
2023-11-02 10:46:27,074 [Worker-49: Building] INFO  o.e.m.c.i.embedder.EclipseLogger - skip non existing resourceDirectory D:\DesignPattern\DesignPatterns\src\test\resources
2023-11-02 10:46:42,211 [Worker-43: Building] INFO  o.e.m.c.i.embedder.EclipseLogger - Using 'UTF-8' encoding to copy filtered resources.
2023-11-02 10:46:42,212 [Worker-43: Building] INFO  o.e.m.c.i.embedder.EclipseLogger - skip non existing resourceDirectory D:\DesignPattern\DesignPatterns\src\main\resources
2023-11-02 10:46:42,215 [Worker-43: Building] INFO  o.e.m.c.i.embedder.EclipseLogger - Using 'UTF-8' encoding to copy filtered resources.
2023-11-02 10:46:42,215 [Worker-43: Building] INFO  o.e.m.c.i.embedder.EclipseLogger - skip non existing resourceDirectory D:\DesignPattern\DesignPatterns\src\test\resources
2023-11-02 10:55:01,412 [Worker-49: Building] INFO  o.e.m.c.i.embedder.EclipseLogger - Using 'UTF-8' encoding to copy filtered resources.
2023-11-02 10:55:01,412 [Worker-49: Building] INFO  o.e.m.c.i.embedder.EclipseLogger - skip non existing resourceDirectory D:\DesignPattern\DesignPatterns\src\main\resources
2023-11-02 10:55:01,413 [Worker-49: Building] INFO  o.e.m.c.i.embedder.EclipseLogger - Using 'UTF-8' encoding to copy filtered resources.
2023-11-02 10:55:01,414 [Worker-49: Building] INFO  o.e.m.c.i.embedder.EclipseLogger - skip non existing resourceDirectory D:\DesignPattern\DesignPatterns\src\test\resources
2023-11-02 10:56:38,756 [Worker-54: Building] INFO  o.e.m.c.i.embedder.EclipseLogger - Using 'UTF-8' encoding to copy filtered resources.
2023-11-02 10:56:38,756 [Worker-54: Building] INFO  o.e.m.c.i.embedder.EclipseLogger - skip non existing resourceDirectory D:\DesignPattern\DesignPatterns\src\main\resources
2023-11-02 10:56:38,769 [Worker-54: Building] INFO  o.e.m.c.i.embedder.EclipseLogger - Using 'UTF-8' encoding to copy filtered resources.
2023-11-02 10:56:38,769 [Worker-54: Building] INFO  o.e.m.c.i.embedder.EclipseLogger - skip non existing resourceDirectory D:\DesignPattern\DesignPatterns\src\test\resources
2023-11-02 10:56:54,532 [Worker-49: Building] INFO  o.e.m.c.i.embedder.EclipseLogger - Using 'UTF-8' encoding to copy filtered resources.
2023-11-02 10:56:54,532 [Worker-49: Building] INFO  o.e.m.c.i.embedder.EclipseLogger - skip non existing resourceDirectory D:\DesignPattern\DesignPatterns\src\main\resources
2023-11-02 10:56:54,536 [Worker-49: Building] INFO  o.e.m.c.i.embedder.EclipseLogger - Using 'UTF-8' encoding to copy filtered resources.
2023-11-02 10:56:54,536 [Worker-49: Building] INFO  o.e.m.c.i.embedder.EclipseLogger - skip non existing resourceDirectory D:\DesignPattern\DesignPatterns\src\test\resources
2023-11-02 10:57:27,903 [Worker-58: Building] INFO  o.e.m.c.i.embedder.EclipseLogger - Using 'UTF-8' encoding to copy filtered resources.
2023-11-02 10:57:27,903 [Worker-58: Building] INFO  o.e.m.c.i.embedder.EclipseLogger - skip non existing resourceDirectory D:\DesignPattern\DesignPatterns\src\main\resources
2023-11-02 10:57:27,906 [Worker-58: Building] INFO  o.e.m.c.i.embedder.EclipseLogger - Using 'UTF-8' encoding to copy filtered resources.
2023-11-02 10:57:27,907 [Worker-58: Building] INFO  o.e.m.c.i.embedder.EclipseLogger - skip non existing resourceDirectory D:\DesignPattern\DesignPatterns\src\test\resources
2023-11-02 10:58:36,406 [Worker-56: Building] INFO  o.e.m.c.i.embedder.EclipseLogger - Using 'UTF-8' encoding to copy filtered resources.
2023-11-02 10:58:36,406 [Worker-56: Building] INFO  o.e.m.c.i.embedder.EclipseLogger - skip non existing resourceDirectory D:\DesignPattern\DesignPatterns\src\main\resources
2023-11-02 10:58:36,409 [Worker-56: Building] INFO  o.e.m.c.i.embedder.EclipseLogger - Using 'UTF-8' encoding to copy filtered resources.
2023-11-02 10:58:36,409 [Worker-56: Building] INFO  o.e.m.c.i.embedder.EclipseLogger - skip non existing resourceDirectory D:\DesignPattern\DesignPatterns\src\test\resources
2023-11-02 10:59:11,372 [Worker-58: Building] INFO  o.e.m.c.i.embedder.EclipseLogger - Using 'UTF-8' encoding to copy filtered resources.
2023-11-02 10:59:11,372 [Worker-58: Building] INFO  o.e.m.c.i.embedder.EclipseLogger - skip non existing resourceDirectory D:\DesignPattern\DesignPatterns\src\main\resources
2023-11-02 10:59:11,373 [Worker-58: Building] INFO  o.e.m.c.i.embedder.EclipseLogger - Using 'UTF-8' encoding to copy filtered resources.
2023-11-02 10:59:11,374 [Worker-58: Building] INFO  o.e.m.c.i.embedder.EclipseLogger - skip non existing resourceDirectory D:\DesignPattern\DesignPatterns\src\test\resources
2023-11-02 10:59:13,408 [Worker-56: Building] INFO  o.e.m.c.i.embedder.EclipseLogger - Using 'UTF-8' encoding to copy filtered resources.
2023-11-02 10:59:13,408 [Worker-56: Building] INFO  o.e.m.c.i.embedder.EclipseLogger - skip non existing resourceDirectory D:\DesignPattern\DesignPatterns\src\main\resources
2023-11-02 10:59:13,411 [Worker-56: Building] INFO  o.e.m.c.i.embedder.EclipseLogger - Using 'UTF-8' encoding to copy filtered resources.
2023-11-02 10:59:13,412 [Worker-56: Building] INFO  o.e.m.c.i.embedder.EclipseLogger - skip non existing resourceDirectory D:\DesignPattern\DesignPatterns\src\test\resources
2023-11-02 11:02:24,671 [Worker-58: Building] INFO  o.e.m.c.i.embedder.EclipseLogger - Using 'UTF-8' encoding to copy filtered resources.
2023-11-02 11:02:24,671 [Worker-58: Building] INFO  o.e.m.c.i.embedder.EclipseLogger - skip non existing resourceDirectory D:\DesignPattern\DesignPatterns\src\main\resources
2023-11-02 11:02:24,673 [Worker-58: Building] INFO  o.e.m.c.i.embedder.EclipseLogger - Using 'UTF-8' encoding to copy filtered resources.
2023-11-02 11:02:24,673 [Worker-58: Building] INFO  o.e.m.c.i.embedder.EclipseLogger - skip non existing resourceDirectory D:\DesignPattern\DesignPatterns\src\test\resources
2023-11-02 11:02:41,354 [Worker-63: Building] INFO  o.e.m.c.i.embedder.EclipseLogger - Using 'UTF-8' encoding to copy filtered resources.
2023-11-02 11:02:41,354 [Worker-63: Building] INFO  o.e.m.c.i.embedder.EclipseLogger - skip non existing resourceDirectory D:\DesignPattern\DesignPatterns\src\main\resources
2023-11-02 11:02:41,358 [Worker-63: Building] INFO  o.e.m.c.i.embedder.EclipseLogger - Using 'UTF-8' encoding to copy filtered resources.
2023-11-02 11:02:41,358 [Worker-63: Building] INFO  o.e.m.c.i.embedder.EclipseLogger - skip non existing resourceDirectory D:\DesignPattern\DesignPatterns\src\test\resources
2023-11-02 11:04:06,501 [Worker-58: Building] INFO  o.e.m.c.i.embedder.EclipseLogger - Using 'UTF-8' encoding to copy filtered resources.
2023-11-02 11:04:06,501 [Worker-58: Building] INFO  o.e.m.c.i.embedder.EclipseLogger - skip non existing resourceDirectory D:\DesignPattern\DesignPatterns\src\main\resources
2023-11-02 11:04:06,502 [Worker-58: Building] INFO  o.e.m.c.i.embedder.EclipseLogger - Using 'UTF-8' encoding to copy filtered resources.
2023-11-02 11:04:06,502 [Worker-58: Building] INFO  o.e.m.c.i.embedder.EclipseLogger - skip non existing resourceDirectory D:\DesignPattern\DesignPatterns\src\test\resources
2023-11-02 11:04:36,452 [Worker-61: Building] INFO  o.e.m.c.i.embedder.EclipseLogger - Using 'UTF-8' encoding to copy filtered resources.
2023-11-02 11:04:36,452 [Worker-61: Building] INFO  o.e.m.c.i.embedder.EclipseLogger - skip non existing resourceDirectory D:\DesignPattern\DesignPatterns\src\main\resources
2023-11-02 11:04:36,453 [Worker-61: Building] INFO  o.e.m.c.i.embedder.EclipseLogger - Using 'UTF-8' encoding to copy filtered resources.
2023-11-02 11:04:36,454 [Worker-61: Building] INFO  o.e.m.c.i.embedder.EclipseLogger - skip non existing resourceDirectory D:\DesignPattern\DesignPatterns\src\test\resources
2023-11-02 11:05:08,780 [Worker-62: Building] INFO  o.e.m.c.i.embedder.EclipseLogger - Using 'UTF-8' encoding to copy filtered resources.
2023-11-02 11:05:08,780 [Worker-62: Building] INFO  o.e.m.c.i.embedder.EclipseLogger - skip non existing resourceDirectory D:\DesignPattern\DesignPatterns\src\main\resources
2023-11-02 11:05:08,783 [Worker-62: Building] INFO  o.e.m.c.i.embedder.EclipseLogger - Using 'UTF-8' encoding to copy filtered resources.
2023-11-02 11:05:08,783 [Worker-62: Building] INFO  o.e.m.c.i.embedder.EclipseLogger - skip non existing resourceDirectory D:\DesignPattern\DesignPatterns\src\test\resources
2023-11-02 11:05:10,730 [Worker-58: Building] INFO  o.e.m.c.i.embedder.EclipseLogger - Using 'UTF-8' encoding to copy filtered resources.
2023-11-02 11:05:10,730 [Worker-58: Building] INFO  o.e.m.c.i.embedder.EclipseLogger - skip non existing resourceDirectory D:\DesignPattern\DesignPatterns\src\main\resources
2023-11-02 11:05:10,733 [Worker-58: Building] INFO  o.e.m.c.i.embedder.EclipseLogger - Using 'UTF-8' encoding to copy filtered resources.
2023-11-02 11:05:10,733 [Worker-58: Building] INFO  o.e.m.c.i.embedder.EclipseLogger - skip non existing resourceDirectory D:\DesignPattern\DesignPatterns\src\test\resources
2023-11-02 11:05:23,975 [Worker-63: Building] INFO  o.e.m.c.i.embedder.EclipseLogger - Using 'UTF-8' encoding to copy filtered resources.
2023-11-02 11:05:23,976 [Worker-63: Building] INFO  o.e.m.c.i.embedder.EclipseLogger - skip non existing resourceDirectory D:\DesignPattern\DesignPatterns\src\main\resources
2023-11-02 11:05:23,978 [Worker-63: Building] INFO  o.e.m.c.i.embedder.EclipseLogger - Using 'UTF-8' encoding to copy filtered resources.
2023-11-02 11:05:23,978 [Worker-63: Building] INFO  o.e.m.c.i.embedder.EclipseLogger - skip non existing resourceDirectory D:\DesignPattern\DesignPatterns\src\test\resources
2023-11-02 11:07:00,374 [Worker-63: Building] INFO  o.e.m.c.i.embedder.EclipseLogger - Using 'UTF-8' encoding to copy filtered resources.
2023-11-02 11:07:00,374 [Worker-63: Building] INFO  o.e.m.c.i.embedder.EclipseLogger - skip non existing resourceDirectory D:\DesignPattern\DesignPatterns\src\main\resources
2023-11-02 11:07:00,377 [Worker-63: Building] INFO  o.e.m.c.i.embedder.EclipseLogger - Using 'UTF-8' encoding to copy filtered resources.
2023-11-02 11:07:00,377 [Worker-63: Building] INFO  o.e.m.c.i.embedder.EclipseLogger - skip non existing resourceDirectory D:\DesignPattern\DesignPatterns\src\test\resources
2023-11-02 11:07:37,642 [Worker-58: Building] INFO  o.e.m.c.i.embedder.EclipseLogger - Using 'UTF-8' encoding to copy filtered resources.
2023-11-02 11:07:37,642 [Worker-58: Building] INFO  o.e.m.c.i.embedder.EclipseLogger - skip non existing resourceDirectory D:\DesignPattern\DesignPatterns\src\main\resources
2023-11-02 11:07:37,643 [Worker-58: Building] INFO  o.e.m.c.i.embedder.EclipseLogger - Using 'UTF-8' encoding to copy filtered resources.
2023-11-02 11:07:37,643 [Worker-58: Building] INFO  o.e.m.c.i.embedder.EclipseLogger - skip non existing resourceDirectory D:\DesignPattern\DesignPatterns\src\test\resources
2023-11-02 11:08:03,226 [Worker-63: Building] INFO  o.e.m.c.i.embedder.EclipseLogger - Using 'UTF-8' encoding to copy filtered resources.
2023-11-02 11:08:03,227 [Worker-63: Building] INFO  o.e.m.c.i.embedder.EclipseLogger - skip non existing resourceDirectory D:\DesignPattern\DesignPatterns\src\main\resources
2023-11-02 11:08:03,229 [Worker-63: Building] INFO  o.e.m.c.i.embedder.EclipseLogger - Using 'UTF-8' encoding to copy filtered resources.
2023-11-02 11:08:03,229 [Worker-63: Building] INFO  o.e.m.c.i.embedder.EclipseLogger - skip non existing resourceDirectory D:\DesignPattern\DesignPatterns\src\test\resources
2023-11-02 11:08:09,825 [Worker-62: Launching MainProg] INFO  o.e.m.c.i.embedder.EclipseLogger - Using 'UTF-8' encoding to copy filtered resources.
2023-11-02 11:08:09,826 [Worker-62: Launching MainProg] INFO  o.e.m.c.i.embedder.EclipseLogger - skip non existing resourceDirectory D:\DesignPattern\DesignPatterns\src\main\resources
2023-11-02 11:08:09,827 [Worker-62: Launching MainProg] INFO  o.e.m.c.i.embedder.EclipseLogger - Using 'UTF-8' encoding to copy filtered resources.
2023-11-02 11:08:09,827 [Worker-62: Launching MainProg] INFO  o.e.m.c.i.embedder.EclipseLogger - skip non existing resourceDirectory D:\DesignPattern\DesignPatterns\src\test\resources
2023-11-02 11:08:21,430 [Worker-61: Building] INFO  o.e.m.c.i.embedder.EclipseLogger - Using 'UTF-8' encoding to copy filtered resources.
2023-11-02 11:08:21,430 [Worker-61: Building] INFO  o.e.m.c.i.embedder.EclipseLogger - skip non existing resourceDirectory D:\DesignPattern\DesignPatterns\src\main\resources
2023-11-02 11:08:21,431 [Worker-61: Building] INFO  o.e.m.c.i.embedder.EclipseLogger - Using 'UTF-8' encoding to copy filtered resources.
2023-11-02 11:08:21,431 [Worker-61: Building] INFO  o.e.m.c.i.embedder.EclipseLogger - skip non existing resourceDirectory D:\DesignPattern\DesignPatterns\src\test\resources
2023-11-02 11:08:29,794 [Worker-63: Building] INFO  o.e.m.c.i.embedder.EclipseLogger - Using 'UTF-8' encoding to copy filtered resources.
2023-11-02 11:08:29,794 [Worker-63: Building] INFO  o.e.m.c.i.embedder.EclipseLogger - skip non existing resourceDirectory D:\DesignPattern\DesignPatterns\src\main\resources
2023-11-02 11:08:29,796 [Worker-63: Building] INFO  o.e.m.c.i.embedder.EclipseLogger - Using 'UTF-8' encoding to copy filtered resources.
2023-11-02 11:08:29,796 [Worker-63: Building] INFO  o.e.m.c.i.embedder.EclipseLogger - skip non existing resourceDirectory D:\DesignPattern\DesignPatterns\src\test\resources
2023-11-02 11:08:54,396 [Worker-61: Building] INFO  o.e.m.c.i.embedder.EclipseLogger - Using 'UTF-8' encoding to copy filtered resources.
2023-11-02 11:08:54,396 [Worker-61: Building] INFO  o.e.m.c.i.embedder.EclipseLogger - skip non existing resourceDirectory D:\DesignPattern\DesignPatterns\src\main\resources
2023-11-02 11:08:54,399 [Worker-61: Building] INFO  o.e.m.c.i.embedder.EclipseLogger - Using 'UTF-8' encoding to copy filtered resources.
2023-11-02 11:08:54,399 [Worker-61: Building] INFO  o.e.m.c.i.embedder.EclipseLogger - skip non existing resourceDirectory D:\DesignPattern\DesignPatterns\src\test\resources
