2023-09-25 14:36:05,894 [Worker-5: Loading available Gradle versions] INFO  o.e.b.c.i.u.g.PublishedGradleVersions - Gradle version information cache is up-to-date. Trying to read.
2023-09-25 14:41:08,053 [Worker-0: Loading available Gradle versions] INFO  o.e.b.c.i.u.g.PublishedGradleVersions - Gradle version information cache is up-to-date. Trying to read.
2023-09-25 14:48:23,416 [Worker-33: https://download.eclipse.org/technology/epp/packages/2023-03/202303091200/artifacts.jar] INFO  o.a.h.c.h.i.c.HttpRequestRetryExec - Recoverable I/O exception (org.apache.hc.core5.http.NoHttpResponseException) caught when processing request to {s}->https://download.eclipse.org:443
2023-09-25 14:54:15,347 [Worker-1: Loading available Gradle versions] INFO  o.e.b.c.i.u.g.PublishedGradleVersions - Gradle version information cache is up-to-date. Trying to read.
2023-09-25 14:55:24,731 [main] INFO  org.hibernate.cfg.Environment - Hibernate 3.6.10.Final
2023-09-25 14:55:24,732 [main] INFO  org.hibernate.cfg.Environment - hibernate.properties not found
2023-09-25 14:55:24,735 [main] INFO  org.hibernate.cfg.Environment - Bytecode provider name : javassist
2023-09-25 14:55:24,739 [main] INFO  org.hibernate.cfg.Environment - using JDK 1.4 java.sql.Timestamp handling
2023-09-25 16:10:53,711 [Worker-30: Launching mavenrun-ae204ea4-d8df-49b2-8664-8ab92924ac75] INFO  o.eclipse.m2e.core.internal.Bundles - getClasspathEntries(Bundle=org.eclipse.m2e.maven.runtime_3.8.701.20230209-1606 [610])
2023-09-25 16:10:53,955 [Worker-30: Launching mavenrun-ae204ea4-d8df-49b2-8664-8ab92924ac75] INFO  o.eclipse.m2e.core.internal.Bundles - 	Entry: C:\Users\anirudhm\Downloads\eclipse-jee-2023-03-R-win32-x86_64\eclipse\plugins\org.eclipse.m2e.maven.runtime_3.8.701.20230209-1606
2023-09-25 16:10:53,956 [Worker-30: Launching mavenrun-ae204ea4-d8df-49b2-8664-8ab92924ac75] INFO  o.eclipse.m2e.core.internal.Bundles - 	Entry: C:\Users\anirudhm\Downloads\eclipse-jee-2023-03-R-win32-x86_64\eclipse\plugins\org.eclipse.m2e.maven.runtime_3.8.701.20230209-1606\jars\aether-connector-okhttp-0.17.8.jar
2023-09-25 16:10:53,956 [Worker-30: Launching mavenrun-ae204ea4-d8df-49b2-8664-8ab92924ac75] INFO  o.eclipse.m2e.core.internal.Bundles - 	Entry: C:\Users\anirudhm\Downloads\eclipse-jee-2023-03-R-win32-x86_64\eclipse\plugins\org.eclipse.m2e.maven.runtime_3.8.701.20230209-1606\jars\commons-lang3-3.8.1.jar
2023-09-25 16:10:53,956 [Worker-30: Launching mavenrun-ae204ea4-d8df-49b2-8664-8ab92924ac75] INFO  o.eclipse.m2e.core.internal.Bundles - 	Entry: C:\Users\anirudhm\Downloads\eclipse-jee-2023-03-R-win32-x86_64\eclipse\plugins\org.eclipse.m2e.maven.runtime_3.8.701.20230209-1606\jars\guice-4.2.2-no_aop.jar
2023-09-25 16:10:53,956 [Worker-30: Launching mavenrun-ae204ea4-d8df-49b2-8664-8ab92924ac75] INFO  o.eclipse.m2e.core.internal.Bundles - 	Entry: C:\Users\anirudhm\Downloads\eclipse-jee-2023-03-R-win32-x86_64\eclipse\plugins\org.eclipse.m2e.maven.runtime_3.8.701.20230209-1606\jars\jansi-2.4.0.jar
2023-09-25 16:10:53,956 [Worker-30: Launching mavenrun-ae204ea4-d8df-49b2-8664-8ab92924ac75] INFO  o.eclipse.m2e.core.internal.Bundles - 	Entry: C:\Users\anirudhm\Downloads\eclipse-jee-2023-03-R-win32-x86_64\eclipse\plugins\org.eclipse.m2e.maven.runtime_3.8.701.20230209-1606\jars\maven-artifact-3.8.7.jar
2023-09-25 16:10:53,957 [Worker-30: Launching mavenrun-ae204ea4-d8df-49b2-8664-8ab92924ac75] INFO  o.eclipse.m2e.core.internal.Bundles - 	Entry: C:\Users\anirudhm\Downloads\eclipse-jee-2023-03-R-win32-x86_64\eclipse\plugins\org.eclipse.m2e.maven.runtime_3.8.701.20230209-1606\jars\maven-builder-support-3.8.7.jar
2023-09-25 16:10:53,957 [Worker-30: Launching mavenrun-ae204ea4-d8df-49b2-8664-8ab92924ac75] INFO  o.eclipse.m2e.core.internal.Bundles - 	Entry: C:\Users\anirudhm\Downloads\eclipse-jee-2023-03-R-win32-x86_64\eclipse\plugins\org.eclipse.m2e.maven.runtime_3.8.701.20230209-1606\jars\maven-compat-3.8.7.jar
2023-09-25 16:10:53,957 [Worker-30: Launching mavenrun-ae204ea4-d8df-49b2-8664-8ab92924ac75] INFO  o.eclipse.m2e.core.internal.Bundles - 	Entry: C:\Users\anirudhm\Downloads\eclipse-jee-2023-03-R-win32-x86_64\eclipse\plugins\org.eclipse.m2e.maven.runtime_3.8.701.20230209-1606\jars\maven-core-3.8.7.jar
2023-09-25 16:10:53,957 [Worker-30: Launching mavenrun-ae204ea4-d8df-49b2-8664-8ab92924ac75] INFO  o.eclipse.m2e.core.internal.Bundles - 	Entry: C:\Users\anirudhm\Downloads\eclipse-jee-2023-03-R-win32-x86_64\eclipse\plugins\org.eclipse.m2e.maven.runtime_3.8.701.20230209-1606\jars\maven-embedder-3.8.7.jar
2023-09-25 16:10:53,957 [Worker-30: Launching mavenrun-ae204ea4-d8df-49b2-8664-8ab92924ac75] INFO  o.eclipse.m2e.core.internal.Bundles - 	Entry: C:\Users\anirudhm\Downloads\eclipse-jee-2023-03-R-win32-x86_64\eclipse\plugins\org.eclipse.m2e.maven.runtime_3.8.701.20230209-1606\jars\maven-model-3.8.7.jar
2023-09-25 16:10:53,957 [Worker-30: Launching mavenrun-ae204ea4-d8df-49b2-8664-8ab92924ac75] INFO  o.eclipse.m2e.core.internal.Bundles - 	Entry: C:\Users\anirudhm\Downloads\eclipse-jee-2023-03-R-win32-x86_64\eclipse\plugins\org.eclipse.m2e.maven.runtime_3.8.701.20230209-1606\jars\maven-model-builder-3.8.7.jar
2023-09-25 16:10:53,957 [Worker-30: Launching mavenrun-ae204ea4-d8df-49b2-8664-8ab92924ac75] INFO  o.eclipse.m2e.core.internal.Bundles - 	Entry: C:\Users\anirudhm\Downloads\eclipse-jee-2023-03-R-win32-x86_64\eclipse\plugins\org.eclipse.m2e.maven.runtime_3.8.701.20230209-1606\jars\maven-plugin-api-3.8.7.jar
2023-09-25 16:10:53,958 [Worker-30: Launching mavenrun-ae204ea4-d8df-49b2-8664-8ab92924ac75] INFO  o.eclipse.m2e.core.internal.Bundles - 	Entry: C:\Users\anirudhm\Downloads\eclipse-jee-2023-03-R-win32-x86_64\eclipse\plugins\org.eclipse.m2e.maven.runtime_3.8.701.20230209-1606\jars\maven-repository-metadata-3.8.7.jar
2023-09-25 16:10:53,958 [Worker-30: Launching mavenrun-ae204ea4-d8df-49b2-8664-8ab92924ac75] INFO  o.eclipse.m2e.core.internal.Bundles - 	Entry: C:\Users\anirudhm\Downloads\eclipse-jee-2023-03-R-win32-x86_64\eclipse\plugins\org.eclipse.m2e.maven.runtime_3.8.701.20230209-1606\jars\maven-resolver-api-1.6.3.jar
2023-09-25 16:10:53,958 [Worker-30: Launching mavenrun-ae204ea4-d8df-49b2-8664-8ab92924ac75] INFO  o.eclipse.m2e.core.internal.Bundles - 	Entry: C:\Users\anirudhm\Downloads\eclipse-jee-2023-03-R-win32-x86_64\eclipse\plugins\org.eclipse.m2e.maven.runtime_3.8.701.20230209-1606\jars\maven-resolver-connector-basic-1.6.3.jar
2023-09-25 16:10:53,958 [Worker-30: Launching mavenrun-ae204ea4-d8df-49b2-8664-8ab92924ac75] INFO  o.eclipse.m2e.core.internal.Bundles - 	Entry: C:\Users\anirudhm\Downloads\eclipse-jee-2023-03-R-win32-x86_64\eclipse\plugins\org.eclipse.m2e.maven.runtime_3.8.701.20230209-1606\jars\maven-resolver-impl-1.6.3.jar
2023-09-25 16:10:53,958 [Worker-30: Launching mavenrun-ae204ea4-d8df-49b2-8664-8ab92924ac75] INFO  o.eclipse.m2e.core.internal.Bundles - 	Entry: C:\Users\anirudhm\Downloads\eclipse-jee-2023-03-R-win32-x86_64\eclipse\plugins\org.eclipse.m2e.maven.runtime_3.8.701.20230209-1606\jars\maven-resolver-provider-3.8.7.jar
2023-09-25 16:10:53,958 [Worker-30: Launching mavenrun-ae204ea4-d8df-49b2-8664-8ab92924ac75] INFO  o.eclipse.m2e.core.internal.Bundles - 	Entry: C:\Users\anirudhm\Downloads\eclipse-jee-2023-03-R-win32-x86_64\eclipse\plugins\org.eclipse.m2e.maven.runtime_3.8.701.20230209-1606\jars\maven-resolver-spi-1.6.3.jar
2023-09-25 16:10:53,958 [Worker-30: Launching mavenrun-ae204ea4-d8df-49b2-8664-8ab92924ac75] INFO  o.eclipse.m2e.core.internal.Bundles - 	Entry: C:\Users\anirudhm\Downloads\eclipse-jee-2023-03-R-win32-x86_64\eclipse\plugins\org.eclipse.m2e.maven.runtime_3.8.701.20230209-1606\jars\maven-resolver-transport-wagon-1.6.3.jar
2023-09-25 16:10:53,958 [Worker-30: Launching mavenrun-ae204ea4-d8df-49b2-8664-8ab92924ac75] INFO  o.eclipse.m2e.core.internal.Bundles - 	Entry: C:\Users\anirudhm\Downloads\eclipse-jee-2023-03-R-win32-x86_64\eclipse\plugins\org.eclipse.m2e.maven.runtime_3.8.701.20230209-1606\jars\maven-resolver-util-1.6.3.jar
2023-09-25 16:10:53,959 [Worker-30: Launching mavenrun-ae204ea4-d8df-49b2-8664-8ab92924ac75] INFO  o.eclipse.m2e.core.internal.Bundles - 	Entry: C:\Users\anirudhm\Downloads\eclipse-jee-2023-03-R-win32-x86_64\eclipse\plugins\org.eclipse.m2e.maven.runtime_3.8.701.20230209-1606\jars\maven-settings-3.8.7.jar
2023-09-25 16:10:53,959 [Worker-30: Launching mavenrun-ae204ea4-d8df-49b2-8664-8ab92924ac75] INFO  o.eclipse.m2e.core.internal.Bundles - 	Entry: C:\Users\anirudhm\Downloads\eclipse-jee-2023-03-R-win32-x86_64\eclipse\plugins\org.eclipse.m2e.maven.runtime_3.8.701.20230209-1606\jars\maven-settings-builder-3.8.7.jar
2023-09-25 16:10:53,959 [Worker-30: Launching mavenrun-ae204ea4-d8df-49b2-8664-8ab92924ac75] INFO  o.eclipse.m2e.core.internal.Bundles - 	Entry: C:\Users\anirudhm\Downloads\eclipse-jee-2023-03-R-win32-x86_64\eclipse\plugins\org.eclipse.m2e.maven.runtime_3.8.701.20230209-1606\jars\maven-shared-utils-3.3.4.jar
2023-09-25 16:10:53,959 [Worker-30: Launching mavenrun-ae204ea4-d8df-49b2-8664-8ab92924ac75] INFO  o.eclipse.m2e.core.internal.Bundles - 	Entry: C:\Users\anirudhm\Downloads\eclipse-jee-2023-03-R-win32-x86_64\eclipse\plugins\org.eclipse.m2e.maven.runtime_3.8.701.20230209-1606\jars\okhttp-3.14.1.jar
2023-09-25 16:10:53,959 [Worker-30: Launching mavenrun-ae204ea4-d8df-49b2-8664-8ab92924ac75] INFO  o.eclipse.m2e.core.internal.Bundles - 	Entry: C:\Users\anirudhm\Downloads\eclipse-jee-2023-03-R-win32-x86_64\eclipse\plugins\org.eclipse.m2e.maven.runtime_3.8.701.20230209-1606\jars\okio-1.17.3.jar
2023-09-25 16:10:53,959 [Worker-30: Launching mavenrun-ae204ea4-d8df-49b2-8664-8ab92924ac75] INFO  o.eclipse.m2e.core.internal.Bundles - 	Entry: C:\Users\anirudhm\Downloads\eclipse-jee-2023-03-R-win32-x86_64\eclipse\plugins\org.eclipse.m2e.maven.runtime_3.8.701.20230209-1606\jars\org.eclipse.sisu.inject-0.3.5.jar
2023-09-25 16:10:53,959 [Worker-30: Launching mavenrun-ae204ea4-d8df-49b2-8664-8ab92924ac75] INFO  o.eclipse.m2e.core.internal.Bundles - 	Entry: C:\Users\anirudhm\Downloads\eclipse-jee-2023-03-R-win32-x86_64\eclipse\plugins\org.eclipse.m2e.maven.runtime_3.8.701.20230209-1606\jars\org.eclipse.sisu.plexus-0.3.5.jar
2023-09-25 16:10:53,960 [Worker-30: Launching mavenrun-ae204ea4-d8df-49b2-8664-8ab92924ac75] INFO  o.eclipse.m2e.core.internal.Bundles - 	Entry: C:\Users\anirudhm\Downloads\eclipse-jee-2023-03-R-win32-x86_64\eclipse\plugins\org.eclipse.m2e.maven.runtime_3.8.701.20230209-1606\jars\plexus-build-api-0.0.7.jar
2023-09-25 16:10:53,960 [Worker-30: Launching mavenrun-ae204ea4-d8df-49b2-8664-8ab92924ac75] INFO  o.eclipse.m2e.core.internal.Bundles - 	Entry: C:\Users\anirudhm\Downloads\eclipse-jee-2023-03-R-win32-x86_64\eclipse\plugins\org.eclipse.m2e.maven.runtime_3.8.701.20230209-1606\jars\plexus-cipher-2.0.jar
2023-09-25 16:10:53,960 [Worker-30: Launching mavenrun-ae204ea4-d8df-49b2-8664-8ab92924ac75] INFO  o.eclipse.m2e.core.internal.Bundles - 	Entry: C:\Users\anirudhm\Downloads\eclipse-jee-2023-03-R-win32-x86_64\eclipse\plugins\org.eclipse.m2e.maven.runtime_3.8.701.20230209-1606\jars\plexus-classworlds-2.6.0.jar
2023-09-25 16:10:53,960 [Worker-30: Launching mavenrun-ae204ea4-d8df-49b2-8664-8ab92924ac75] INFO  o.eclipse.m2e.core.internal.Bundles - 	Entry: C:\Users\anirudhm\Downloads\eclipse-jee-2023-03-R-win32-x86_64\eclipse\plugins\org.eclipse.m2e.maven.runtime_3.8.701.20230209-1606\jars\plexus-component-annotations-2.1.0.jar
2023-09-25 16:10:53,960 [Worker-30: Launching mavenrun-ae204ea4-d8df-49b2-8664-8ab92924ac75] INFO  o.eclipse.m2e.core.internal.Bundles - 	Entry: C:\Users\anirudhm\Downloads\eclipse-jee-2023-03-R-win32-x86_64\eclipse\plugins\org.eclipse.m2e.maven.runtime_3.8.701.20230209-1606\jars\plexus-interpolation-1.26.jar
2023-09-25 16:10:53,960 [Worker-30: Launching mavenrun-ae204ea4-d8df-49b2-8664-8ab92924ac75] INFO  o.eclipse.m2e.core.internal.Bundles - 	Entry: C:\Users\anirudhm\Downloads\eclipse-jee-2023-03-R-win32-x86_64\eclipse\plugins\org.eclipse.m2e.maven.runtime_3.8.701.20230209-1606\jars\plexus-sec-dispatcher-2.0.jar
2023-09-25 16:10:53,960 [Worker-30: Launching mavenrun-ae204ea4-d8df-49b2-8664-8ab92924ac75] INFO  o.eclipse.m2e.core.internal.Bundles - 	Entry: C:\Users\anirudhm\Downloads\eclipse-jee-2023-03-R-win32-x86_64\eclipse\plugins\org.eclipse.m2e.maven.runtime_3.8.701.20230209-1606\jars\plexus-utils-3.3.1.jar
2023-09-25 16:10:53,960 [Worker-30: Launching mavenrun-ae204ea4-d8df-49b2-8664-8ab92924ac75] INFO  o.eclipse.m2e.core.internal.Bundles - 	Entry: C:\Users\anirudhm\Downloads\eclipse-jee-2023-03-R-win32-x86_64\eclipse\plugins\org.eclipse.m2e.maven.runtime_3.8.701.20230209-1606\jars\wagon-file-3.5.3.jar
2023-09-25 16:10:53,961 [Worker-30: Launching mavenrun-ae204ea4-d8df-49b2-8664-8ab92924ac75] INFO  o.eclipse.m2e.core.internal.Bundles - 	Entry: C:\Users\anirudhm\Downloads\eclipse-jee-2023-03-R-win32-x86_64\eclipse\plugins\org.eclipse.m2e.maven.runtime_3.8.701.20230209-1606\jars\wagon-provider-api-3.5.3.jar
2023-09-25 16:10:53,962 [Worker-30: Launching mavenrun-ae204ea4-d8df-49b2-8664-8ab92924ac75] INFO  o.eclipse.m2e.core.internal.Bundles - getClasspathEntries(Bundle=com.google.guava_31.1.0.jre [11])
2023-09-25 16:10:53,962 [Worker-30: Launching mavenrun-ae204ea4-d8df-49b2-8664-8ab92924ac75] INFO  o.eclipse.m2e.core.internal.Bundles - 	Entry: C:\Users\anirudhm\Downloads\eclipse-jee-2023-03-R-win32-x86_64\eclipse\plugins\com.google.guava_31.1.0.jre.jar
2023-09-25 16:10:53,963 [Worker-30: Launching mavenrun-ae204ea4-d8df-49b2-8664-8ab92924ac75] INFO  o.eclipse.m2e.core.internal.Bundles - getClasspathEntries(Bundle=slf4j.api_1.7.36 [924])
2023-09-25 16:10:53,963 [Worker-30: Launching mavenrun-ae204ea4-d8df-49b2-8664-8ab92924ac75] INFO  o.eclipse.m2e.core.internal.Bundles - 	Entry: C:\Users\anirudhm\Downloads\eclipse-jee-2023-03-R-win32-x86_64\eclipse\plugins\slf4j.api_1.7.36.jar
2023-09-25 16:10:53,963 [Worker-30: Launching mavenrun-ae204ea4-d8df-49b2-8664-8ab92924ac75] INFO  o.eclipse.m2e.core.internal.Bundles - getClasspathEntries(Bundle=javax.inject_1.0.0.v20220405-0441 [35])
2023-09-25 16:10:54,114 [Worker-30: Launching mavenrun-ae204ea4-d8df-49b2-8664-8ab92924ac75] INFO  o.eclipse.m2e.core.internal.Bundles - 	Entry: C:\Users\anirudhm\Downloads\eclipse-jee-2023-03-R-win32-x86_64\eclipse\plugins\javax.inject_1.0.0.v20220405-0441.jar
2023-09-25 16:10:54,114 [Worker-30: Launching mavenrun-ae204ea4-d8df-49b2-8664-8ab92924ac75] INFO  o.eclipse.m2e.core.internal.Bundles - getClasspathEntries(Bundle=javax.annotation_1.3.5.v20221203-1659 [33])
2023-09-25 16:10:54,359 [Worker-30: Launching mavenrun-ae204ea4-d8df-49b2-8664-8ab92924ac75] INFO  o.eclipse.m2e.core.internal.Bundles - 	Entry: C:\Users\anirudhm\Downloads\eclipse-jee-2023-03-R-win32-x86_64\eclipse\plugins\javax.annotation_1.3.5.v20221203-1659.jar
2023-09-25 16:10:54,359 [Worker-30: Launching mavenrun-ae204ea4-d8df-49b2-8664-8ab92924ac75] INFO  o.eclipse.m2e.core.internal.Bundles - getClasspathEntries(Bundle=org.apache.commons.cli_1.4.0.v20221112-0806 [67])
2023-09-25 16:10:54,370 [Worker-30: Launching mavenrun-ae204ea4-d8df-49b2-8664-8ab92924ac75] INFO  o.eclipse.m2e.core.internal.Bundles - 	Entry: C:\Users\anirudhm\Downloads\eclipse-jee-2023-03-R-win32-x86_64\eclipse\plugins\org.apache.commons.cli_1.4.0.v20221112-0806.jar
2023-09-25 16:10:54,370 [Worker-30: Launching mavenrun-ae204ea4-d8df-49b2-8664-8ab92924ac75] INFO  o.eclipse.m2e.core.internal.Bundles - getClasspathEntries(Bundle=com.google.guava.failureaccess_1.0.1 [13])
2023-09-25 16:10:54,453 [Worker-30: Launching mavenrun-ae204ea4-d8df-49b2-8664-8ab92924ac75] INFO  o.eclipse.m2e.core.internal.Bundles - 	Entry: C:\Users\anirudhm\Downloads\eclipse-jee-2023-03-R-win32-x86_64\eclipse\plugins\com.google.guava.failureaccess_1.0.1.jar
2023-09-25 16:10:54,456 [Worker-30: Launching mavenrun-ae204ea4-d8df-49b2-8664-8ab92924ac75] INFO  o.e.m.i.launch.MavenLaunchDelegate - Run build in "C:\Users\anirudhm\AppData\Local\Temp\m2e-archetypeGenerator10388133458797469761":
2023-09-25 16:10:54,459 [Worker-30: Launching mavenrun-ae204ea4-d8df-49b2-8664-8ab92924ac75] INFO  o.e.m.i.launch.MavenLaunchDelegate -  mvn  -DarchetypeGroupId=de.bripkens -DarchetypeArtifactId=java-quickstart -DarchetypeVersion=0.2.0 -DgroupId=infinite -DartifactId=HibEx -Dversion=0.0.1-SNAPSHOT -Dpackage=com.java.hib -DoutputDirectory=C:\Users\anirudhm\eclipse-workspace\Day23 -Dstyle.color=always -U archetype:generate
2023-09-25 16:11:35,410 [Worker-26: Creating java-quickstart] INFO  o.e.m.c.i.p.ProjectConfigurationManager - Collecting project info '/pom.xml' C:\Users\anirudhm\eclipse-workspace\Day23\HibEx\pom.xml
2023-09-25 16:11:39,724 [Worker-26: Creating java-quickstart] INFO  o.e.m.c.i.e.AbstractTransferListenerAdapter - Downloading https://repo.maven.apache.org/maven2/org/apache/maven/plugins/maven-resources-plugin/2.6/maven-resources-plugin-2.6.jar
2023-09-25 16:11:39,951 [Worker-26: Creating java-quickstart] INFO  o.e.m.c.i.e.AbstractTransferListenerAdapter - Downloaded https://repo.maven.apache.org/maven2/org/apache/maven/plugins/maven-resources-plugin/2.6/maven-resources-plugin-2.6.jar
2023-09-25 16:11:40,252 [Worker-26: Creating java-quickstart] INFO  o.e.m.c.i.e.AbstractTransferListenerAdapter - Downloading https://repo.maven.apache.org/maven2/org/apache/maven/plugins/maven-surefire-plugin/2.12.4/maven-surefire-plugin-2.12.4.jar
2023-09-25 16:11:41,155 [Worker-26: Creating java-quickstart] INFO  o.e.m.c.i.e.AbstractTransferListenerAdapter - Downloaded https://repo.maven.apache.org/maven2/org/apache/maven/plugins/maven-surefire-plugin/2.12.4/maven-surefire-plugin-2.12.4.jar
2023-09-25 16:11:41,275 [Worker-26: Creating java-quickstart] INFO  o.e.m.c.i.e.AbstractTransferListenerAdapter - Downloading https://repo.maven.apache.org/maven2/org/apache/maven/plugins/maven-jar-plugin/2.4/maven-jar-plugin-2.4.jar
2023-09-25 16:11:41,608 [Worker-26: Creating java-quickstart] INFO  o.e.m.c.i.e.AbstractTransferListenerAdapter - Downloaded https://repo.maven.apache.org/maven2/org/apache/maven/plugins/maven-jar-plugin/2.4/maven-jar-plugin-2.4.jar
2023-09-25 16:11:44,877 [Worker-26: Creating java-quickstart] INFO  o.e.m.c.i.l.LifecycleMappingFactory - Using org.eclipse.m2e.jdt.JarLifecycleMapping lifecycle mapping for MavenProject: infinite:HibEx:0.0.1-SNAPSHOT @ C:\Users\anirudhm\eclipse-workspace\Day23\HibEx\pom.xml.
2023-09-25 16:11:45,007 [Worker-26: Creating java-quickstart] INFO  o.e.m.c.i.e.AbstractTransferListenerAdapter - Downloading https://repo.maven.apache.org/maven2/org/apache/maven/plugins/maven-resources-plugin/2.6/maven-resources-plugin-2.6.pom
2023-09-25 16:11:45,055 [Worker-26: Creating java-quickstart] INFO  o.e.m.c.i.e.AbstractTransferListenerAdapter - Downloaded https://repo.maven.apache.org/maven2/org/apache/maven/plugins/maven-resources-plugin/2.6/maven-resources-plugin-2.6.pom
2023-09-25 16:11:45,091 [Worker-26: Creating java-quickstart] INFO  o.e.m.c.i.e.AbstractTransferListenerAdapter - Downloading https://repo.maven.apache.org/maven2/org/apache/maven/plugins/maven-surefire-plugin/2.12.4/maven-surefire-plugin-2.12.4.pom
2023-09-25 16:11:45,132 [Worker-26: Creating java-quickstart] INFO  o.e.m.c.i.e.AbstractTransferListenerAdapter - Downloaded https://repo.maven.apache.org/maven2/org/apache/maven/plugins/maven-surefire-plugin/2.12.4/maven-surefire-plugin-2.12.4.pom
2023-09-25 16:11:45,149 [Worker-26: Creating java-quickstart] INFO  o.e.m.c.i.e.AbstractTransferListenerAdapter - Downloading https://repo.maven.apache.org/maven2/org/apache/maven/surefire/surefire/2.12.4/surefire-2.12.4.pom
2023-09-25 16:11:45,190 [Worker-26: Creating java-quickstart] INFO  o.e.m.c.i.e.AbstractTransferListenerAdapter - Downloaded https://repo.maven.apache.org/maven2/org/apache/maven/surefire/surefire/2.12.4/surefire-2.12.4.pom
2023-09-25 16:11:45,226 [Worker-26: Creating java-quickstart] INFO  o.e.m.c.i.e.AbstractTransferListenerAdapter - Downloading https://repo.maven.apache.org/maven2/org/apache/maven/plugins/maven-jar-plugin/2.4/maven-jar-plugin-2.4.pom
2023-09-25 16:11:45,269 [Worker-26: Creating java-quickstart] INFO  o.e.m.c.i.e.AbstractTransferListenerAdapter - Downloaded https://repo.maven.apache.org/maven2/org/apache/maven/plugins/maven-jar-plugin/2.4/maven-jar-plugin-2.4.pom
2023-09-25 16:11:45,321 [Worker-26: Creating java-quickstart] INFO  o.e.m.c.i.e.AbstractTransferListenerAdapter - Downloading https://repo.maven.apache.org/maven2/org/apache/maven/maven-archiver/2.5/maven-archiver-2.5.pom
2023-09-25 16:11:45,357 [Worker-26: Creating java-quickstart] INFO  o.e.m.c.i.e.AbstractTransferListenerAdapter - Downloaded https://repo.maven.apache.org/maven2/org/apache/maven/maven-archiver/2.5/maven-archiver-2.5.pom
2023-09-25 16:11:45,385 [Worker-26: Creating java-quickstart] INFO  o.e.m.c.i.e.AbstractTransferListenerAdapter - Downloading https://repo.maven.apache.org/maven2/org/apache/maven/shared/maven-shared-components/17/maven-shared-components-17.pom
2023-09-25 16:11:45,423 [Worker-26: Creating java-quickstart] INFO  o.e.m.c.i.e.AbstractTransferListenerAdapter - Downloaded https://repo.maven.apache.org/maven2/org/apache/maven/shared/maven-shared-components/17/maven-shared-components-17.pom
2023-09-25 16:11:45,442 [Worker-26: Creating java-quickstart] INFO  o.e.m.c.i.e.AbstractTransferListenerAdapter - Downloading https://repo.maven.apache.org/maven2/org/codehaus/plexus/plexus-archiver/2.1/plexus-archiver-2.1.pom
2023-09-25 16:11:45,488 [Worker-26: Creating java-quickstart] INFO  o.e.m.c.i.e.AbstractTransferListenerAdapter - Downloaded https://repo.maven.apache.org/maven2/org/codehaus/plexus/plexus-archiver/2.1/plexus-archiver-2.1.pom
2023-09-25 16:11:45,517 [Worker-26: Creating java-quickstart] INFO  o.e.m.c.i.e.AbstractTransferListenerAdapter - Downloading https://repo.maven.apache.org/maven2/org/codehaus/plexus/plexus-utils/3.0/plexus-utils-3.0.pom
2023-09-25 16:11:45,554 [Worker-26: Creating java-quickstart] INFO  o.e.m.c.i.e.AbstractTransferListenerAdapter - Downloaded https://repo.maven.apache.org/maven2/org/codehaus/plexus/plexus-utils/3.0/plexus-utils-3.0.pom
2023-09-25 16:11:45,589 [Worker-26: Creating java-quickstart] INFO  o.e.m.c.i.e.AbstractTransferListenerAdapter - Downloading https://repo.maven.apache.org/maven2/org/sonatype/spice/spice-parent/16/spice-parent-16.pom
2023-09-25 16:11:45,636 [Worker-26: Creating java-quickstart] INFO  o.e.m.c.i.e.AbstractTransferListenerAdapter - Downloaded https://repo.maven.apache.org/maven2/org/sonatype/spice/spice-parent/16/spice-parent-16.pom
2023-09-25 16:11:45,698 [Worker-26: Creating java-quickstart] INFO  o.e.m.c.i.e.AbstractTransferListenerAdapter - Downloading https://repo.maven.apache.org/maven2/org/codehaus/plexus/plexus-io/2.0.2/plexus-io-2.0.2.pom
2023-09-25 16:11:45,734 [Worker-26: Creating java-quickstart] INFO  o.e.m.c.i.e.AbstractTransferListenerAdapter - Downloaded https://repo.maven.apache.org/maven2/org/codehaus/plexus/plexus-io/2.0.2/plexus-io-2.0.2.pom
2023-09-25 16:11:45,807 [Worker-26: Creating java-quickstart] INFO  o.e.m.c.i.e.AbstractTransferListenerAdapter - Downloading https://repo.maven.apache.org/maven2/org/codehaus/plexus/plexus-interpolation/1.15/plexus-interpolation-1.15.pom
2023-09-25 16:11:45,861 [Worker-26: Creating java-quickstart] INFO  o.e.m.c.i.e.AbstractTransferListenerAdapter - Downloaded https://repo.maven.apache.org/maven2/org/codehaus/plexus/plexus-interpolation/1.15/plexus-interpolation-1.15.pom
2023-09-25 16:11:45,883 [Worker-26: Creating java-quickstart] INFO  o.e.m.c.i.e.AbstractTransferListenerAdapter - Downloading https://repo.maven.apache.org/maven2/commons-lang/commons-lang/2.1/commons-lang-2.1.pom
2023-09-25 16:11:45,923 [Worker-26: Creating java-quickstart] INFO  o.e.m.c.i.e.AbstractTransferListenerAdapter - Downloaded https://repo.maven.apache.org/maven2/commons-lang/commons-lang/2.1/commons-lang-2.1.pom
2023-09-25 16:11:45,947 [AetherRepositoryConnector-repo.maven.apache.org-0-1] INFO  o.e.m.c.i.e.AbstractTransferListenerAdapter - Downloading https://repo.maven.apache.org/maven2/org/apache/maven/maven-project/2.0.6/maven-project-2.0.6.jar
2023-09-25 16:11:45,960 [AetherRepositoryConnector-repo.maven.apache.org-0-0] INFO  o.e.m.c.i.e.AbstractTransferListenerAdapter - Downloading https://repo.maven.apache.org/maven2/org/apache/maven/maven-plugin-api/2.0.6/maven-plugin-api-2.0.6.jar
2023-09-25 16:11:45,962 [AetherRepositoryConnector-repo.maven.apache.org-0-3] INFO  o.e.m.c.i.e.AbstractTransferListenerAdapter - Downloading https://repo.maven.apache.org/maven2/org/apache/maven/maven-profile/2.0.6/maven-profile-2.0.6.jar
2023-09-25 16:11:45,962 [AetherRepositoryConnector-repo.maven.apache.org-0-4] INFO  o.e.m.c.i.e.AbstractTransferListenerAdapter - Downloading https://repo.maven.apache.org/maven2/org/apache/maven/maven-artifact-manager/2.0.6/maven-artifact-manager-2.0.6.jar
2023-09-25 16:11:45,962 [AetherRepositoryConnector-repo.maven.apache.org-0-2] INFO  o.e.m.c.i.e.AbstractTransferListenerAdapter - Downloading https://repo.maven.apache.org/maven2/org/apache/maven/maven-settings/2.0.6/maven-settings-2.0.6.jar
2023-09-25 16:11:46,008 [AetherRepositoryConnector-repo.maven.apache.org-0-1] INFO  o.e.m.c.i.e.AbstractTransferListenerAdapter - Downloaded https://repo.maven.apache.org/maven2/org/apache/maven/maven-project/2.0.6/maven-project-2.0.6.jar
2023-09-25 16:11:46,022 [AetherRepositoryConnector-repo.maven.apache.org-0-4] INFO  o.e.m.c.i.e.AbstractTransferListenerAdapter - Downloaded https://repo.maven.apache.org/maven2/org/apache/maven/maven-artifact-manager/2.0.6/maven-artifact-manager-2.0.6.jar
2023-09-25 16:11:46,024 [AetherRepositoryConnector-repo.maven.apache.org-0-1] INFO  o.e.m.c.i.e.AbstractTransferListenerAdapter - Downloading https://repo.maven.apache.org/maven2/org/apache/maven/maven-repository-metadata/2.0.6/maven-repository-metadata-2.0.6.jar
2023-09-25 16:11:46,034 [AetherRepositoryConnector-repo.maven.apache.org-0-4] INFO  o.e.m.c.i.e.AbstractTransferListenerAdapter - Downloading https://repo.maven.apache.org/maven2/org/apache/maven/maven-plugin-registry/2.0.6/maven-plugin-registry-2.0.6.jar
2023-09-25 16:11:46,206 [AetherRepositoryConnector-repo.maven.apache.org-0-0] INFO  o.e.m.c.i.e.AbstractTransferListenerAdapter - Downloaded https://repo.maven.apache.org/maven2/org/apache/maven/maven-plugin-api/2.0.6/maven-plugin-api-2.0.6.jar
2023-09-25 16:11:46,218 [AetherRepositoryConnector-repo.maven.apache.org-0-0] INFO  o.e.m.c.i.e.AbstractTransferListenerAdapter - Downloading https://repo.maven.apache.org/maven2/org/codehaus/plexus/plexus-container-default/1.0-alpha-9-stable-1/plexus-container-default-1.0-alpha-9-stable-1.jar
2023-09-25 16:11:46,254 [AetherRepositoryConnector-repo.maven.apache.org-0-1] INFO  o.e.m.c.i.e.AbstractTransferListenerAdapter - Downloaded https://repo.maven.apache.org/maven2/org/apache/maven/maven-repository-metadata/2.0.6/maven-repository-metadata-2.0.6.jar
2023-09-25 16:11:46,267 [AetherRepositoryConnector-repo.maven.apache.org-0-1] INFO  o.e.m.c.i.e.AbstractTransferListenerAdapter - Downloading https://repo.maven.apache.org/maven2/junit/junit/3.8.1/junit-3.8.1.jar
2023-09-25 16:11:46,290 [AetherRepositoryConnector-repo.maven.apache.org-0-0] INFO  o.e.m.c.i.e.AbstractTransferListenerAdapter - Downloaded https://repo.maven.apache.org/maven2/org/codehaus/plexus/plexus-container-default/1.0-alpha-9-stable-1/plexus-container-default-1.0-alpha-9-stable-1.jar
2023-09-25 16:11:46,301 [AetherRepositoryConnector-repo.maven.apache.org-0-0] INFO  o.e.m.c.i.e.AbstractTransferListenerAdapter - Downloading https://repo.maven.apache.org/maven2/classworlds/classworlds/1.1-alpha-2/classworlds-1.1-alpha-2.jar
2023-09-25 16:11:46,307 [AetherRepositoryConnector-repo.maven.apache.org-0-1] INFO  o.e.m.c.i.e.AbstractTransferListenerAdapter - Downloaded https://repo.maven.apache.org/maven2/junit/junit/3.8.1/junit-3.8.1.jar
2023-09-25 16:11:46,324 [AetherRepositoryConnector-repo.maven.apache.org-0-1] INFO  o.e.m.c.i.e.AbstractTransferListenerAdapter - Downloading https://repo.maven.apache.org/maven2/org/apache/maven/maven-model/2.0.6/maven-model-2.0.6.jar
2023-09-25 16:11:46,344 [AetherRepositoryConnector-repo.maven.apache.org-0-4] INFO  o.e.m.c.i.e.AbstractTransferListenerAdapter - Downloaded https://repo.maven.apache.org/maven2/org/apache/maven/maven-plugin-registry/2.0.6/maven-plugin-registry-2.0.6.jar
2023-09-25 16:11:46,361 [AetherRepositoryConnector-repo.maven.apache.org-0-4] INFO  o.e.m.c.i.e.AbstractTransferListenerAdapter - Downloading https://repo.maven.apache.org/maven2/org/apache/maven/maven-artifact/2.0.6/maven-artifact-2.0.6.jar
2023-09-25 16:11:46,366 [AetherRepositoryConnector-repo.maven.apache.org-0-3] INFO  o.e.m.c.i.e.AbstractTransferListenerAdapter - Downloaded https://repo.maven.apache.org/maven2/org/apache/maven/maven-profile/2.0.6/maven-profile-2.0.6.jar
2023-09-25 16:11:46,377 [AetherRepositoryConnector-repo.maven.apache.org-0-1] INFO  o.e.m.c.i.e.AbstractTransferListenerAdapter - Downloaded https://repo.maven.apache.org/maven2/org/apache/maven/maven-model/2.0.6/maven-model-2.0.6.jar
2023-09-25 16:11:46,378 [AetherRepositoryConnector-repo.maven.apache.org-0-3] INFO  o.e.m.c.i.e.AbstractTransferListenerAdapter - Downloading https://repo.maven.apache.org/maven2/org/apache/maven/maven-archiver/2.5/maven-archiver-2.5.jar
2023-09-25 16:11:46,392 [AetherRepositoryConnector-repo.maven.apache.org-0-1] INFO  o.e.m.c.i.e.AbstractTransferListenerAdapter - Downloading https://repo.maven.apache.org/maven2/org/apache/maven/maven-core/2.0.6/maven-core-2.0.6.jar
2023-09-25 16:11:46,417 [AetherRepositoryConnector-repo.maven.apache.org-0-4] INFO  o.e.m.c.i.e.AbstractTransferListenerAdapter - Downloaded https://repo.maven.apache.org/maven2/org/apache/maven/maven-artifact/2.0.6/maven-artifact-2.0.6.jar
2023-09-25 16:11:46,439 [AetherRepositoryConnector-repo.maven.apache.org-0-4] INFO  o.e.m.c.i.e.AbstractTransferListenerAdapter - Downloading https://repo.maven.apache.org/maven2/org/apache/maven/maven-plugin-parameter-documenter/2.0.6/maven-plugin-parameter-documenter-2.0.6.jar
2023-09-25 16:11:46,462 [AetherRepositoryConnector-repo.maven.apache.org-0-1] INFO  o.e.m.c.i.e.AbstractTransferListenerAdapter - Downloaded https://repo.maven.apache.org/maven2/org/apache/maven/maven-core/2.0.6/maven-core-2.0.6.jar
2023-09-25 16:11:46,463 [AetherRepositoryConnector-repo.maven.apache.org-0-2] INFO  o.e.m.c.i.e.AbstractTransferListenerAdapter - Downloaded https://repo.maven.apache.org/maven2/org/apache/maven/maven-settings/2.0.6/maven-settings-2.0.6.jar
2023-09-25 16:11:46,477 [AetherRepositoryConnector-repo.maven.apache.org-0-1] INFO  o.e.m.c.i.e.AbstractTransferListenerAdapter - Downloading https://repo.maven.apache.org/maven2/org/apache/maven/reporting/maven-reporting-api/2.0.6/maven-reporting-api-2.0.6.jar
2023-09-25 16:11:46,487 [AetherRepositoryConnector-repo.maven.apache.org-0-2] INFO  o.e.m.c.i.e.AbstractTransferListenerAdapter - Downloading https://repo.maven.apache.org/maven2/org/apache/maven/doxia/doxia-sink-api/1.0-alpha-7/doxia-sink-api-1.0-alpha-7.jar
2023-09-25 16:11:46,624 [AetherRepositoryConnector-repo.maven.apache.org-0-1] INFO  o.e.m.c.i.e.AbstractTransferListenerAdapter - Downloaded https://repo.maven.apache.org/maven2/org/apache/maven/reporting/maven-reporting-api/2.0.6/maven-reporting-api-2.0.6.jar
2023-09-25 16:11:46,639 [AetherRepositoryConnector-repo.maven.apache.org-0-3] INFO  o.e.m.c.i.e.AbstractTransferListenerAdapter - Downloaded https://repo.maven.apache.org/maven2/org/apache/maven/maven-archiver/2.5/maven-archiver-2.5.jar
2023-09-25 16:11:46,646 [AetherRepositoryConnector-repo.maven.apache.org-0-1] INFO  o.e.m.c.i.e.AbstractTransferListenerAdapter - Downloading https://repo.maven.apache.org/maven2/org/apache/maven/maven-error-diagnostics/2.0.6/maven-error-diagnostics-2.0.6.jar
2023-09-25 16:11:46,656 [AetherRepositoryConnector-repo.maven.apache.org-0-2] INFO  o.e.m.c.i.e.AbstractTransferListenerAdapter - Downloaded https://repo.maven.apache.org/maven2/org/apache/maven/doxia/doxia-sink-api/1.0-alpha-7/doxia-sink-api-1.0-alpha-7.jar
2023-09-25 16:11:46,664 [AetherRepositoryConnector-repo.maven.apache.org-0-3] INFO  o.e.m.c.i.e.AbstractTransferListenerAdapter - Downloading https://repo.maven.apache.org/maven2/commons-cli/commons-cli/1.0/commons-cli-1.0.jar
2023-09-25 16:11:46,674 [AetherRepositoryConnector-repo.maven.apache.org-0-2] INFO  o.e.m.c.i.e.AbstractTransferListenerAdapter - Downloading https://repo.maven.apache.org/maven2/org/apache/maven/maven-plugin-descriptor/2.0.6/maven-plugin-descriptor-2.0.6.jar
2023-09-25 16:11:46,695 [AetherRepositoryConnector-repo.maven.apache.org-0-4] INFO  o.e.m.c.i.e.AbstractTransferListenerAdapter - Downloaded https://repo.maven.apache.org/maven2/org/apache/maven/maven-plugin-parameter-documenter/2.0.6/maven-plugin-parameter-documenter-2.0.6.jar
2023-09-25 16:11:46,704 [AetherRepositoryConnector-repo.maven.apache.org-0-3] INFO  o.e.m.c.i.e.AbstractTransferListenerAdapter - Downloaded https://repo.maven.apache.org/maven2/commons-cli/commons-cli/1.0/commons-cli-1.0.jar
2023-09-25 16:11:46,706 [AetherRepositoryConnector-repo.maven.apache.org-0-4] INFO  o.e.m.c.i.e.AbstractTransferListenerAdapter - Downloading https://repo.maven.apache.org/maven2/org/codehaus/plexus/plexus-interactivity-api/1.0-alpha-4/plexus-interactivity-api-1.0-alpha-4.jar
2023-09-25 16:11:46,719 [AetherRepositoryConnector-repo.maven.apache.org-0-3] INFO  o.e.m.c.i.e.AbstractTransferListenerAdapter - Downloading https://repo.maven.apache.org/maven2/org/apache/maven/maven-monitor/2.0.6/maven-monitor-2.0.6.jar
2023-09-25 16:11:46,829 [AetherRepositoryConnector-repo.maven.apache.org-0-0] INFO  o.e.m.c.i.e.AbstractTransferListenerAdapter - Downloaded https://repo.maven.apache.org/maven2/classworlds/classworlds/1.1-alpha-2/classworlds-1.1-alpha-2.jar
2023-09-25 16:11:46,840 [AetherRepositoryConnector-repo.maven.apache.org-0-0] INFO  o.e.m.c.i.e.AbstractTransferListenerAdapter - Downloading https://repo.maven.apache.org/maven2/org/codehaus/plexus/plexus-interpolation/1.15/plexus-interpolation-1.15.jar
2023-09-25 16:11:46,900 [AetherRepositoryConnector-repo.maven.apache.org-0-0] INFO  o.e.m.c.i.e.AbstractTransferListenerAdapter - Downloaded https://repo.maven.apache.org/maven2/org/codehaus/plexus/plexus-interpolation/1.15/plexus-interpolation-1.15.jar
2023-09-25 16:11:46,923 [AetherRepositoryConnector-repo.maven.apache.org-0-0] INFO  o.e.m.c.i.e.AbstractTransferListenerAdapter - Downloading https://repo.maven.apache.org/maven2/org/codehaus/plexus/plexus-archiver/2.1/plexus-archiver-2.1.jar
2023-09-25 16:11:46,929 [AetherRepositoryConnector-repo.maven.apache.org-0-1] INFO  o.e.m.c.i.e.AbstractTransferListenerAdapter - Downloaded https://repo.maven.apache.org/maven2/org/apache/maven/maven-error-diagnostics/2.0.6/maven-error-diagnostics-2.0.6.jar
2023-09-25 16:11:46,941 [AetherRepositoryConnector-repo.maven.apache.org-0-1] INFO  o.e.m.c.i.e.AbstractTransferListenerAdapter - Downloading https://repo.maven.apache.org/maven2/org/codehaus/plexus/plexus-io/2.0.2/plexus-io-2.0.2.jar
2023-09-25 16:11:46,979 [AetherRepositoryConnector-repo.maven.apache.org-0-3] INFO  o.e.m.c.i.e.AbstractTransferListenerAdapter - Downloaded https://repo.maven.apache.org/maven2/org/apache/maven/maven-monitor/2.0.6/maven-monitor-2.0.6.jar
2023-09-25 16:11:46,991 [AetherRepositoryConnector-repo.maven.apache.org-0-0] INFO  o.e.m.c.i.e.AbstractTransferListenerAdapter - Downloaded https://repo.maven.apache.org/maven2/org/codehaus/plexus/plexus-archiver/2.1/plexus-archiver-2.1.jar
2023-09-25 16:11:46,995 [AetherRepositoryConnector-repo.maven.apache.org-0-3] INFO  o.e.m.c.i.e.AbstractTransferListenerAdapter - Downloading https://repo.maven.apache.org/maven2/commons-lang/commons-lang/2.1/commons-lang-2.1.jar
2023-09-25 16:11:46,999 [AetherRepositoryConnector-repo.maven.apache.org-0-1] INFO  o.e.m.c.i.e.AbstractTransferListenerAdapter - Downloaded https://repo.maven.apache.org/maven2/org/codehaus/plexus/plexus-io/2.0.2/plexus-io-2.0.2.jar
2023-09-25 16:11:47,015 [AetherRepositoryConnector-repo.maven.apache.org-0-0] INFO  o.e.m.c.i.e.AbstractTransferListenerAdapter - Downloading https://repo.maven.apache.org/maven2/org/codehaus/plexus/plexus-utils/3.0/plexus-utils-3.0.jar
2023-09-25 16:11:47,032 [AetherRepositoryConnector-repo.maven.apache.org-0-4] INFO  o.e.m.c.i.e.AbstractTransferListenerAdapter - Downloaded https://repo.maven.apache.org/maven2/org/codehaus/plexus/plexus-interactivity-api/1.0-alpha-4/plexus-interactivity-api-1.0-alpha-4.jar
2023-09-25 16:11:47,047 [AetherRepositoryConnector-repo.maven.apache.org-0-3] INFO  o.e.m.c.i.e.AbstractTransferListenerAdapter - Downloaded https://repo.maven.apache.org/maven2/commons-lang/commons-lang/2.1/commons-lang-2.1.jar
2023-09-25 16:11:47,115 [AetherRepositoryConnector-repo.maven.apache.org-0-2] INFO  o.e.m.c.i.e.AbstractTransferListenerAdapter - Downloaded https://repo.maven.apache.org/maven2/org/apache/maven/maven-plugin-descriptor/2.0.6/maven-plugin-descriptor-2.0.6.jar
2023-09-25 16:11:47,134 [AetherRepositoryConnector-repo.maven.apache.org-0-0] INFO  o.e.m.c.i.e.AbstractTransferListenerAdapter - Downloaded https://repo.maven.apache.org/maven2/org/codehaus/plexus/plexus-utils/3.0/plexus-utils-3.0.jar
2023-09-25 16:11:47,950 [Worker-26: Creating java-quickstart] INFO  o.e.m.c.i.e.AbstractTransferListenerAdapter - Downloading https://repo.maven.apache.org/maven2/org/apache/maven/shared/maven-filtering/1.1/maven-filtering-1.1.pom
2023-09-25 16:11:47,992 [Worker-26: Creating java-quickstart] INFO  o.e.m.c.i.e.AbstractTransferListenerAdapter - Downloaded https://repo.maven.apache.org/maven2/org/apache/maven/shared/maven-filtering/1.1/maven-filtering-1.1.pom
2023-09-25 16:11:48,015 [Worker-26: Creating java-quickstart] INFO  o.e.m.c.i.e.AbstractTransferListenerAdapter - Downloading https://repo.maven.apache.org/maven2/org/codehaus/plexus/plexus-interpolation/1.12/plexus-interpolation-1.12.pom
2023-09-25 16:11:48,077 [Worker-26: Creating java-quickstart] INFO  o.e.m.c.i.e.AbstractTransferListenerAdapter - Downloaded https://repo.maven.apache.org/maven2/org/codehaus/plexus/plexus-interpolation/1.12/plexus-interpolation-1.12.pom
2023-09-25 16:11:48,096 [Worker-26: Creating java-quickstart] INFO  o.e.m.c.i.e.AbstractTransferListenerAdapter - Downloading https://repo.maven.apache.org/maven2/org/sonatype/plexus/plexus-build-api/0.0.4/plexus-build-api-0.0.4.pom
2023-09-25 16:11:48,131 [Worker-26: Creating java-quickstart] INFO  o.e.m.c.i.e.AbstractTransferListenerAdapter - Downloaded https://repo.maven.apache.org/maven2/org/sonatype/plexus/plexus-build-api/0.0.4/plexus-build-api-0.0.4.pom
2023-09-25 16:11:48,150 [Worker-26: Creating java-quickstart] INFO  o.e.m.c.i.e.AbstractTransferListenerAdapter - Downloading https://repo.maven.apache.org/maven2/org/sonatype/spice/spice-parent/10/spice-parent-10.pom
2023-09-25 16:11:48,183 [Worker-26: Creating java-quickstart] INFO  o.e.m.c.i.e.AbstractTransferListenerAdapter - Downloaded https://repo.maven.apache.org/maven2/org/sonatype/spice/spice-parent/10/spice-parent-10.pom
2023-09-25 16:11:48,199 [Worker-26: Creating java-quickstart] INFO  o.e.m.c.i.e.AbstractTransferListenerAdapter - Downloading https://repo.maven.apache.org/maven2/org/sonatype/forge/forge-parent/3/forge-parent-3.pom
2023-09-25 16:11:48,265 [Worker-26: Creating java-quickstart] INFO  o.e.m.c.i.e.AbstractTransferListenerAdapter - Downloaded https://repo.maven.apache.org/maven2/org/sonatype/forge/forge-parent/3/forge-parent-3.pom
2023-09-25 16:11:48,289 [Worker-26: Creating java-quickstart] INFO  o.e.m.c.i.e.AbstractTransferListenerAdapter - Downloading https://repo.maven.apache.org/maven2/org/codehaus/plexus/plexus-utils/1.5.8/plexus-utils-1.5.8.pom
2023-09-25 16:11:48,335 [Worker-26: Creating java-quickstart] INFO  o.e.m.c.i.e.AbstractTransferListenerAdapter - Downloaded https://repo.maven.apache.org/maven2/org/codehaus/plexus/plexus-utils/1.5.8/plexus-utils-1.5.8.pom
2023-09-25 16:11:48,367 [Worker-26: Creating java-quickstart] INFO  o.e.m.c.i.e.AbstractTransferListenerAdapter - Downloading https://repo.maven.apache.org/maven2/org/codehaus/plexus/plexus-interpolation/1.13/plexus-interpolation-1.13.pom
2023-09-25 16:11:48,423 [Worker-26: Creating java-quickstart] INFO  o.e.m.c.i.e.AbstractTransferListenerAdapter - Downloaded https://repo.maven.apache.org/maven2/org/codehaus/plexus/plexus-interpolation/1.13/plexus-interpolation-1.13.pom
2023-09-25 16:11:48,439 [Worker-26: Creating java-quickstart] INFO  o.e.m.c.i.e.AbstractTransferListenerAdapter - Downloading https://repo.maven.apache.org/maven2/org/codehaus/plexus/plexus-components/1.1.15/plexus-components-1.1.15.pom
2023-09-25 16:11:48,479 [Worker-26: Creating java-quickstart] INFO  o.e.m.c.i.e.AbstractTransferListenerAdapter - Downloaded https://repo.maven.apache.org/maven2/org/codehaus/plexus/plexus-components/1.1.15/plexus-components-1.1.15.pom
2023-09-25 16:11:48,515 [AetherRepositoryConnector-repo.maven.apache.org-1-2] INFO  o.e.m.c.i.e.AbstractTransferListenerAdapter - Downloading https://repo.maven.apache.org/maven2/org/apache/maven/shared/maven-filtering/1.1/maven-filtering-1.1.jar
2023-09-25 16:11:48,515 [AetherRepositoryConnector-repo.maven.apache.org-1-0] INFO  o.e.m.c.i.e.AbstractTransferListenerAdapter - Downloading https://repo.maven.apache.org/maven2/classworlds/classworlds/1.1/classworlds-1.1.jar
2023-09-25 16:11:48,527 [AetherRepositoryConnector-repo.maven.apache.org-1-4] INFO  o.e.m.c.i.e.AbstractTransferListenerAdapter - Downloading https://repo.maven.apache.org/maven2/org/codehaus/plexus/plexus-interpolation/1.13/plexus-interpolation-1.13.jar
2023-09-25 16:11:48,527 [AetherRepositoryConnector-repo.maven.apache.org-1-1] INFO  o.e.m.c.i.e.AbstractTransferListenerAdapter - Downloading https://repo.maven.apache.org/maven2/org/codehaus/plexus/plexus-utils/2.0.5/plexus-utils-2.0.5.jar
2023-09-25 16:11:48,528 [AetherRepositoryConnector-repo.maven.apache.org-1-3] INFO  o.e.m.c.i.e.AbstractTransferListenerAdapter - Downloading https://repo.maven.apache.org/maven2/org/sonatype/plexus/plexus-build-api/0.0.4/plexus-build-api-0.0.4.jar
2023-09-25 16:11:48,585 [AetherRepositoryConnector-repo.maven.apache.org-1-4] INFO  o.e.m.c.i.e.AbstractTransferListenerAdapter - Downloaded https://repo.maven.apache.org/maven2/org/codehaus/plexus/plexus-interpolation/1.13/plexus-interpolation-1.13.jar
2023-09-25 16:11:48,603 [AetherRepositoryConnector-repo.maven.apache.org-1-1] INFO  o.e.m.c.i.e.AbstractTransferListenerAdapter - Downloaded https://repo.maven.apache.org/maven2/org/codehaus/plexus/plexus-utils/2.0.5/plexus-utils-2.0.5.jar
2023-09-25 16:11:48,682 [AetherRepositoryConnector-repo.maven.apache.org-1-3] INFO  o.e.m.c.i.e.AbstractTransferListenerAdapter - Downloaded https://repo.maven.apache.org/maven2/org/sonatype/plexus/plexus-build-api/0.0.4/plexus-build-api-0.0.4.jar
2023-09-25 16:11:48,941 [AetherRepositoryConnector-repo.maven.apache.org-1-0] INFO  o.e.m.c.i.e.AbstractTransferListenerAdapter - Downloaded https://repo.maven.apache.org/maven2/classworlds/classworlds/1.1/classworlds-1.1.jar
2023-09-25 16:11:48,941 [AetherRepositoryConnector-repo.maven.apache.org-1-2] INFO  o.e.m.c.i.e.AbstractTransferListenerAdapter - Downloaded https://repo.maven.apache.org/maven2/org/apache/maven/shared/maven-filtering/1.1/maven-filtering-1.1.jar
2023-09-25 16:11:49,235 [Worker-26: Creating java-quickstart] INFO  o.e.m.j.i.AbstractJavaProjectConfigurator - Adding source folder /HibEx/src/main/java
2023-09-25 16:11:49,246 [Worker-26: Creating java-quickstart] INFO  o.e.m.j.i.AbstractJavaProjectConfigurator - Adding source folder /HibEx/src/test/java
2023-09-25 16:11:49,385 [Worker-26: Creating java-quickstart] INFO  o.e.m.c.i.p.ProjectConfigurationManager - Imported and configured 1 project(s) in 13 sec
2023-09-25 16:11:49,776 [Worker-29: Building] INFO  o.e.m.c.i.embedder.EclipseLogger - Using 'UTF-8' encoding to copy filtered resources.
2023-09-25 16:11:49,776 [Worker-29: Building] INFO  o.e.m.c.i.embedder.EclipseLogger - skip non existing resourceDirectory C:\Users\anirudhm\eclipse-workspace\Day23\HibEx\src\main\resources
2023-09-25 16:11:49,780 [Worker-29: Building] INFO  o.e.m.c.i.embedder.EclipseLogger - Using 'UTF-8' encoding to copy filtered resources.
2023-09-25 16:11:49,781 [Worker-29: Building] INFO  o.e.m.c.i.embedder.EclipseLogger - skip non existing resourceDirectory C:\Users\anirudhm\eclipse-workspace\Day23\HibEx\src\test\resources
2023-09-25 16:12:05,403 [Worker-29: Building] INFO  o.e.m.c.i.l.LifecycleMappingFactory - Using org.eclipse.m2e.jdt.JarLifecycleMapping lifecycle mapping for MavenProject: infinite:HibEx:0.0.1-SNAPSHOT @ C:\Users\anirudhm\eclipse-workspace\Day23\HibEx\pom.xml.
2023-09-25 16:12:05,808 [Worker-29: Building] INFO  o.e.m.c.i.embedder.EclipseLogger - Using 'UTF-8' encoding to copy filtered resources.
2023-09-25 16:12:05,808 [Worker-29: Building] INFO  o.e.m.c.i.embedder.EclipseLogger - skip non existing resourceDirectory C:\Users\anirudhm\eclipse-workspace\Day23\HibEx\src\main\resources
2023-09-25 16:12:05,811 [Worker-29: Building] INFO  o.e.m.c.i.embedder.EclipseLogger - Using 'UTF-8' encoding to copy filtered resources.
2023-09-25 16:12:05,811 [Worker-29: Building] INFO  o.e.m.c.i.embedder.EclipseLogger - skip non existing resourceDirectory C:\Users\anirudhm\eclipse-workspace\Day23\HibEx\src\test\resources
2023-09-25 16:12:37,003 [Worker-32: Building] INFO  o.e.m.c.i.embedder.EclipseLogger - Using 'UTF-8' encoding to copy filtered resources.
2023-09-25 16:12:37,003 [Worker-32: Building] INFO  o.e.m.c.i.embedder.EclipseLogger - skip non existing resourceDirectory C:\Users\anirudhm\eclipse-workspace\Day23\HibEx\src\main\resources
2023-09-25 16:12:37,006 [Worker-32: Building] INFO  o.e.m.c.i.embedder.EclipseLogger - Using 'UTF-8' encoding to copy filtered resources.
2023-09-25 16:12:37,007 [Worker-32: Building] INFO  o.e.m.c.i.embedder.EclipseLogger - skip non existing resourceDirectory C:\Users\anirudhm\eclipse-workspace\Day23\HibEx\src\test\resources
2023-09-25 16:13:02,651 [main] INFO  org.hibernate.cfg.Environment - Hibernate 3.5.6-Final
2023-09-25 16:13:02,658 [main] INFO  org.hibernate.cfg.Environment - hibernate.properties not found
2023-09-25 16:13:02,661 [main] INFO  org.hibernate.cfg.Environment - Bytecode provider name : javassist
2023-09-25 16:13:02,662 [main] INFO  org.hibernate.cfg.Environment - using JDK 1.4 java.sql.Timestamp handling
2023-09-25 16:15:40,256 [Worker-26: Building] INFO  o.e.m.c.i.embedder.EclipseLogger - Using 'UTF-8' encoding to copy filtered resources.
2023-09-25 16:15:40,256 [Worker-26: Building] INFO  o.e.m.c.i.embedder.EclipseLogger - skip non existing resourceDirectory C:\Users\anirudhm\eclipse-workspace\Day23\HibEx\src\main\resources
2023-09-25 16:15:40,259 [Worker-26: Building] INFO  o.e.m.c.i.embedder.EclipseLogger - Using 'UTF-8' encoding to copy filtered resources.
2023-09-25 16:15:40,260 [Worker-26: Building] INFO  o.e.m.c.i.embedder.EclipseLogger - skip non existing resourceDirectory C:\Users\anirudhm\eclipse-workspace\Day23\HibEx\src\test\resources
2023-09-25 16:17:00,759 [Worker-35: Building] INFO  o.e.m.c.i.embedder.EclipseLogger - Using 'UTF-8' encoding to copy filtered resources.
2023-09-25 16:17:00,760 [Worker-35: Building] INFO  o.e.m.c.i.embedder.EclipseLogger - skip non existing resourceDirectory C:\Users\anirudhm\eclipse-workspace\Day23\HibEx\src\main\resources
2023-09-25 16:17:00,762 [Worker-35: Building] INFO  o.e.m.c.i.embedder.EclipseLogger - Using 'UTF-8' encoding to copy filtered resources.
2023-09-25 16:17:00,762 [Worker-35: Building] INFO  o.e.m.c.i.embedder.EclipseLogger - skip non existing resourceDirectory C:\Users\anirudhm\eclipse-workspace\Day23\HibEx\src\test\resources
2023-09-25 16:17:17,665 [Worker-36: Building] INFO  o.e.m.c.i.embedder.EclipseLogger - Using 'UTF-8' encoding to copy filtered resources.
2023-09-25 16:17:17,666 [Worker-36: Building] INFO  o.e.m.c.i.embedder.EclipseLogger - skip non existing resourceDirectory C:\Users\anirudhm\eclipse-workspace\Day23\HibEx\src\main\resources
2023-09-25 16:17:17,668 [Worker-36: Building] INFO  o.e.m.c.i.embedder.EclipseLogger - Using 'UTF-8' encoding to copy filtered resources.
2023-09-25 16:17:17,669 [Worker-36: Building] INFO  o.e.m.c.i.embedder.EclipseLogger - skip non existing resourceDirectory C:\Users\anirudhm\eclipse-workspace\Day23\HibEx\src\test\resources
2023-09-25 16:18:31,689 [Worker-26: Building] INFO  o.e.m.c.i.embedder.EclipseLogger - Using 'UTF-8' encoding to copy filtered resources.
2023-09-25 16:18:31,690 [Worker-26: Building] INFO  o.e.m.c.i.embedder.EclipseLogger - skip non existing resourceDirectory C:\Users\anirudhm\eclipse-workspace\Day23\HibEx\src\main\resources
2023-09-25 16:18:31,695 [Worker-26: Building] INFO  o.e.m.c.i.embedder.EclipseLogger - Using 'UTF-8' encoding to copy filtered resources.
2023-09-25 16:18:31,696 [Worker-26: Building] INFO  o.e.m.c.i.embedder.EclipseLogger - skip non existing resourceDirectory C:\Users\anirudhm\eclipse-workspace\Day23\HibEx\src\test\resources
2023-09-25 16:19:48,040 [Worker-35: Building] INFO  o.e.m.c.i.embedder.EclipseLogger - Using 'UTF-8' encoding to copy filtered resources.
2023-09-25 16:19:48,041 [Worker-35: Building] INFO  o.e.m.c.i.embedder.EclipseLogger - skip non existing resourceDirectory C:\Users\anirudhm\eclipse-workspace\Day23\HibEx\src\main\resources
2023-09-25 16:19:48,045 [Worker-35: Building] INFO  o.e.m.c.i.embedder.EclipseLogger - Using 'UTF-8' encoding to copy filtered resources.
2023-09-25 16:19:48,046 [Worker-35: Building] INFO  o.e.m.c.i.embedder.EclipseLogger - skip non existing resourceDirectory C:\Users\anirudhm\eclipse-workspace\Day23\HibEx\src\test\resources
2023-09-25 16:21:52,388 [Worker-26: Building] INFO  o.e.m.c.i.embedder.EclipseLogger - Using 'UTF-8' encoding to copy filtered resources.
2023-09-25 16:21:52,388 [Worker-26: Building] INFO  o.e.m.c.i.embedder.EclipseLogger - skip non existing resourceDirectory C:\Users\anirudhm\eclipse-workspace\Day23\HibEx\src\main\resources
2023-09-25 16:21:52,392 [Worker-26: Building] INFO  o.e.m.c.i.embedder.EclipseLogger - Using 'UTF-8' encoding to copy filtered resources.
2023-09-25 16:21:52,392 [Worker-26: Building] INFO  o.e.m.c.i.embedder.EclipseLogger - skip non existing resourceDirectory C:\Users\anirudhm\eclipse-workspace\Day23\HibEx\src\test\resources
2023-09-25 16:21:59,159 [Worker-36: Updating Maven Project] INFO  o.e.m.c.i.p.ProjectConfigurationManager - Update started
2023-09-25 16:22:05,386 [Worker-36: Updating Maven Project] INFO  o.e.m.c.i.l.LifecycleMappingFactory - Using org.eclipse.m2e.jdt.JarLifecycleMapping lifecycle mapping for MavenProject: infinite:HibEx:0.0.1-SNAPSHOT @ C:\Users\anirudhm\eclipse-workspace\Day23\HibEx\pom.xml.
2023-09-25 16:22:07,414 [Worker-36: Updating Maven Project] INFO  o.e.m.j.i.AbstractJavaProjectConfigurator - Adding source folder /HibEx/src/main/java
2023-09-25 16:22:07,415 [Worker-36: Updating Maven Project] INFO  o.e.m.j.i.AbstractJavaProjectConfigurator - Adding source folder /HibEx/src/test/java
2023-09-25 16:22:07,506 [Worker-36: Updating Maven Project] INFO  o.e.m.c.i.p.ProjectConfigurationManager - Update completed for 1 poms: local refresh takes 0.00 sec, refresh facades takes 7.00 sec, update config takes 0.00 sec 
2023-09-25 16:22:07,846 [Worker-30: Building] INFO  o.e.m.c.i.embedder.EclipseLogger - Using 'UTF-8' encoding to copy filtered resources.
2023-09-25 16:22:07,846 [Worker-30: Building] INFO  o.e.m.c.i.embedder.EclipseLogger - skip non existing resourceDirectory C:\Users\anirudhm\eclipse-workspace\Day23\HibEx\src\main\resources
2023-09-25 16:22:07,850 [Worker-30: Building] INFO  o.e.m.c.i.embedder.EclipseLogger - Using 'UTF-8' encoding to copy filtered resources.
2023-09-25 16:22:07,850 [Worker-30: Building] INFO  o.e.m.c.i.embedder.EclipseLogger - skip non existing resourceDirectory C:\Users\anirudhm\eclipse-workspace\Day23\HibEx\src\test\resources
2023-09-25 16:22:34,048 [main] INFO  o.e.m2e.actions.ExecutePomAction - Creating new launch configuration
2023-09-25 16:22:39,441 [Worker-36: Launching HibEx] INFO  o.e.m.i.launch.MavenLaunchDelegate - Run build in "C:\Users\anirudhm\eclipse-workspace\Day23\HibEx":
2023-09-25 16:22:39,442 [Worker-36: Launching HibEx] INFO  o.e.m.i.launch.MavenLaunchDelegate -  mvn  -B -Dstyle.color=always clean package
2023-09-25 16:23:48,676 [Worker-35: Building] INFO  o.e.m.c.i.embedder.EclipseLogger - Using 'UTF-8' encoding to copy filtered resources.
2023-09-25 16:23:48,677 [Worker-35: Building] INFO  o.e.m.c.i.embedder.EclipseLogger - skip non existing resourceDirectory C:\Users\anirudhm\eclipse-workspace\Day23\HibEx\src\main\resources
2023-09-25 16:23:48,678 [Worker-35: Building] INFO  o.e.m.c.i.embedder.EclipseLogger - Using 'UTF-8' encoding to copy filtered resources.
2023-09-25 16:23:48,679 [Worker-35: Building] INFO  o.e.m.c.i.embedder.EclipseLogger - skip non existing resourceDirectory C:\Users\anirudhm\eclipse-workspace\Day23\HibEx\src\test\resources
2023-09-25 16:24:17,652 [Worker-36: Building] INFO  o.e.m.c.i.embedder.EclipseLogger - Using 'UTF-8' encoding to copy filtered resources.
2023-09-25 16:24:17,652 [Worker-36: Building] INFO  o.e.m.c.i.embedder.EclipseLogger - skip non existing resourceDirectory C:\Users\anirudhm\eclipse-workspace\Day23\HibEx\src\main\resources
2023-09-25 16:24:17,654 [Worker-36: Building] INFO  o.e.m.c.i.embedder.EclipseLogger - Using 'UTF-8' encoding to copy filtered resources.
2023-09-25 16:24:17,655 [Worker-36: Building] INFO  o.e.m.c.i.embedder.EclipseLogger - skip non existing resourceDirectory C:\Users\anirudhm\eclipse-workspace\Day23\HibEx\src\test\resources
2023-09-25 16:50:42,887 [Worker-41: Building] INFO  o.e.m.c.i.embedder.EclipseLogger - Using 'UTF-8' encoding to copy filtered resources.
2023-09-25 16:50:42,887 [Worker-41: Building] INFO  o.e.m.c.i.embedder.EclipseLogger - skip non existing resourceDirectory C:\Users\anirudhm\eclipse-workspace\Day23\HibEx\src\main\resources
2023-09-25 16:50:42,889 [Worker-41: Building] INFO  o.e.m.c.i.embedder.EclipseLogger - Using 'UTF-8' encoding to copy filtered resources.
2023-09-25 16:50:42,889 [Worker-41: Building] INFO  o.e.m.c.i.embedder.EclipseLogger - skip non existing resourceDirectory C:\Users\anirudhm\eclipse-workspace\Day23\HibEx\src\test\resources
2023-09-25 16:51:12,586 [Worker-42: Building] INFO  o.e.m.c.i.embedder.EclipseLogger - Using 'UTF-8' encoding to copy filtered resources.
2023-09-25 16:51:12,587 [Worker-42: Building] INFO  o.e.m.c.i.embedder.EclipseLogger - skip non existing resourceDirectory C:\Users\anirudhm\eclipse-workspace\Day23\HibEx\src\main\resources
2023-09-25 16:51:12,601 [Worker-42: Building] INFO  o.e.m.c.i.embedder.EclipseLogger - Using 'UTF-8' encoding to copy filtered resources.
2023-09-25 16:51:12,601 [Worker-42: Building] INFO  o.e.m.c.i.embedder.EclipseLogger - skip non existing resourceDirectory C:\Users\anirudhm\eclipse-workspace\Day23\HibEx\src\test\resources
2023-09-25 16:58:10,367 [Worker-45: Building] INFO  o.e.m.c.i.embedder.EclipseLogger - Using 'UTF-8' encoding to copy filtered resources.
2023-09-25 16:58:10,368 [Worker-45: Building] INFO  o.e.m.c.i.embedder.EclipseLogger - skip non existing resourceDirectory C:\Users\anirudhm\eclipse-workspace\Day23\HibEx\src\main\resources
2023-09-25 16:58:10,369 [Worker-45: Building] INFO  o.e.m.c.i.embedder.EclipseLogger - Using 'UTF-8' encoding to copy filtered resources.
2023-09-25 16:58:10,370 [Worker-45: Building] INFO  o.e.m.c.i.embedder.EclipseLogger - skip non existing resourceDirectory C:\Users\anirudhm\eclipse-workspace\Day23\HibEx\src\test\resources
2023-09-25 16:59:42,845 [Worker-48: Building] INFO  o.e.m.c.i.embedder.EclipseLogger - Using 'UTF-8' encoding to copy filtered resources.
2023-09-25 16:59:42,845 [Worker-48: Building] INFO  o.e.m.c.i.embedder.EclipseLogger - skip non existing resourceDirectory C:\Users\anirudhm\eclipse-workspace\Day23\HibEx\src\main\resources
2023-09-25 16:59:42,848 [Worker-48: Building] INFO  o.e.m.c.i.embedder.EclipseLogger - Using 'UTF-8' encoding to copy filtered resources.
2023-09-25 16:59:42,849 [Worker-48: Building] INFO  o.e.m.c.i.embedder.EclipseLogger - skip non existing resourceDirectory C:\Users\anirudhm\eclipse-workspace\Day23\HibEx\src\test\resources
2023-09-25 17:00:18,643 [Worker-49: Building] INFO  o.e.m.c.i.embedder.EclipseLogger - Using 'UTF-8' encoding to copy filtered resources.
2023-09-25 17:00:18,643 [Worker-49: Building] INFO  o.e.m.c.i.embedder.EclipseLogger - skip non existing resourceDirectory C:\Users\anirudhm\eclipse-workspace\Day23\HibEx\src\main\resources
2023-09-25 17:00:18,646 [Worker-49: Building] INFO  o.e.m.c.i.embedder.EclipseLogger - Using 'UTF-8' encoding to copy filtered resources.
2023-09-25 17:00:18,646 [Worker-49: Building] INFO  o.e.m.c.i.embedder.EclipseLogger - skip non existing resourceDirectory C:\Users\anirudhm\eclipse-workspace\Day23\HibEx\src\test\resources
2023-09-25 17:14:48,739 [Worker-48: Building] INFO  o.e.m.c.i.embedder.EclipseLogger - Using 'UTF-8' encoding to copy filtered resources.
2023-09-25 17:14:48,740 [Worker-48: Building] INFO  o.e.m.c.i.embedder.EclipseLogger - skip non existing resourceDirectory C:\Users\anirudhm\eclipse-workspace\Day23\HibEx\src\main\resources
2023-09-25 17:14:48,743 [Worker-48: Building] INFO  o.e.m.c.i.embedder.EclipseLogger - Using 'UTF-8' encoding to copy filtered resources.
2023-09-25 17:14:48,744 [Worker-48: Building] INFO  o.e.m.c.i.embedder.EclipseLogger - skip non existing resourceDirectory C:\Users\anirudhm\eclipse-workspace\Day23\HibEx\src\test\resources
2023-09-25 17:16:07,021 [Worker-46: Building] INFO  o.e.m.c.i.embedder.EclipseLogger - Using 'UTF-8' encoding to copy filtered resources.
2023-09-25 17:16:07,022 [Worker-46: Building] INFO  o.e.m.c.i.embedder.EclipseLogger - skip non existing resourceDirectory C:\Users\anirudhm\eclipse-workspace\Day23\HibEx\src\main\resources
2023-09-25 17:16:07,024 [Worker-46: Building] INFO  o.e.m.c.i.embedder.EclipseLogger - Using 'UTF-8' encoding to copy filtered resources.
2023-09-25 17:16:07,024 [Worker-46: Building] INFO  o.e.m.c.i.embedder.EclipseLogger - skip non existing resourceDirectory C:\Users\anirudhm\eclipse-workspace\Day23\HibEx\src\test\resources
2023-09-25 17:19:53,125 [Worker-54: Building] INFO  o.e.m.c.i.embedder.EclipseLogger - Using 'UTF-8' encoding to copy filtered resources.
2023-09-25 17:19:53,126 [Worker-54: Building] INFO  o.e.m.c.i.embedder.EclipseLogger - skip non existing resourceDirectory C:\Users\anirudhm\eclipse-workspace\Day23\HibEx\src\main\resources
2023-09-25 17:19:53,128 [Worker-54: Building] INFO  o.e.m.c.i.embedder.EclipseLogger - Using 'UTF-8' encoding to copy filtered resources.
2023-09-25 17:19:53,129 [Worker-54: Building] INFO  o.e.m.c.i.embedder.EclipseLogger - skip non existing resourceDirectory C:\Users\anirudhm\eclipse-workspace\Day23\HibEx\src\test\resources
2023-09-26 19:17:39,062 [Worker-0: Loading available Gradle versions] INFO  o.e.b.c.i.u.g.PublishedGradleVersions - Gradle version information cache is out-of-date. Trying to update.
